[35m[Appium][39m Welcome to Appium v1.22.3
[35m[Appium][39m Non-default server args:
[35m[Appium][39m   port: 58069
[35m[Appium][39m   loglevel: info
[35m[Appium][39m   tmpDir: C:\Users\Asus\AppData\Local\Temp\\Katalon\Appium\Temp1670577849191
[35m[Appium][39m   chromedriverPort: 58070
[35m[Appium][39m Deprecated server args:
[35m[Appium][39m   [31m--chromedriver-port[39m => --default-capabilities
[35m[Appium][39m Default capabilities, which will be added to each request unless overridden by desired capabilities:
[35m[Appium][39m   chromedriverPort: 58070
[35m[Appium][39m Appium REST http interface listener started on 0.0.0.0:58069
[35m[HTTP][39m [37m-->[39m [37mGET[39m [37m/wd/hub/status[39m
[35m[HTTP][39m [90m{}[39m
[35m[HTTP][39m [37m<-- GET /wd/hub/status [39m[32m200[39m [90m8 ms - 68[39m
[35m[HTTP][39m [90m[39m
[35m[HTTP][39m [37m-->[39m [37mGET[39m [37m/wd/hub/status[39m
[35m[HTTP][39m [90m{}[39m
[35m[HTTP][39m [37m<-- GET /wd/hub/status [39m[32m200[39m [90m2 ms - 68[39m
[35m[HTTP][39m [90m[39m
[35m[HTTP][39m [37m-->[39m [37mPOST[39m [37m/wd/hub/session[39m
[35m[HTTP][39m [90m{"desiredCapabilities":{"app":"E:\\SEMESTER 7\\MBKM\\Capstone Project\\CICD\\Aplikasi\\app-release.apk","noReset":true,"deviceName":"Xiaomi Redmi Note 9 Pro (Android 11)","fullReset":false,"platform":"ANDROID","newCommandTimeout":1800,"platformVersion":"11","automationName":"uiautomator2","autoGrantPermissions":true,"platformName":"Android","udid":"9821f742","systemPort":58074},"capabilities":{"firstMatch":[{"appium:app":"E:\\SEMESTER 7\\MBKM\\Capstone Project\\CICD\\Aplikasi\\app-release.apk","appium:autoGrantPermissions":true,"appium:automationName":"uiautomator2","appium:deviceName":"Xiaomi Redmi Note 9 Pro (Android 11)","appium:fullReset":false,"appium:newCommandTimeout":1800,"appium:noReset":true,"platform":"ANDROID","platformName":"android","appium:platformVersion":"11","appium:systemPort":58074,"appium:udid":"9821f742"}]}}[39m
[35m[BaseDriver][39m The following capabilities are not standard capabilities and should have an extension prefix:
[35m[BaseDriver][39m   platform
[35m[BaseDriver][39m   chromedriverPort
[35m[Appium][39m Appium v1.22.3 creating new AndroidUiautomator2Driver (v1.70.1) session
[35m[BaseDriver][39m The following capabilities were provided, but are not recognized by Appium:
[35m[BaseDriver][39m   platform
[35m[BaseDriver][39m Session created with session id: 1077741e-c27f-4c12-9b7c-ff6ae488d12b
[35m[BaseDriver][39m Using local app 'E:\SEMESTER 7\MBKM\Capstone Project\CICD\Aplikasi\app-release.apk'
[35m[ADB][39m Found 2 'build-tools' folders under 'C:\Users\Asus\AppData\Local\Android\Sdk' (newest first):
[35m[ADB][39m     C:/Users/Asus/AppData/Local/Android/Sdk/build-tools/33.0.0
[35m[ADB][39m     C:/Users/Asus/AppData/Local/Android/Sdk/build-tools/30.0.3
[35m[ADB][39m Using 'adb.exe' from 'C:\Users\Asus\AppData\Local\Android\Sdk\platform-tools\adb.exe'
[35m[AndroidDriver][39m Retrieving device list
[35m[AndroidDriver][39m Using device: 9821f742
[35m[ADB][39m Using 'adb.exe' from 'C:\Users\Asus\AppData\Local\Android\Sdk\platform-tools\adb.exe'
[35m[ADB][39m Getting device platform version
[35m[UiAutomator2][39m Relaxing hidden api policy
[35m[ADB][39m Package name: 'com.example.flutter_capstone_6'
[35m[ADB][39m Main activity name: 'com.example.flutter_capstone_6.MainActivity'
[35m[ADB][39m Using 'apksigner.jar' from 'C:\Users\Asus\AppData\Local\Android\Sdk\build-tools\33.0.0\lib\apksigner.jar'
[35m[ADB][39m 'C:\Users\Asus\AppData\Roaming\npm\node_modules\appium\node_modules\appium-uiautomator2-server\apks\appium-uiautomator2-server-v4.27.0.apk' is signed with the default certificate
[35m[ADB][39m 'C:\Users\Asus\AppData\Roaming\npm\node_modules\appium\node_modules\appium-uiautomator2-server\apks\appium-uiautomator2-server-debug-androidTest.apk' is signed with the default certificate
[35m[UiAutomator2][39m Server packages are not going to be (re)installed
[35m[ADB][39m Adding packages ["io.appium.settings","io.appium.uiautomator2.server","io.appium.uiautomator2.server.test"] to Doze whitelist
[35m[ADB][39m 'E:\SEMESTER 7\MBKM\Capstone Project\CICD\Aplikasi\app-release.apk' is signed with a non-default certificate
[35m[ADB][39m The application at 'E:\SEMESTER 7\MBKM\Capstone Project\CICD\Aplikasi\app-release.apk' will not be cached, because the device under test has confirmed the support of streamed installs
[35m[ADB][39m The installation of 'app-release.apk' took 7081ms
[35m[UiAutomator2][39m Starting UIAutomator2 server 4.27.0
[35m[UiAutomator2][39m Using UIAutomator2 server from 'C:\Users\Asus\AppData\Roaming\npm\node_modules\appium\node_modules\appium-uiautomator2-server\apks\appium-uiautomator2-server-v4.27.0.apk' and test from 'C:\Users\Asus\AppData\Roaming\npm\node_modules\appium\node_modules\appium-uiautomator2-server\apks\appium-uiautomator2-server-debug-androidTest.apk'
[35m[UiAutomator2][39m Waiting up to 30000ms for UiAutomator2 to be online...
[35m[WD Proxy][39m socket hang up
[35m[WD Proxy][39m socket hang up
[35m[WD Proxy][39m socket hang up
[35m[WD Proxy][39m Determined the downstream protocol as 'W3C'
[35m[AndroidDriver][39m Screen already unlocked, doing nothing
[35m[UiAutomator2][39m Starting 'com.example.flutter_capstone_6/com.example.flutter_capstone_6.MainActivity and waiting for 'com.example.flutter_capstone_6/com.example.flutter_capstone_6.MainActivity'
[35m[Appium][39m New AndroidUiautomator2Driver session created successfully, session 1077741e-c27f-4c12-9b7c-ff6ae488d12b added to master session list
[35m[HTTP][39m [37m<-- POST /wd/hub/session [39m[32m200[39m [90m16277 ms - 1311[39m
[35m[HTTP][39m [90m[39m
[35m[HTTP][39m [37m-->[39m [37mGET[39m [37m/wd/hub/session/1077741e-c27f-4c12-9b7c-ff6ae488d12b[39m
[35m[HTTP][39m [90m{}[39m
[35m[HTTP][39m [37m<-- GET /wd/hub/session/1077741e-c27f-4c12-9b7c-ff6ae488d12b [39m[32m200[39m [90m16 ms - 1265[39m
[35m[HTTP][39m [90m[39m
[35m[HTTP][39m [37m-->[39m [37mGET[39m [37m/wd/hub/session/1077741e-c27f-4c12-9b7c-ff6ae488d12b[39m
[35m[HTTP][39m [90m{}[39m
[35m[HTTP][39m [37m<-- GET /wd/hub/session/1077741e-c27f-4c12-9b7c-ff6ae488d12b [39m[32m200[39m [90m12 ms - 1265[39m
[35m[HTTP][39m [90m[39m
[35m[HTTP][39m [37m-->[39m [37mGET[39m [37m/wd/hub/status[39m
[35m[HTTP][39m [90m{}[39m
[35m[HTTP][39m [37m<-- GET /wd/hub/status [39m[32m200[39m [90m1 ms - 68[39m
[35m[HTTP][39m [90m[39m
[35m[HTTP][39m [37m-->[39m [37mPOST[39m [37m/wd/hub/session/1077741e-c27f-4c12-9b7c-ff6ae488d12b/timeouts[39m
[35m[HTTP][39m [90m{"implicit":60000}[39m
[35m[HTTP][39m [37m<-- POST /wd/hub/session/1077741e-c27f-4c12-9b7c-ff6ae488d12b/timeouts [39m[32m200[39m [90m2 ms - 14[39m
[35m[HTTP][39m [90m[39m
[35m[HTTP][39m [37m-->[39m [37mGET[39m [37m/wd/hub/session/1077741e-c27f-4c12-9b7c-ff6ae488d12b/source[39m
[35m[HTTP][39m [90m{}[39m
[35m[W3C (1077741e)][39m Driver proxy active, passing request on via HTTP proxy
[35m[WD Proxy][39m Replacing sessionId 00b99366-e664-49cb-86fc-9cf6e8fc21fb with 1077741e-c27f-4c12-9b7c-ff6ae488d12b
[35m[HTTP][39m [37m<-- GET /wd/hub/session/1077741e-c27f-4c12-9b7c-ff6ae488d12b/source [39m[32m200[39m [90m362 ms - 4484[39m
[35m[HTTP][39m [90m[39m
[35m[HTTP][39m [37m-->[39m [37mGET[39m [37m/wd/hub/session/1077741e-c27f-4c12-9b7c-ff6ae488d12b/screenshot[39m
[35m[HTTP][39m [90m{}[39m
[35m[HTTP][39m [37m<-- GET /wd/hub/session/1077741e-c27f-4c12-9b7c-ff6ae488d12b/screenshot [39m[32m200[39m [90m311 ms - 55746[39m
[35m[HTTP][39m [90m[39m
[35m[HTTP][39m [37m-->[39m [37mGET[39m [37m/wd/hub/session/1077741e-c27f-4c12-9b7c-ff6ae488d12b/source[39m
[35m[HTTP][39m [90m{}[39m
[35m[W3C (1077741e)][39m Driver proxy active, passing request on via HTTP proxy
[35m[WD Proxy][39m Replacing sessionId 00b99366-e664-49cb-86fc-9cf6e8fc21fb with 1077741e-c27f-4c12-9b7c-ff6ae488d12b
[35m[HTTP][39m [37m<-- GET /wd/hub/session/1077741e-c27f-4c12-9b7c-ff6ae488d12b/source [39m[32m200[39m [90m109 ms - 7754[39m
[35m[HTTP][39m [90m[39m
[35m[HTTP][39m [37m-->[39m [37mGET[39m [37m/wd/hub/session/1077741e-c27f-4c12-9b7c-ff6ae488d12b/screenshot[39m
[35m[HTTP][39m [90m{}[39m
[35m[HTTP][39m [37m<-- GET /wd/hub/session/1077741e-c27f-4c12-9b7c-ff6ae488d12b/screenshot [39m[32m200[39m [90m486 ms - 284220[39m
[35m[HTTP][39m [90m[39m
[35m[HTTP][39m [37m-->[39m [37mPOST[39m [37m/wd/hub/session/1077741e-c27f-4c12-9b7c-ff6ae488d12b/elements[39m
[35m[HTTP][39m [90m{"using":"xpath","value":"//*[@class = 'android.view.View' and @resource-id = '' and (@text = '' or . = '')]"}[39m
[35m[HTTP][39m [37m<-- POST /wd/hub/session/1077741e-c27f-4c12-9b7c-ff6ae488d12b/elements [39m[32m200[39m [90m325 ms - 1163[39m
[35m[HTTP][39m [90m[39m
[35m[HTTP][39m [37m-->[39m [37mPOST[39m [37m/wd/hub/session/1077741e-c27f-4c12-9b7c-ff6ae488d12b/elements[39m
[35m[HTTP][39m [90m{"using":"accessibility id","value":" Login"}[39m
[35m[HTTP][39m [37m<-- POST /wd/hub/session/1077741e-c27f-4c12-9b7c-ff6ae488d12b/elements [39m[32m200[39m [90m40 ms - 139[39m
[35m[HTTP][39m [90m[39m
[35m[HTTP][39m [37m-->[39m [37mGET[39m [37m/wd/hub/session/1077741e-c27f-4c12-9b7c-ff6ae488d12b/window/rect[39m
[35m[HTTP][39m [90m{}[39m
[35m[HTTP][39m [37m<-- GET /wd/hub/session/1077741e-c27f-4c12-9b7c-ff6ae488d12b/window/rect [39m[32m200[39m [90m19 ms - 50[39m
[35m[HTTP][39m [90m[39m
[35m[HTTP][39m [37m-->[39m [37mPOST[39m [37m/wd/hub/session/1077741e-c27f-4c12-9b7c-ff6ae488d12b/elements[39m
[35m[HTTP][39m [90m{"using":"accessibility id","value":" Login"}[39m
[35m[HTTP][39m [37m<-- POST /wd/hub/session/1077741e-c27f-4c12-9b7c-ff6ae488d12b/elements [39m[32m200[39m [90m53 ms - 139[39m
[35m[HTTP][39m [90m[39m
[35m[HTTP][39m [37m-->[39m [37mGET[39m [37m/wd/hub/session/1077741e-c27f-4c12-9b7c-ff6ae488d12b/element/00000000-0000-0209-0000-001000000003/location[39m
[35m[HTTP][39m [90m{}[39m
[35m[W3C (1077741e)][39m Driver proxy active, passing request on via HTTP proxy
[35m[WD Proxy][39m Replacing sessionId 00b99366-e664-49cb-86fc-9cf6e8fc21fb with 1077741e-c27f-4c12-9b7c-ff6ae488d12b
[35m[HTTP][39m [37m<-- GET /wd/hub/session/1077741e-c27f-4c12-9b7c-ff6ae488d12b/element/00000000-0000-0209-0000-001000000003/location [39m[32m200[39m [90m50 ms - 79[39m
[35m[HTTP][39m [90m[39m
[35m[HTTP][39m [37m-->[39m [37mPOST[39m [37m/wd/hub/session/1077741e-c27f-4c12-9b7c-ff6ae488d12b/element/00000000-0000-0209-0000-001000000003/click[39m
[35m[HTTP][39m [90m{"id":"00000000-0000-0209-0000-001000000003"}[39m
[35m[HTTP][39m [37m<-- POST /wd/hub/session/1077741e-c27f-4c12-9b7c-ff6ae488d12b/element/00000000-0000-0209-0000-001000000003/click [39m[32m200[39m [90m898 ms - 14[39m
[35m[HTTP][39m [90m[39m
[35m[HTTP][39m [37m-->[39m [37mGET[39m [37m/wd/hub/session/1077741e-c27f-4c12-9b7c-ff6ae488d12b/source[39m
[35m[HTTP][39m [90m{}[39m
[35m[W3C (1077741e)][39m Driver proxy active, passing request on via HTTP proxy
[35m[WD Proxy][39m Replacing sessionId 00b99366-e664-49cb-86fc-9cf6e8fc21fb with 1077741e-c27f-4c12-9b7c-ff6ae488d12b
[35m[HTTP][39m [37m<-- GET /wd/hub/session/1077741e-c27f-4c12-9b7c-ff6ae488d12b/source [39m[32m200[39m [90m101 ms - 8051[39m
[35m[HTTP][39m [90m[39m
[35m[HTTP][39m [37m-->[39m [37mGET[39m [37m/wd/hub/session/1077741e-c27f-4c12-9b7c-ff6ae488d12b/screenshot[39m
[35m[HTTP][39m [90m{}[39m
[35m[HTTP][39m [37m<-- GET /wd/hub/session/1077741e-c27f-4c12-9b7c-ff6ae488d12b/screenshot [39m[32m200[39m [90m507 ms - 248402[39m
[35m[HTTP][39m [90m[39m
[35m[HTTP][39m [37m-->[39m [37mPOST[39m [37m/wd/hub/session/1077741e-c27f-4c12-9b7c-ff6ae488d12b/elements[39m
[35m[HTTP][39m [90m{"using":"xpath","value":"//*[@class = 'android.widget.EditText' and (@text = 'email address' or . = 'email address') and @resource-id = '']"}[39m
[35m[HTTP][39m [37m<-- POST /wd/hub/session/1077741e-c27f-4c12-9b7c-ff6ae488d12b/elements [39m[32m200[39m [90m124 ms - 139[39m
[35m[HTTP][39m [90m[39m
[35m[HTTP][39m [37m-->[39m [37mGET[39m [37m/wd/hub/session/1077741e-c27f-4c12-9b7c-ff6ae488d12b/window/rect[39m
[35m[HTTP][39m [90m{}[39m
[35m[HTTP][39m [37m<-- GET /wd/hub/session/1077741e-c27f-4c12-9b7c-ff6ae488d12b/window/rect [39m[32m200[39m [90m21 ms - 50[39m
[35m[HTTP][39m [90m[39m
[35m[HTTP][39m [37m-->[39m [37mPOST[39m [37m/wd/hub/session/1077741e-c27f-4c12-9b7c-ff6ae488d12b/elements[39m
[35m[HTTP][39m [90m{"using":"xpath","value":"//*[@class = 'android.widget.EditText' and (@text = 'email address' or . = 'email address') and @resource-id = '']"}[39m
[35m[HTTP][39m [37m<-- POST /wd/hub/session/1077741e-c27f-4c12-9b7c-ff6ae488d12b/elements [39m[32m200[39m [90m100 ms - 139[39m
[35m[HTTP][39m [90m[39m
[35m[HTTP][39m [37m-->[39m [37mGET[39m [37m/wd/hub/session/1077741e-c27f-4c12-9b7c-ff6ae488d12b/element/00000000-0000-0209-0000-001b00000003/location[39m
[35m[HTTP][39m [90m{}[39m
[35m[W3C (1077741e)][39m Driver proxy active, passing request on via HTTP proxy
[35m[WD Proxy][39m Replacing sessionId 00b99366-e664-49cb-86fc-9cf6e8fc21fb with 1077741e-c27f-4c12-9b7c-ff6ae488d12b
[35m[HTTP][39m [37m<-- GET /wd/hub/session/1077741e-c27f-4c12-9b7c-ff6ae488d12b/element/00000000-0000-0209-0000-001b00000003/location [39m[32m200[39m [90m18 ms - 78[39m
[35m[HTTP][39m [90m[39m
[35m[HTTP][39m [37m-->[39m [37mPOST[39m [37m/wd/hub/session/1077741e-c27f-4c12-9b7c-ff6ae488d12b/element/00000000-0000-0209-0000-001b00000003/click[39m
[35m[HTTP][39m [90m{"id":"00000000-0000-0209-0000-001b00000003"}[39m
[35m[HTTP][39m [37m<-- POST /wd/hub/session/1077741e-c27f-4c12-9b7c-ff6ae488d12b/element/00000000-0000-0209-0000-001b00000003/click [39m[32m200[39m [90m68 ms - 14[39m
[35m[HTTP][39m [90m[39m
[35m[HTTP][39m [37m-->[39m [37mGET[39m [37m/wd/hub/session/1077741e-c27f-4c12-9b7c-ff6ae488d12b/source[39m
[35m[HTTP][39m [90m{}[39m
[35m[W3C (1077741e)][39m Driver proxy active, passing request on via HTTP proxy
[35m[WD Proxy][39m Replacing sessionId 00b99366-e664-49cb-86fc-9cf6e8fc21fb with 1077741e-c27f-4c12-9b7c-ff6ae488d12b
[35m[HTTP][39m [37m<-- GET /wd/hub/session/1077741e-c27f-4c12-9b7c-ff6ae488d12b/source [39m[32m200[39m [90m457 ms - 6762[39m
[35m[HTTP][39m [90m[39m
[35m[HTTP][39m [37m-->[39m [37mGET[39m [37m/wd/hub/session/1077741e-c27f-4c12-9b7c-ff6ae488d12b/screenshot[39m
[35m[HTTP][39m [90m{}[39m
[35m[HTTP][39m [37m<-- GET /wd/hub/session/1077741e-c27f-4c12-9b7c-ff6ae488d12b/screenshot [39m[32m200[39m [90m470 ms - 296618[39m
[35m[HTTP][39m [90m[39m
[35m[HTTP][39m [37m-->[39m [37mPOST[39m [37m/wd/hub/session/1077741e-c27f-4c12-9b7c-ff6ae488d12b/elements[39m
[35m[HTTP][39m [90m{"using":"xpath","value":"//*[@class = 'android.widget.EditText' and @resource-id = '' and (@text = '' or . = '')]"}[39m
[35m[HTTP][39m [37m<-- POST /wd/hub/session/1077741e-c27f-4c12-9b7c-ff6ae488d12b/elements [39m[32m200[39m [90m108 ms - 139[39m
[35m[HTTP][39m [90m[39m
[35m[HTTP][39m [37m-->[39m [37mGET[39m [37m/wd/hub/session/1077741e-c27f-4c12-9b7c-ff6ae488d12b/window/rect[39m
[35m[HTTP][39m [90m{}[39m
[35m[HTTP][39m [37m<-- GET /wd/hub/session/1077741e-c27f-4c12-9b7c-ff6ae488d12b/window/rect [39m[32m200[39m [90m11 ms - 50[39m
[35m[HTTP][39m [90m[39m
[35m[HTTP][39m [37m-->[39m [37mPOST[39m [37m/wd/hub/session/1077741e-c27f-4c12-9b7c-ff6ae488d12b/elements[39m
[35m[HTTP][39m [90m{"using":"xpath","value":"//*[@class = 'android.widget.EditText' and @resource-id = '' and (@text = '' or . = '')]"}[39m
[35m[HTTP][39m [37m<-- POST /wd/hub/session/1077741e-c27f-4c12-9b7c-ff6ae488d12b/elements [39m[32m200[39m [90m98 ms - 139[39m
[35m[HTTP][39m [90m[39m
[35m[HTTP][39m [37m-->[39m [37mGET[39m [37m/wd/hub/session/1077741e-c27f-4c12-9b7c-ff6ae488d12b/element/00000000-0000-0209-0000-001b00000003/location[39m
[35m[HTTP][39m [90m{}[39m
[35m[W3C (1077741e)][39m Driver proxy active, passing request on via HTTP proxy
[35m[WD Proxy][39m Replacing sessionId 00b99366-e664-49cb-86fc-9cf6e8fc21fb with 1077741e-c27f-4c12-9b7c-ff6ae488d12b
[35m[HTTP][39m [37m<-- GET /wd/hub/session/1077741e-c27f-4c12-9b7c-ff6ae488d12b/element/00000000-0000-0209-0000-001b00000003/location [39m[32m200[39m [90m20 ms - 78[39m
[35m[HTTP][39m [90m[39m
[35m[HTTP][39m [37m-->[39m [37mPOST[39m [37m/wd/hub/session/1077741e-c27f-4c12-9b7c-ff6ae488d12b/element/00000000-0000-0209-0000-001b00000003/click[39m
[35m[HTTP][39m [90m{"id":"00000000-0000-0209-0000-001b00000003"}[39m
[35m[HTTP][39m [37m<-- POST /wd/hub/session/1077741e-c27f-4c12-9b7c-ff6ae488d12b/element/00000000-0000-0209-0000-001b00000003/click [39m[32m200[39m [90m50 ms - 14[39m
[35m[HTTP][39m [90m[39m
[35m[HTTP][39m [37m-->[39m [37mGET[39m [37m/wd/hub/session/1077741e-c27f-4c12-9b7c-ff6ae488d12b/source[39m
[35m[HTTP][39m [90m{}[39m
[35m[W3C (1077741e)][39m Driver proxy active, passing request on via HTTP proxy
[35m[WD Proxy][39m Replacing sessionId 00b99366-e664-49cb-86fc-9cf6e8fc21fb with 1077741e-c27f-4c12-9b7c-ff6ae488d12b
[35m[HTTP][39m [37m<-- GET /wd/hub/session/1077741e-c27f-4c12-9b7c-ff6ae488d12b/source [39m[32m200[39m [90m101 ms - 6762[39m
[35m[HTTP][39m [90m[39m
[35m[HTTP][39m [37m-->[39m [37mGET[39m [37m/wd/hub/session/1077741e-c27f-4c12-9b7c-ff6ae488d12b/screenshot[39m
[35m[HTTP][39m [90m{}[39m
[35m[HTTP][39m [37m<-- GET /wd/hub/session/1077741e-c27f-4c12-9b7c-ff6ae488d12b/screenshot [39m[32m200[39m [90m497 ms - 296598[39m
[35m[HTTP][39m [90m[39m
[35m[HTTP][39m [37m-->[39m [37mPOST[39m [37m/wd/hub/session/1077741e-c27f-4c12-9b7c-ff6ae488d12b/elements[39m
[35m[HTTP][39m [90m{"using":"xpath","value":"//*[@class = 'android.widget.EditText' and @resource-id = '' and (@text = '' or . = '')]"}[39m
[35m[HTTP][39m [37m<-- POST /wd/hub/session/1077741e-c27f-4c12-9b7c-ff6ae488d12b/elements [39m[32m200[39m [90m107 ms - 139[39m
[35m[HTTP][39m [90m[39m
[35m[HTTP][39m [37m-->[39m [37mGET[39m [37m/wd/hub/session/1077741e-c27f-4c12-9b7c-ff6ae488d12b/window/rect[39m
[35m[HTTP][39m [90m{}[39m
[35m[HTTP][39m [37m<-- GET /wd/hub/session/1077741e-c27f-4c12-9b7c-ff6ae488d12b/window/rect [39m[32m200[39m [90m14 ms - 50[39m
[35m[HTTP][39m [90m[39m
[35m[HTTP][39m [37m-->[39m [37mPOST[39m [37m/wd/hub/session/1077741e-c27f-4c12-9b7c-ff6ae488d12b/elements[39m
[35m[HTTP][39m [90m{"using":"xpath","value":"//*[@class = 'android.widget.EditText' and @resource-id = '' and (@text = '' or . = '')]"}[39m
[35m[HTTP][39m [37m<-- POST /wd/hub/session/1077741e-c27f-4c12-9b7c-ff6ae488d12b/elements [39m[32m200[39m [90m94 ms - 139[39m
[35m[HTTP][39m [90m[39m
[35m[HTTP][39m [37m-->[39m [37mGET[39m [37m/wd/hub/session/1077741e-c27f-4c12-9b7c-ff6ae488d12b/element/00000000-0000-0209-0000-001b00000003/location[39m
[35m[HTTP][39m [90m{}[39m
[35m[W3C (1077741e)][39m Driver proxy active, passing request on via HTTP proxy
[35m[WD Proxy][39m Replacing sessionId 00b99366-e664-49cb-86fc-9cf6e8fc21fb with 1077741e-c27f-4c12-9b7c-ff6ae488d12b
[35m[HTTP][39m [37m<-- GET /wd/hub/session/1077741e-c27f-4c12-9b7c-ff6ae488d12b/element/00000000-0000-0209-0000-001b00000003/location [39m[32m200[39m [90m21 ms - 78[39m
[35m[HTTP][39m [90m[39m
[35m[HTTP][39m [37m-->[39m [37mPOST[39m [37m/wd/hub/session/1077741e-c27f-4c12-9b7c-ff6ae488d12b/element/00000000-0000-0209-0000-001b00000003/clear[39m
[35m[HTTP][39m [90m{"id":"00000000-0000-0209-0000-001b00000003"}[39m
[35m[HTTP][39m [37m<-- POST /wd/hub/session/1077741e-c27f-4c12-9b7c-ff6ae488d12b/element/00000000-0000-0209-0000-001b00000003/clear [39m[32m200[39m [90m24 ms - 14[39m
[35m[HTTP][39m [90m[39m
[35m[HTTP][39m [37m-->[39m [37mPOST[39m [37m/wd/hub/session/1077741e-c27f-4c12-9b7c-ff6ae488d12b/element/00000000-0000-0209-0000-001b00000003/value[39m
[35m[HTTP][39m [90m{"id":"00000000-0000-0209-0000-001b00000003","text":"cynthia.pardede.17@gmail.com","value":["c","y","n","t","h","i","a",".","p","a","r","d","e","d","e",".","1","7","@","g","m","a","i","l",".","c","o","m"]}[39m
[35m[HTTP][39m [37m<-- POST /wd/hub/session/1077741e-c27f-4c12-9b7c-ff6ae488d12b/element/00000000-0000-0209-0000-001b00000003/value [39m[32m200[39m [90m44 ms - 14[39m
[35m[HTTP][39m [90m[39m
[35m[HTTP][39m [37m-->[39m [37mGET[39m [37m/wd/hub/session/1077741e-c27f-4c12-9b7c-ff6ae488d12b/source[39m
[35m[HTTP][39m [90m{}[39m
[35m[W3C (1077741e)][39m Driver proxy active, passing request on via HTTP proxy
[35m[WD Proxy][39m Replacing sessionId 00b99366-e664-49cb-86fc-9cf6e8fc21fb with 1077741e-c27f-4c12-9b7c-ff6ae488d12b
[35m[HTTP][39m [37m<-- GET /wd/hub/session/1077741e-c27f-4c12-9b7c-ff6ae488d12b/source [39m[32m200[39m [90m97 ms - 6790[39m
[35m[HTTP][39m [90m[39m
[35m[HTTP][39m [37m-->[39m [37mGET[39m [37m/wd/hub/session/1077741e-c27f-4c12-9b7c-ff6ae488d12b/screenshot[39m
[35m[HTTP][39m [90m{}[39m
[35m[HTTP][39m [37m<-- GET /wd/hub/session/1077741e-c27f-4c12-9b7c-ff6ae488d12b/screenshot [39m[32m200[39m [90m476 ms - 315548[39m
[35m[HTTP][39m [90m[39m
[35m[HTTP][39m [37m-->[39m [37mGET[39m [37m/wd/hub/session/1077741e-c27f-4c12-9b7c-ff6ae488d12b/context[39m
[35m[HTTP][39m [90m{}[39m
[35m[HTTP][39m [37m<-- GET /wd/hub/session/1077741e-c27f-4c12-9b7c-ff6ae488d12b/context [39m[32m200[39m [90m2 ms - 22[39m
[35m[HTTP][39m [90m[39m
[35m[HTTP][39m [37m-->[39m [37mGET[39m [37m/wd/hub/session/1077741e-c27f-4c12-9b7c-ff6ae488d12b/contexts[39m
[35m[HTTP][39m [90m{}[39m
[35m[HTTP][39m [37m<-- GET /wd/hub/session/1077741e-c27f-4c12-9b7c-ff6ae488d12b/contexts [39m[32m200[39m [90m183 ms - 41[39m
[35m[HTTP][39m [90m[39m
[35m[HTTP][39m [37m-->[39m [37mPOST[39m [37m/wd/hub/session/1077741e-c27f-4c12-9b7c-ff6ae488d12b/context[39m
[35m[HTTP][39m [90m{"name":"NATIVE_APP"}[39m
[35m[HTTP][39m [37m<-- POST /wd/hub/session/1077741e-c27f-4c12-9b7c-ff6ae488d12b/context [39m[32m200[39m [90m1 ms - 14[39m
[35m[HTTP][39m [90m[39m
[35m[HTTP][39m [37m-->[39m [37mPOST[39m [37m/wd/hub/session/1077741e-c27f-4c12-9b7c-ff6ae488d12b/appium/device/hide_keyboard[39m
[35m[HTTP][39m [90m{}[39m
[35m[HTTP][39m [37m<-- POST /wd/hub/session/1077741e-c27f-4c12-9b7c-ff6ae488d12b/appium/device/hide_keyboard [39m[32m200[39m [90m3070 ms - 14[39m
[35m[HTTP][39m [90m[39m
[35m[HTTP][39m [37m-->[39m [37mPOST[39m [37m/wd/hub/session/1077741e-c27f-4c12-9b7c-ff6ae488d12b/context[39m
[35m[HTTP][39m [90m{"name":"NATIVE_APP"}[39m
[35m[HTTP][39m [37m<-- POST /wd/hub/session/1077741e-c27f-4c12-9b7c-ff6ae488d12b/context [39m[32m200[39m [90m2 ms - 14[39m
[35m[HTTP][39m [90m[39m
[35m[HTTP][39m [37m-->[39m [37mGET[39m [37m/wd/hub/session/1077741e-c27f-4c12-9b7c-ff6ae488d12b/source[39m
[35m[HTTP][39m [90m{}[39m
[35m[W3C (1077741e)][39m Driver proxy active, passing request on via HTTP proxy
[35m[WD Proxy][39m Replacing sessionId 00b99366-e664-49cb-86fc-9cf6e8fc21fb with 1077741e-c27f-4c12-9b7c-ff6ae488d12b
[35m[HTTP][39m [37m<-- GET /wd/hub/session/1077741e-c27f-4c12-9b7c-ff6ae488d12b/source [39m[32m200[39m [90m97 ms - 8064[39m
[35m[HTTP][39m [90m[39m
[35m[HTTP][39m [37m-->[39m [37mGET[39m [37m/wd/hub/session/1077741e-c27f-4c12-9b7c-ff6ae488d12b/screenshot[39m
[35m[HTTP][39m [90m{}[39m
[35m[HTTP][39m [37m<-- GET /wd/hub/session/1077741e-c27f-4c12-9b7c-ff6ae488d12b/screenshot [39m[32m200[39m [90m493 ms - 261546[39m
[35m[HTTP][39m [90m[39m
[35m[HTTP][39m [37m-->[39m [37mPOST[39m [37m/wd/hub/session/1077741e-c27f-4c12-9b7c-ff6ae488d12b/elements[39m
[35m[HTTP][39m [90m{"using":"xpath","value":"//*[@class = 'android.widget.Button' and @resource-id = '' and (@text = '' or . = '')]"}[39m
[35m[HTTP][39m [37m<-- POST /wd/hub/session/1077741e-c27f-4c12-9b7c-ff6ae488d12b/elements [39m[32m200[39m [90m116 ms - 139[39m
[35m[HTTP][39m [90m[39m
[35m[HTTP][39m [37m-->[39m [37mGET[39m [37m/wd/hub/session/1077741e-c27f-4c12-9b7c-ff6ae488d12b/window/rect[39m
[35m[HTTP][39m [90m{}[39m
[35m[HTTP][39m [37m<-- GET /wd/hub/session/1077741e-c27f-4c12-9b7c-ff6ae488d12b/window/rect [39m[32m200[39m [90m21 ms - 50[39m
[35m[HTTP][39m [90m[39m
[35m[HTTP][39m [37m-->[39m [37mPOST[39m [37m/wd/hub/session/1077741e-c27f-4c12-9b7c-ff6ae488d12b/elements[39m
[35m[HTTP][39m [90m{"using":"xpath","value":"//*[@class = 'android.widget.Button' and @resource-id = '' and (@text = '' or . = '')]"}[39m
[35m[HTTP][39m [37m<-- POST /wd/hub/session/1077741e-c27f-4c12-9b7c-ff6ae488d12b/elements [39m[32m200[39m [90m99 ms - 139[39m
[35m[HTTP][39m [90m[39m
[35m[HTTP][39m [37m-->[39m [37mGET[39m [37m/wd/hub/session/1077741e-c27f-4c12-9b7c-ff6ae488d12b/element/00000000-0000-0209-0000-001e00000003/location[39m
[35m[HTTP][39m [90m{}[39m
[35m[W3C (1077741e)][39m Driver proxy active, passing request on via HTTP proxy
[35m[WD Proxy][39m Replacing sessionId 00b99366-e664-49cb-86fc-9cf6e8fc21fb with 1077741e-c27f-4c12-9b7c-ff6ae488d12b
[35m[HTTP][39m [37m<-- GET /wd/hub/session/1077741e-c27f-4c12-9b7c-ff6ae488d12b/element/00000000-0000-0209-0000-001e00000003/location [39m[32m200[39m [90m21 ms - 78[39m
[35m[HTTP][39m [90m[39m
[35m[HTTP][39m [37m-->[39m [37mPOST[39m [37m/wd/hub/session/1077741e-c27f-4c12-9b7c-ff6ae488d12b/element/00000000-0000-0209-0000-001e00000003/click[39m
[35m[HTTP][39m [90m{"id":"00000000-0000-0209-0000-001e00000003"}[39m
[35m[HTTP][39m [37m<-- POST /wd/hub/session/1077741e-c27f-4c12-9b7c-ff6ae488d12b/element/00000000-0000-0209-0000-001e00000003/click [39m[32m200[39m [90m575 ms - 14[39m
[35m[HTTP][39m [90m[39m
[35m[HTTP][39m [37m-->[39m [37mGET[39m [37m/wd/hub/session/1077741e-c27f-4c12-9b7c-ff6ae488d12b/source[39m
[35m[HTTP][39m [90m{}[39m
[35m[W3C (1077741e)][39m Driver proxy active, passing request on via HTTP proxy
[35m[WD Proxy][39m Replacing sessionId 00b99366-e664-49cb-86fc-9cf6e8fc21fb with 1077741e-c27f-4c12-9b7c-ff6ae488d12b
[35m[HTTP][39m [37m<-- GET /wd/hub/session/1077741e-c27f-4c12-9b7c-ff6ae488d12b/source [39m[32m200[39m [90m82 ms - 8493[39m
[35m[HTTP][39m [90m[39m
[35m[HTTP][39m [37m-->[39m [37mGET[39m [37m/wd/hub/session/1077741e-c27f-4c12-9b7c-ff6ae488d12b/screenshot[39m
[35m[HTTP][39m [90m{}[39m
[35m[HTTP][39m [37m<-- GET /wd/hub/session/1077741e-c27f-4c12-9b7c-ff6ae488d12b/screenshot [39m[32m200[39m [90m456 ms - 266062[39m
[35m[HTTP][39m [90m[39m
[35m[HTTP][39m [37m-->[39m [37mPOST[39m [37m/wd/hub/session/1077741e-c27f-4c12-9b7c-ff6ae488d12b/elements[39m
[35m[HTTP][39m [90m{"using":"xpath","value":"//*[@class = 'android.view.View' and @resource-id = '' and (@text = '' or . = '')]"}[39m
[35m[HTTP][39m [37m<-- POST /wd/hub/session/1077741e-c27f-4c12-9b7c-ff6ae488d12b/elements [39m[32m200[39m [90m110 ms - 1291[39m
[35m[HTTP][39m [90m[39m
[35m[HTTP][39m [37m-->[39m [37mPOST[39m [37m/wd/hub/session/1077741e-c27f-4c12-9b7c-ff6ae488d12b/elements[39m
[35m[HTTP][39m [90m{"using":"accessibility id","value":"Hey, welcome back."}[39m
[35m[HTTP][39m [37m<-- POST /wd/hub/session/1077741e-c27f-4c12-9b7c-ff6ae488d12b/elements [39m[32m200[39m [90m33 ms - 139[39m
[35m[HTTP][39m [90m[39m
[35m[HTTP][39m [37m-->[39m [37mGET[39m [37m/wd/hub/session/1077741e-c27f-4c12-9b7c-ff6ae488d12b/window/rect[39m
[35m[HTTP][39m [90m{}[39m
[35m[HTTP][39m [37m<-- GET /wd/hub/session/1077741e-c27f-4c12-9b7c-ff6ae488d12b/window/rect [39m[32m200[39m [90m13 ms - 50[39m
[35m[HTTP][39m [90m[39m
[35m[HTTP][39m [37m-->[39m [37mPOST[39m [37m/wd/hub/session/1077741e-c27f-4c12-9b7c-ff6ae488d12b/elements[39m
[35m[HTTP][39m [90m{"using":"accessibility id","value":"Hey, welcome back."}[39m
[35m[HTTP][39m [37m<-- POST /wd/hub/session/1077741e-c27f-4c12-9b7c-ff6ae488d12b/elements [39m[32m200[39m [90m48 ms - 139[39m
[35m[HTTP][39m [90m[39m
[35m[HTTP][39m [37m-->[39m [37mGET[39m [37m/wd/hub/session/1077741e-c27f-4c12-9b7c-ff6ae488d12b/element/00000000-0000-0209-0000-001800000003/location[39m
[35m[HTTP][39m [90m{}[39m
[35m[W3C (1077741e)][39m Driver proxy active, passing request on via HTTP proxy
[35m[WD Proxy][39m Replacing sessionId 00b99366-e664-49cb-86fc-9cf6e8fc21fb with 1077741e-c27f-4c12-9b7c-ff6ae488d12b
[35m[HTTP][39m [37m<-- GET /wd/hub/session/1077741e-c27f-4c12-9b7c-ff6ae488d12b/element/00000000-0000-0209-0000-001800000003/location [39m[32m200[39m [90m23 ms - 77[39m
[35m[HTTP][39m [90m[39m
[35m[HTTP][39m [37m-->[39m [37mPOST[39m [37m/wd/hub/session/1077741e-c27f-4c12-9b7c-ff6ae488d12b/element/00000000-0000-0209-0000-001800000003/click[39m
[35m[HTTP][39m [90m{"id":"00000000-0000-0209-0000-001800000003"}[39m
[35m[HTTP][39m [37m<-- POST /wd/hub/session/1077741e-c27f-4c12-9b7c-ff6ae488d12b/element/00000000-0000-0209-0000-001800000003/click [39m[32m200[39m [90m84 ms - 14[39m
[35m[HTTP][39m [90m[39m
[35m[HTTP][39m [37m-->[39m [37mGET[39m [37m/wd/hub/session/1077741e-c27f-4c12-9b7c-ff6ae488d12b/source[39m
[35m[HTTP][39m [90m{}[39m
[35m[W3C (1077741e)][39m Driver proxy active, passing request on via HTTP proxy
[35m[WD Proxy][39m Replacing sessionId 00b99366-e664-49cb-86fc-9cf6e8fc21fb with 1077741e-c27f-4c12-9b7c-ff6ae488d12b
[35m[HTTP][39m [37m<-- GET /wd/hub/session/1077741e-c27f-4c12-9b7c-ff6ae488d12b/source [39m[32m200[39m [90m102 ms - 8493[39m
[35m[HTTP][39m [90m[39m
[35m[HTTP][39m [37m-->[39m [37mGET[39m [37m/wd/hub/session/1077741e-c27f-4c12-9b7c-ff6ae488d12b/screenshot[39m
[35m[HTTP][39m [90m{}[39m
[35m[HTTP][39m [37m<-- GET /wd/hub/session/1077741e-c27f-4c12-9b7c-ff6ae488d12b/screenshot [39m[32m200[39m [90m513 ms - 266136[39m
[35m[HTTP][39m [90m[39m
[35m[HTTP][39m [37m-->[39m [37mDELETE[39m [37m/wd/hub/session/1077741e-c27f-4c12-9b7c-ff6ae488d12b[39m
[35m[HTTP][39m [90m{}[39m
[35m[Appium][39m Removing session 1077741e-c27f-4c12-9b7c-ff6ae488d12b from our master session list
[35m[UiAutomator2][39m Restoring hidden api policy to the device default configuration
[35m[HTTP][39m [37m<-- DELETE /wd/hub/session/1077741e-c27f-4c12-9b7c-ff6ae488d12b [39m[32m200[39m [90m470 ms - 14[39m
[35m[HTTP][39m [90m[39m
