[35m[Appium][39m Welcome to Appium v1.22.3
[35m[Appium][39m Non-default server args:
[35m[Appium][39m   port: 50256
[35m[Appium][39m   loglevel: info
[35m[Appium][39m   tmpDir: C:\Users\Asus\AppData\Local\Temp\\Katalon\Appium\Temp1671548802730
[35m[Appium][39m   chromedriverPort: 50257
[35m[Appium][39m Deprecated server args:
[35m[Appium][39m   [31m--chromedriver-port[39m => --default-capabilities
[35m[Appium][39m Default capabilities, which will be added to each request unless overridden by desired capabilities:
[35m[Appium][39m   chromedriverPort: 50257
[35m[Appium][39m Appium REST http interface listener started on 0.0.0.0:50256
[35m[HTTP][39m [37m-->[39m [37mGET[39m [37m/wd/hub/status[39m
[35m[HTTP][39m [90m{}[39m
[35m[HTTP][39m [37m<-- GET /wd/hub/status [39m[32m200[39m [90m5 ms - 68[39m
[35m[HTTP][39m [90m[39m
[35m[HTTP][39m [37m-->[39m [37mPOST[39m [37m/wd/hub/session[39m
[35m[HTTP][39m [90m{"desiredCapabilities":{"app":"E:\\SEMESTER 7\\MBKM\\Capstone Project\\CICD\\Aplikasi\\Terbaru\\app-release.apk","noReset":false,"deviceName":"Xiaomi Redmi Note 9 Pro (Android 11)","fullReset":true,"platform":"ANDROID","newCommandTimeout":1800,"platformVersion":"11","automationName":"uiautomator2","autoGrantPermissions":true,"platformName":"Android","udid":"9821f742","systemPort":50255},"capabilities":{"firstMatch":[{"appium:app":"E:\\SEMESTER 7\\MBKM\\Capstone Project\\CICD\\Aplikasi\\Terbaru\\app-release.apk","appium:autoGrantPermissions":true,"appium:automationName":"uiautomator2","appium:deviceName":"Xiaomi Redmi Note 9 Pro (Android 11)","appium:fullReset":true,"appium:newCommandTimeout":1800,"appium:noReset":false,"platform":"ANDROID","platformName":"android","appium:platformVersion":"11","appium:systemPort":50255,"appium:udid":"9821f742"}]}}[39m
[35m[BaseDriver][39m The following capabilities are not standard capabilities and should have an extension prefix:
[35m[BaseDriver][39m   platform
[35m[BaseDriver][39m   chromedriverPort
[35m[Appium][39m Appium v1.22.3 creating new AndroidUiautomator2Driver (v1.70.1) session
[35m[BaseDriver][39m The following capabilities were provided, but are not recognized by Appium:
[35m[BaseDriver][39m   platform
[35m[BaseDriver][39m Session created with session id: 77414b13-6be6-48b4-91b9-1e837dc2642f
[35m[BaseDriver][39m Using local app 'E:\SEMESTER 7\MBKM\Capstone Project\CICD\Aplikasi\Terbaru\app-release.apk'
[35m[ADB][39m Found 2 'build-tools' folders under 'C:\Users\Asus\AppData\Local\Android\Sdk' (newest first):
[35m[ADB][39m     C:/Users/Asus/AppData/Local/Android/Sdk/build-tools/33.0.0
[35m[ADB][39m     C:/Users/Asus/AppData/Local/Android/Sdk/build-tools/30.0.3
[35m[ADB][39m Using 'adb.exe' from 'C:\Users\Asus\AppData\Local\Android\Sdk\platform-tools\adb.exe'
[35m[AndroidDriver][39m Retrieving device list
[35m[AndroidDriver][39m Using device: 9821f742
[35m[ADB][39m Using 'adb.exe' from 'C:\Users\Asus\AppData\Local\Android\Sdk\platform-tools\adb.exe'
[35m[ADB][39m Getting device platform version
[35m[UiAutomator2][39m Relaxing hidden api policy
[35m[ADB][39m Package name: 'com.example.flutter_capstone_6'
[35m[ADB][39m Main activity name: 'com.example.flutter_capstone_6.MainActivity'
[35m[ADB][39m Using 'apksigner.jar' from 'C:\Users\Asus\AppData\Local\Android\Sdk\build-tools\33.0.0\lib\apksigner.jar'
[35m[ADB][39m 'C:\Users\Asus\AppData\Roaming\npm\node_modules\appium\node_modules\appium-uiautomator2-server\apks\appium-uiautomator2-server-v4.27.0.apk' is signed with the default certificate
[35m[ADB][39m 'C:\Users\Asus\AppData\Roaming\npm\node_modules\appium\node_modules\appium-uiautomator2-server\apks\appium-uiautomator2-server-debug-androidTest.apk' is signed with the default certificate
[35m[UiAutomator2][39m Server packages are not going to be (re)installed
[35m[ADB][39m Adding packages ["io.appium.settings","io.appium.uiautomator2.server","io.appium.uiautomator2.server.test"] to Doze whitelist
[35m[ADB][39m 'E:\SEMESTER 7\MBKM\Capstone Project\CICD\Aplikasi\Terbaru\app-release.apk' is signed with a non-default certificate
[35m[ADB][39m com.example.flutter_capstone_6 was not uninstalled, because it was not present on the device
[35m[ADB][39m The application at 'E:\SEMESTER 7\MBKM\Capstone Project\CICD\Aplikasi\Terbaru\app-release.apk' will not be cached, because the device under test has confirmed the support of streamed installs
[35m[ADB][39m The installation of 'app-release.apk' took 8992ms
[35m[UiAutomator2][39m Starting UIAutomator2 server 4.27.0
[35m[UiAutomator2][39m Using UIAutomator2 server from 'C:\Users\Asus\AppData\Roaming\npm\node_modules\appium\node_modules\appium-uiautomator2-server\apks\appium-uiautomator2-server-v4.27.0.apk' and test from 'C:\Users\Asus\AppData\Roaming\npm\node_modules\appium\node_modules\appium-uiautomator2-server\apks\appium-uiautomator2-server-debug-androidTest.apk'
[35m[UiAutomator2][39m Waiting up to 30000ms for UiAutomator2 to be online...
[35m[WD Proxy][39m socket hang up
[35m[WD Proxy][39m socket hang up
[35m[WD Proxy][39m socket hang up
[35m[WD Proxy][39m Determined the downstream protocol as 'W3C'
[35m[AndroidDriver][39m Screen already unlocked, doing nothing
[35m[UiAutomator2][39m Starting 'com.example.flutter_capstone_6/com.example.flutter_capstone_6.MainActivity and waiting for 'com.example.flutter_capstone_6/com.example.flutter_capstone_6.MainActivity'
[35m[Appium][39m New AndroidUiautomator2Driver session created successfully, session 77414b13-6be6-48b4-91b9-1e837dc2642f added to master session list
[35m[HTTP][39m [37m<-- POST /wd/hub/session [39m[32m200[39m [90m18859 ms - 1329[39m
[35m[HTTP][39m [90m[39m
[35m[HTTP][39m [37m-->[39m [37mGET[39m [37m/wd/hub/session/77414b13-6be6-48b4-91b9-1e837dc2642f[39m
[35m[HTTP][39m [90m{}[39m
[35m[HTTP][39m [37m<-- GET /wd/hub/session/77414b13-6be6-48b4-91b9-1e837dc2642f [39m[32m200[39m [90m16 ms - 1283[39m
[35m[HTTP][39m [90m[39m
[35m[HTTP][39m [37m-->[39m [37mGET[39m [37m/wd/hub/session/77414b13-6be6-48b4-91b9-1e837dc2642f[39m
[35m[HTTP][39m [90m{}[39m
[35m[HTTP][39m [37m<-- GET /wd/hub/session/77414b13-6be6-48b4-91b9-1e837dc2642f [39m[32m200[39m [90m10 ms - 1283[39m
[35m[HTTP][39m [90m[39m
[35m[HTTP][39m [37m-->[39m [37mGET[39m [37m/wd/hub/status[39m
[35m[HTTP][39m [90m{}[39m
[35m[HTTP][39m [37m<-- GET /wd/hub/status [39m[32m200[39m [90m1 ms - 68[39m
[35m[HTTP][39m [90m[39m
[35m[HTTP][39m [37m-->[39m [37mPOST[39m [37m/wd/hub/session/77414b13-6be6-48b4-91b9-1e837dc2642f/timeouts[39m
[35m[HTTP][39m [90m{"implicit":30000}[39m
[35m[HTTP][39m [37m<-- POST /wd/hub/session/77414b13-6be6-48b4-91b9-1e837dc2642f/timeouts [39m[32m200[39m [90m2 ms - 14[39m
[35m[HTTP][39m [90m[39m
[35m[HTTP][39m [37m-->[39m [37mGET[39m [37m/wd/hub/session/77414b13-6be6-48b4-91b9-1e837dc2642f/screenshot[39m
[35m[HTTP][39m [90m{}[39m
[35m[HTTP][39m [37m<-- GET /wd/hub/session/77414b13-6be6-48b4-91b9-1e837dc2642f/screenshot [39m[32m200[39m [90m318 ms - 56008[39m
[35m[HTTP][39m [90m[39m
[35m[HTTP][39m [37m-->[39m [37mGET[39m [37m/wd/hub/session/77414b13-6be6-48b4-91b9-1e837dc2642f/window/rect[39m
[35m[HTTP][39m [90m{}[39m
[35m[HTTP][39m [37m<-- GET /wd/hub/session/77414b13-6be6-48b4-91b9-1e837dc2642f/window/rect [39m[32m200[39m [90m21 ms - 50[39m
[35m[HTTP][39m [90m[39m
[35m[HTTP][39m [37m-->[39m [37mGET[39m [37m/wd/hub/session/77414b13-6be6-48b4-91b9-1e837dc2642f/appium/device/system_bars[39m
[35m[HTTP][39m [90m{}[39m
[35m[HTTP][39m [37m<-- GET /wd/hub/session/77414b13-6be6-48b4-91b9-1e837dc2642f/appium/device/system_bars [39m[32m200[39m [90m108 ms - 149[39m
[35m[HTTP][39m [90m[39m
[35m[HTTP][39m [37m-->[39m [37mPOST[39m [37m/wd/hub/session/77414b13-6be6-48b4-91b9-1e837dc2642f/timeouts[39m
[35m[HTTP][39m [90m{"implicit":50}[39m
[35m[HTTP][39m [37m<-- POST /wd/hub/session/77414b13-6be6-48b4-91b9-1e837dc2642f/timeouts [39m[32m200[39m [90m4 ms - 14[39m
[35m[HTTP][39m [90m[39m
[35m[HTTP][39m [37m-->[39m [37mGET[39m [37m/wd/hub/session/77414b13-6be6-48b4-91b9-1e837dc2642f/window/rect[39m
[35m[HTTP][39m [90m{}[39m
[35m[HTTP][39m [37m<-- GET /wd/hub/session/77414b13-6be6-48b4-91b9-1e837dc2642f/window/rect [39m[32m200[39m [90m17 ms - 50[39m
[35m[HTTP][39m [90m[39m
[35m[HTTP][39m [37m-->[39m [37mPOST[39m [37m/wd/hub/session/77414b13-6be6-48b4-91b9-1e837dc2642f/elements[39m
[35m[HTTP][39m [90m{"using":"accessibility id","value":" Login"}[39m
[35m[HTTP][39m [37m<-- POST /wd/hub/session/77414b13-6be6-48b4-91b9-1e837dc2642f/elements [39m[32m200[39m [90m78 ms - 12[39m
[35m[HTTP][39m [90m[39m
[35m[HTTP][39m [37m-->[39m [37mPOST[39m [37m/wd/hub/session/77414b13-6be6-48b4-91b9-1e837dc2642f/elements[39m
[35m[HTTP][39m [90m{"using":"accessibility id","value":" Login"}[39m
[35m[HTTP][39m [37m<-- POST /wd/hub/session/77414b13-6be6-48b4-91b9-1e837dc2642f/elements [39m[32m200[39m [90m78 ms - 12[39m
[35m[HTTP][39m [90m[39m
[35m[HTTP][39m [37m-->[39m [37mPOST[39m [37m/wd/hub/session/77414b13-6be6-48b4-91b9-1e837dc2642f/elements[39m
[35m[HTTP][39m [90m{"using":"accessibility id","value":" Login"}[39m
[35m[HTTP][39m [37m<-- POST /wd/hub/session/77414b13-6be6-48b4-91b9-1e837dc2642f/elements [39m[32m200[39m [90m88 ms - 12[39m
[35m[HTTP][39m [90m[39m
[35m[HTTP][39m [37m-->[39m [37mPOST[39m [37m/wd/hub/session/77414b13-6be6-48b4-91b9-1e837dc2642f/elements[39m
[35m[HTTP][39m [90m{"using":"accessibility id","value":" Login"}[39m
[35m[HTTP][39m [37m<-- POST /wd/hub/session/77414b13-6be6-48b4-91b9-1e837dc2642f/elements [39m[32m200[39m [90m78 ms - 12[39m
[35m[HTTP][39m [90m[39m
[35m[HTTP][39m [37m-->[39m [37mPOST[39m [37m/wd/hub/session/77414b13-6be6-48b4-91b9-1e837dc2642f/elements[39m
[35m[HTTP][39m [90m{"using":"accessibility id","value":" Login"}[39m
[35m[HTTP][39m [37m<-- POST /wd/hub/session/77414b13-6be6-48b4-91b9-1e837dc2642f/elements [39m[32m200[39m [90m71 ms - 12[39m
[35m[HTTP][39m [90m[39m
[35m[HTTP][39m [37m-->[39m [37mPOST[39m [37m/wd/hub/session/77414b13-6be6-48b4-91b9-1e837dc2642f/elements[39m
[35m[HTTP][39m [90m{"using":"accessibility id","value":" Login"}[39m
[35m[HTTP][39m [37m<-- POST /wd/hub/session/77414b13-6be6-48b4-91b9-1e837dc2642f/elements [39m[32m200[39m [90m76 ms - 12[39m
[35m[HTTP][39m [90m[39m
[35m[HTTP][39m [37m-->[39m [37mPOST[39m [37m/wd/hub/session/77414b13-6be6-48b4-91b9-1e837dc2642f/elements[39m
[35m[HTTP][39m [90m{"using":"accessibility id","value":" Login"}[39m
[35m[HTTP][39m [37m<-- POST /wd/hub/session/77414b13-6be6-48b4-91b9-1e837dc2642f/elements [39m[32m200[39m [90m87 ms - 12[39m
[35m[HTTP][39m [90m[39m
[35m[HTTP][39m [37m-->[39m [37mPOST[39m [37m/wd/hub/session/77414b13-6be6-48b4-91b9-1e837dc2642f/elements[39m
[35m[HTTP][39m [90m{"using":"accessibility id","value":" Login"}[39m
[35m[HTTP][39m [37m<-- POST /wd/hub/session/77414b13-6be6-48b4-91b9-1e837dc2642f/elements [39m[32m200[39m [90m95 ms - 12[39m
[35m[HTTP][39m [90m[39m
[35m[HTTP][39m [37m-->[39m [37mPOST[39m [37m/wd/hub/session/77414b13-6be6-48b4-91b9-1e837dc2642f/elements[39m
[35m[HTTP][39m [90m{"using":"accessibility id","value":" Login"}[39m
[35m[HTTP][39m [37m<-- POST /wd/hub/session/77414b13-6be6-48b4-91b9-1e837dc2642f/elements [39m[32m200[39m [90m98 ms - 12[39m
[35m[HTTP][39m [90m[39m
[35m[HTTP][39m [37m-->[39m [37mPOST[39m [37m/wd/hub/session/77414b13-6be6-48b4-91b9-1e837dc2642f/elements[39m
[35m[HTTP][39m [90m{"using":"accessibility id","value":" Login"}[39m
[35m[HTTP][39m [37m<-- POST /wd/hub/session/77414b13-6be6-48b4-91b9-1e837dc2642f/elements [39m[32m200[39m [90m100 ms - 12[39m
[35m[HTTP][39m [90m[39m
[35m[HTTP][39m [37m-->[39m [37mPOST[39m [37m/wd/hub/session/77414b13-6be6-48b4-91b9-1e837dc2642f/elements[39m
[35m[HTTP][39m [90m{"using":"accessibility id","value":" Login"}[39m
[35m[HTTP][39m [37m<-- POST /wd/hub/session/77414b13-6be6-48b4-91b9-1e837dc2642f/elements [39m[32m200[39m [90m88 ms - 12[39m
[35m[HTTP][39m [90m[39m
[35m[HTTP][39m [37m-->[39m [37mPOST[39m [37m/wd/hub/session/77414b13-6be6-48b4-91b9-1e837dc2642f/elements[39m
[35m[HTTP][39m [90m{"using":"accessibility id","value":" Login"}[39m
[35m[HTTP][39m [37m<-- POST /wd/hub/session/77414b13-6be6-48b4-91b9-1e837dc2642f/elements [39m[32m200[39m [90m873 ms - 139[39m
[35m[HTTP][39m [90m[39m
[35m[HTTP][39m [37m-->[39m [37mGET[39m [37m/wd/hub/session/77414b13-6be6-48b4-91b9-1e837dc2642f/element/00000000-0000-15c1-0000-001000000003/location[39m
[35m[HTTP][39m [90m{}[39m
[35m[W3C (77414b13)][39m Driver proxy active, passing request on via HTTP proxy
[35m[WD Proxy][39m Replacing sessionId 2467c63c-ffa1-49c7-9a4e-fc5dc99cf04c with 77414b13-6be6-48b4-91b9-1e837dc2642f
[35m[HTTP][39m [37m<-- GET /wd/hub/session/77414b13-6be6-48b4-91b9-1e837dc2642f/element/00000000-0000-15c1-0000-001000000003/location [39m[32m200[39m [90m25 ms - 79[39m
[35m[HTTP][39m [90m[39m
[35m[HTTP][39m [37m-->[39m [37mPOST[39m [37m/wd/hub/session/77414b13-6be6-48b4-91b9-1e837dc2642f/timeouts[39m
[35m[HTTP][39m [90m{"implicit":30000}[39m
[35m[HTTP][39m [37m<-- POST /wd/hub/session/77414b13-6be6-48b4-91b9-1e837dc2642f/timeouts [39m[32m200[39m [90m1 ms - 14[39m
[35m[HTTP][39m [90m[39m
[35m[HTTP][39m [37m-->[39m [37mPOST[39m [37m/wd/hub/session/77414b13-6be6-48b4-91b9-1e837dc2642f/element/00000000-0000-15c1-0000-001000000003/click[39m
[35m[HTTP][39m [90m{"id":"00000000-0000-15c1-0000-001000000003"}[39m
[35m[HTTP][39m [37m<-- POST /wd/hub/session/77414b13-6be6-48b4-91b9-1e837dc2642f/element/00000000-0000-15c1-0000-001000000003/click [39m[32m200[39m [90m69 ms - 14[39m
[35m[HTTP][39m [90m[39m
[35m[HTTP][39m [37m-->[39m [37mPOST[39m [37m/wd/hub/session/77414b13-6be6-48b4-91b9-1e837dc2642f/timeouts[39m
[35m[HTTP][39m [90m{"implicit":50}[39m
[35m[HTTP][39m [37m<-- POST /wd/hub/session/77414b13-6be6-48b4-91b9-1e837dc2642f/timeouts [39m[32m200[39m [90m1 ms - 14[39m
[35m[HTTP][39m [90m[39m
[35m[HTTP][39m [37m-->[39m [37mGET[39m [37m/wd/hub/session/77414b13-6be6-48b4-91b9-1e837dc2642f/window/rect[39m
[35m[HTTP][39m [90m{}[39m
[35m[HTTP][39m [37m<-- GET /wd/hub/session/77414b13-6be6-48b4-91b9-1e837dc2642f/window/rect [39m[32m200[39m [90m15 ms - 50[39m
[35m[HTTP][39m [90m[39m
[35m[HTTP][39m [37m-->[39m [37mPOST[39m [37m/wd/hub/session/77414b13-6be6-48b4-91b9-1e837dc2642f/elements[39m
[35m[HTTP][39m [90m{"using":"accessibility id","value":"Forgot Password?"}[39m
[35m[HTTP][39m [37m<-- POST /wd/hub/session/77414b13-6be6-48b4-91b9-1e837dc2642f/elements [39m[32m200[39m [90m704 ms - 139[39m
[35m[HTTP][39m [90m[39m
[35m[HTTP][39m [37m-->[39m [37mGET[39m [37m/wd/hub/session/77414b13-6be6-48b4-91b9-1e837dc2642f/element/00000000-0000-15c1-0000-001a00000003/location[39m
[35m[HTTP][39m [90m{}[39m
[35m[W3C (77414b13)][39m Driver proxy active, passing request on via HTTP proxy
[35m[WD Proxy][39m Replacing sessionId 2467c63c-ffa1-49c7-9a4e-fc5dc99cf04c with 77414b13-6be6-48b4-91b9-1e837dc2642f
[35m[HTTP][39m [37m<-- GET /wd/hub/session/77414b13-6be6-48b4-91b9-1e837dc2642f/element/00000000-0000-15c1-0000-001a00000003/location [39m[32m200[39m [90m17 ms - 78[39m
[35m[HTTP][39m [90m[39m
[35m[HTTP][39m [37m-->[39m [37mPOST[39m [37m/wd/hub/session/77414b13-6be6-48b4-91b9-1e837dc2642f/timeouts[39m
[35m[HTTP][39m [90m{"implicit":30000}[39m
[35m[HTTP][39m [37m<-- POST /wd/hub/session/77414b13-6be6-48b4-91b9-1e837dc2642f/timeouts [39m[32m200[39m [90m1 ms - 14[39m
[35m[HTTP][39m [90m[39m
[35m[HTTP][39m [37m-->[39m [37mPOST[39m [37m/wd/hub/session/77414b13-6be6-48b4-91b9-1e837dc2642f/element/00000000-0000-15c1-0000-001a00000003/click[39m
[35m[HTTP][39m [90m{"id":"00000000-0000-15c1-0000-001a00000003"}[39m
[35m[HTTP][39m [37m<-- POST /wd/hub/session/77414b13-6be6-48b4-91b9-1e837dc2642f/element/00000000-0000-15c1-0000-001a00000003/click [39m[32m200[39m [90m65 ms - 14[39m
[35m[HTTP][39m [90m[39m
[35m[HTTP][39m [37m-->[39m [37mPOST[39m [37m/wd/hub/session/77414b13-6be6-48b4-91b9-1e837dc2642f/timeouts[39m
[35m[HTTP][39m [90m{"implicit":50}[39m
[35m[HTTP][39m [37m<-- POST /wd/hub/session/77414b13-6be6-48b4-91b9-1e837dc2642f/timeouts [39m[32m200[39m [90m49 ms - 14[39m
[35m[HTTP][39m [90m[39m
[35m[HTTP][39m [37m-->[39m [37mGET[39m [37m/wd/hub/session/77414b13-6be6-48b4-91b9-1e837dc2642f/window/rect[39m
[35m[HTTP][39m [90m{}[39m
[35m[HTTP][39m [37m<-- GET /wd/hub/session/77414b13-6be6-48b4-91b9-1e837dc2642f/window/rect [39m[32m200[39m [90m34 ms - 50[39m
[35m[HTTP][39m [90m[39m
[35m[HTTP][39m [37m-->[39m [37mPOST[39m [37m/wd/hub/session/77414b13-6be6-48b4-91b9-1e837dc2642f/elements[39m
[35m[HTTP][39m [90m{"using":"xpath","value":"//*[@class = 'android.widget.EditText' and (@text = 'email address' or . = 'email address') and @resource-id = '']"}[39m
[35m[HTTP][39m [37m<-- POST /wd/hub/session/77414b13-6be6-48b4-91b9-1e837dc2642f/elements [39m[32m200[39m [90m1351 ms - 12[39m
[35m[HTTP][39m [90m[39m
[35m[HTTP][39m [37m-->[39m [37mPOST[39m [37m/wd/hub/session/77414b13-6be6-48b4-91b9-1e837dc2642f/elements[39m
[35m[HTTP][39m [90m{"using":"xpath","value":"//*[@class = 'android.widget.EditText' and (@text = 'email address' or . = 'email address') and @resource-id = '']"}[39m
[35m[HTTP][39m [37m<-- POST /wd/hub/session/77414b13-6be6-48b4-91b9-1e837dc2642f/elements [39m[32m200[39m [90m104 ms - 12[39m
[35m[HTTP][39m [90m[39m
[35m[HTTP][39m [37m-->[39m [37mPOST[39m [37m/wd/hub/session/77414b13-6be6-48b4-91b9-1e837dc2642f/elements[39m
[35m[HTTP][39m [90m{"using":"xpath","value":"//*[@class = 'android.widget.EditText' and (@text = 'email address' or . = 'email address') and @resource-id = '']"}[39m
[35m[HTTP][39m [37m<-- POST /wd/hub/session/77414b13-6be6-48b4-91b9-1e837dc2642f/elements [39m[32m200[39m [90m105 ms - 12[39m
[35m[HTTP][39m [90m[39m
[35m[HTTP][39m [37m-->[39m [37mPOST[39m [37m/wd/hub/session/77414b13-6be6-48b4-91b9-1e837dc2642f/elements[39m
[35m[HTTP][39m [90m{"using":"xpath","value":"//*[@class = 'android.widget.EditText' and (@text = 'email address' or . = 'email address') and @resource-id = '']"}[39m
[35m[HTTP][39m [37m<-- POST /wd/hub/session/77414b13-6be6-48b4-91b9-1e837dc2642f/elements [39m[32m200[39m [90m103 ms - 12[39m
[35m[HTTP][39m [90m[39m
[35m[HTTP][39m [37m-->[39m [37mPOST[39m [37m/wd/hub/session/77414b13-6be6-48b4-91b9-1e837dc2642f/elements[39m
[35m[HTTP][39m [90m{"using":"xpath","value":"//*[@class = 'android.widget.EditText' and (@text = 'email address' or . = 'email address') and @resource-id = '']"}[39m
[35m[HTTP][39m [37m<-- POST /wd/hub/session/77414b13-6be6-48b4-91b9-1e837dc2642f/elements [39m[32m200[39m [90m103 ms - 12[39m
[35m[HTTP][39m [90m[39m
[35m[HTTP][39m [37m-->[39m [37mPOST[39m [37m/wd/hub/session/77414b13-6be6-48b4-91b9-1e837dc2642f/elements[39m
[35m[HTTP][39m [90m{"using":"xpath","value":"//*[@class = 'android.widget.EditText' and (@text = 'email address' or . = 'email address') and @resource-id = '']"}[39m
[35m[HTTP][39m [37m<-- POST /wd/hub/session/77414b13-6be6-48b4-91b9-1e837dc2642f/elements [39m[32m200[39m [90m101 ms - 12[39m
[35m[HTTP][39m [90m[39m
[35m[HTTP][39m [37m-->[39m [37mPOST[39m [37m/wd/hub/session/77414b13-6be6-48b4-91b9-1e837dc2642f/elements[39m
[35m[HTTP][39m [90m{"using":"xpath","value":"//*[@class = 'android.widget.EditText' and (@text = 'email address' or . = 'email address') and @resource-id = '']"}[39m
[35m[HTTP][39m [37m<-- POST /wd/hub/session/77414b13-6be6-48b4-91b9-1e837dc2642f/elements [39m[32m200[39m [90m120 ms - 12[39m
[35m[HTTP][39m [90m[39m
[35m[HTTP][39m [37m-->[39m [37mPOST[39m [37m/wd/hub/session/77414b13-6be6-48b4-91b9-1e837dc2642f/elements[39m
[35m[HTTP][39m [90m{"using":"xpath","value":"//*[@class = 'android.widget.EditText' and (@text = 'email address' or . = 'email address') and @resource-id = '']"}[39m
[35m[HTTP][39m [37m<-- POST /wd/hub/session/77414b13-6be6-48b4-91b9-1e837dc2642f/elements [39m[32m200[39m [90m63 ms - 12[39m
[35m[HTTP][39m [90m[39m
[35m[HTTP][39m [37m-->[39m [37mPOST[39m [37m/wd/hub/session/77414b13-6be6-48b4-91b9-1e837dc2642f/elements[39m
[35m[HTTP][39m [90m{"using":"xpath","value":"//*[@class = 'android.widget.EditText' and (@text = 'email address' or . = 'email address') and @resource-id = '']"}[39m
[35m[HTTP][39m [37m<-- POST /wd/hub/session/77414b13-6be6-48b4-91b9-1e837dc2642f/elements [39m[32m200[39m [90m70 ms - 12[39m
[35m[HTTP][39m [90m[39m
[35m[HTTP][39m [37m-->[39m [37mPOST[39m [37m/wd/hub/session/77414b13-6be6-48b4-91b9-1e837dc2642f/elements[39m
[35m[HTTP][39m [90m{"using":"xpath","value":"//*[@class = 'android.widget.EditText' and (@text = 'email address' or . = 'email address') and @resource-id = '']"}[39m
[35m[HTTP][39m [37m<-- POST /wd/hub/session/77414b13-6be6-48b4-91b9-1e837dc2642f/elements [39m[32m200[39m [90m57 ms - 12[39m
[35m[HTTP][39m [90m[39m
[35m[HTTP][39m [37m-->[39m [37mPOST[39m [37m/wd/hub/session/77414b13-6be6-48b4-91b9-1e837dc2642f/elements[39m
[35m[HTTP][39m [90m{"using":"xpath","value":"//*[@class = 'android.widget.EditText' and (@text = 'email address' or . = 'email address') and @resource-id = '']"}[39m
[35m[HTTP][39m [37m<-- POST /wd/hub/session/77414b13-6be6-48b4-91b9-1e837dc2642f/elements [39m[32m200[39m [90m51 ms - 12[39m
[35m[HTTP][39m [90m[39m
[35m[HTTP][39m [37m-->[39m [37mPOST[39m [37m/wd/hub/session/77414b13-6be6-48b4-91b9-1e837dc2642f/elements[39m
[35m[HTTP][39m [90m{"using":"xpath","value":"//*[@class = 'android.widget.EditText' and (@text = 'email address' or . = 'email address') and @resource-id = '']"}[39m
[35m[HTTP][39m [37m<-- POST /wd/hub/session/77414b13-6be6-48b4-91b9-1e837dc2642f/elements [39m[32m200[39m [90m59 ms - 12[39m
[35m[HTTP][39m [90m[39m
[35m[HTTP][39m [37m-->[39m [37mPOST[39m [37m/wd/hub/session/77414b13-6be6-48b4-91b9-1e837dc2642f/elements[39m
[35m[HTTP][39m [90m{"using":"xpath","value":"//*[@class = 'android.widget.EditText' and (@text = 'email address' or . = 'email address') and @resource-id = '']"}[39m
[35m[HTTP][39m [37m<-- POST /wd/hub/session/77414b13-6be6-48b4-91b9-1e837dc2642f/elements [39m[32m200[39m [90m89 ms - 12[39m
[35m[HTTP][39m [90m[39m
[35m[HTTP][39m [37m-->[39m [37mPOST[39m [37m/wd/hub/session/77414b13-6be6-48b4-91b9-1e837dc2642f/elements[39m
[35m[HTTP][39m [90m{"using":"xpath","value":"//*[@class = 'android.widget.EditText' and (@text = 'email address' or . = 'email address') and @resource-id = '']"}[39m
[35m[HTTP][39m [37m<-- POST /wd/hub/session/77414b13-6be6-48b4-91b9-1e837dc2642f/elements [39m[32m200[39m [90m110 ms - 12[39m
[35m[HTTP][39m [90m[39m
[35m[HTTP][39m [37m-->[39m [37mPOST[39m [37m/wd/hub/session/77414b13-6be6-48b4-91b9-1e837dc2642f/elements[39m
[35m[HTTP][39m [90m{"using":"xpath","value":"//*[@class = 'android.widget.EditText' and (@text = 'email address' or . = 'email address') and @resource-id = '']"}[39m
[35m[HTTP][39m [37m<-- POST /wd/hub/session/77414b13-6be6-48b4-91b9-1e837dc2642f/elements [39m[32m200[39m [90m111 ms - 12[39m
[35m[HTTP][39m [90m[39m
[35m[HTTP][39m [37m-->[39m [37mPOST[39m [37m/wd/hub/session/77414b13-6be6-48b4-91b9-1e837dc2642f/elements[39m
[35m[HTTP][39m [90m{"using":"xpath","value":"//*[@class = 'android.widget.EditText' and (@text = 'email address' or . = 'email address') and @resource-id = '']"}[39m
[35m[HTTP][39m [37m<-- POST /wd/hub/session/77414b13-6be6-48b4-91b9-1e837dc2642f/elements [39m[32m200[39m [90m96 ms - 12[39m
[35m[HTTP][39m [90m[39m
[35m[HTTP][39m [37m-->[39m [37mPOST[39m [37m/wd/hub/session/77414b13-6be6-48b4-91b9-1e837dc2642f/elements[39m
[35m[HTTP][39m [90m{"using":"xpath","value":"//*[@class = 'android.widget.EditText' and (@text = 'email address' or . = 'email address') and @resource-id = '']"}[39m
[35m[HTTP][39m [37m<-- POST /wd/hub/session/77414b13-6be6-48b4-91b9-1e837dc2642f/elements [39m[32m200[39m [90m109 ms - 12[39m
[35m[HTTP][39m [90m[39m
[35m[HTTP][39m [37m-->[39m [37mPOST[39m [37m/wd/hub/session/77414b13-6be6-48b4-91b9-1e837dc2642f/elements[39m
[35m[HTTP][39m [90m{"using":"xpath","value":"//*[@class = 'android.widget.EditText' and (@text = 'email address' or . = 'email address') and @resource-id = '']"}[39m
[35m[HTTP][39m [37m<-- POST /wd/hub/session/77414b13-6be6-48b4-91b9-1e837dc2642f/elements [39m[32m200[39m [90m83 ms - 12[39m
[35m[HTTP][39m [90m[39m
[35m[HTTP][39m [37m-->[39m [37mPOST[39m [37m/wd/hub/session/77414b13-6be6-48b4-91b9-1e837dc2642f/elements[39m
[35m[HTTP][39m [90m{"using":"xpath","value":"//*[@class = 'android.widget.EditText' and (@text = 'email address' or . = 'email address') and @resource-id = '']"}[39m
[35m[HTTP][39m [37m<-- POST /wd/hub/session/77414b13-6be6-48b4-91b9-1e837dc2642f/elements [39m[32m200[39m [90m97 ms - 12[39m
[35m[HTTP][39m [90m[39m
[35m[HTTP][39m [37m-->[39m [37mPOST[39m [37m/wd/hub/session/77414b13-6be6-48b4-91b9-1e837dc2642f/elements[39m
[35m[HTTP][39m [90m{"using":"xpath","value":"//*[@class = 'android.widget.EditText' and (@text = 'email address' or . = 'email address') and @resource-id = '']"}[39m
[35m[HTTP][39m [37m<-- POST /wd/hub/session/77414b13-6be6-48b4-91b9-1e837dc2642f/elements [39m[32m200[39m [90m102 ms - 12[39m
[35m[HTTP][39m [90m[39m
[35m[HTTP][39m [37m-->[39m [37mPOST[39m [37m/wd/hub/session/77414b13-6be6-48b4-91b9-1e837dc2642f/elements[39m
[35m[HTTP][39m [90m{"using":"xpath","value":"//*[@class = 'android.widget.EditText' and (@text = 'email address' or . = 'email address') and @resource-id = '']"}[39m
[35m[HTTP][39m [37m<-- POST /wd/hub/session/77414b13-6be6-48b4-91b9-1e837dc2642f/elements [39m[32m200[39m [90m98 ms - 12[39m
[35m[HTTP][39m [90m[39m
[35m[HTTP][39m [37m-->[39m [37mPOST[39m [37m/wd/hub/session/77414b13-6be6-48b4-91b9-1e837dc2642f/elements[39m
[35m[HTTP][39m [90m{"using":"xpath","value":"//*[@class = 'android.widget.EditText' and (@text = 'email address' or . = 'email address') and @resource-id = '']"}[39m
[35m[HTTP][39m [37m<-- POST /wd/hub/session/77414b13-6be6-48b4-91b9-1e837dc2642f/elements [39m[32m200[39m [90m1225 ms - 12[39m
[35m[HTTP][39m [90m[39m
[35m[HTTP][39m [37m-->[39m [37mPOST[39m [37m/wd/hub/session/77414b13-6be6-48b4-91b9-1e837dc2642f/elements[39m
[35m[HTTP][39m [90m{"using":"xpath","value":"//*[@class = 'android.widget.EditText' and (@text = 'email address' or . = 'email address') and @resource-id = '']"}[39m
[35m[HTTP][39m [37m<-- POST /wd/hub/session/77414b13-6be6-48b4-91b9-1e837dc2642f/elements [39m[32m200[39m [90m93 ms - 12[39m
[35m[HTTP][39m [90m[39m
[35m[HTTP][39m [37m-->[39m [37mPOST[39m [37m/wd/hub/session/77414b13-6be6-48b4-91b9-1e837dc2642f/elements[39m
[35m[HTTP][39m [90m{"using":"xpath","value":"//*[@class = 'android.widget.EditText' and (@text = 'email address' or . = 'email address') and @resource-id = '']"}[39m
[35m[HTTP][39m [37m<-- POST /wd/hub/session/77414b13-6be6-48b4-91b9-1e837dc2642f/elements [39m[32m200[39m [90m96 ms - 12[39m
[35m[HTTP][39m [90m[39m
[35m[HTTP][39m [37m-->[39m [37mPOST[39m [37m/wd/hub/session/77414b13-6be6-48b4-91b9-1e837dc2642f/elements[39m
[35m[HTTP][39m [90m{"using":"xpath","value":"//*[@class = 'android.widget.EditText' and (@text = 'email address' or . = 'email address') and @resource-id = '']"}[39m
[35m[HTTP][39m [37m<-- POST /wd/hub/session/77414b13-6be6-48b4-91b9-1e837dc2642f/elements [39m[32m200[39m [90m59 ms - 12[39m
[35m[HTTP][39m [90m[39m
[35m[HTTP][39m [37m-->[39m [37mPOST[39m [37m/wd/hub/session/77414b13-6be6-48b4-91b9-1e837dc2642f/elements[39m
[35m[HTTP][39m [90m{"using":"xpath","value":"//*[@class = 'android.widget.EditText' and (@text = 'email address' or . = 'email address') and @resource-id = '']"}[39m
[35m[HTTP][39m [37m<-- POST /wd/hub/session/77414b13-6be6-48b4-91b9-1e837dc2642f/elements [39m[32m200[39m [90m57 ms - 12[39m
[35m[HTTP][39m [90m[39m
[35m[HTTP][39m [37m-->[39m [37mPOST[39m [37m/wd/hub/session/77414b13-6be6-48b4-91b9-1e837dc2642f/elements[39m
[35m[HTTP][39m [90m{"using":"xpath","value":"//*[@class = 'android.widget.EditText' and (@text = 'email address' or . = 'email address') and @resource-id = '']"}[39m
[35m[HTTP][39m [37m<-- POST /wd/hub/session/77414b13-6be6-48b4-91b9-1e837dc2642f/elements [39m[32m200[39m [90m55 ms - 12[39m
[35m[HTTP][39m [90m[39m
[35m[HTTP][39m [37m-->[39m [37mPOST[39m [37m/wd/hub/session/77414b13-6be6-48b4-91b9-1e837dc2642f/elements[39m
[35m[HTTP][39m [90m{"using":"xpath","value":"//*[@class = 'android.widget.EditText' and (@text = 'email address' or . = 'email address') and @resource-id = '']"}[39m
[35m[HTTP][39m [37m<-- POST /wd/hub/session/77414b13-6be6-48b4-91b9-1e837dc2642f/elements [39m[32m200[39m [90m57 ms - 12[39m
[35m[HTTP][39m [90m[39m
[35m[HTTP][39m [37m-->[39m [37mPOST[39m [37m/wd/hub/session/77414b13-6be6-48b4-91b9-1e837dc2642f/elements[39m
[35m[HTTP][39m [90m{"using":"xpath","value":"//*[@class = 'android.widget.EditText' and (@text = 'email address' or . = 'email address') and @resource-id = '']"}[39m
[35m[HTTP][39m [37m<-- POST /wd/hub/session/77414b13-6be6-48b4-91b9-1e837dc2642f/elements [39m[32m200[39m [90m127 ms - 12[39m
[35m[HTTP][39m [90m[39m
[35m[HTTP][39m [37m-->[39m [37mPOST[39m [37m/wd/hub/session/77414b13-6be6-48b4-91b9-1e837dc2642f/elements[39m
[35m[HTTP][39m [90m{"using":"xpath","value":"//*[@class = 'android.widget.EditText' and (@text = 'email address' or . = 'email address') and @resource-id = '']"}[39m
[35m[HTTP][39m [37m<-- POST /wd/hub/session/77414b13-6be6-48b4-91b9-1e837dc2642f/elements [39m[32m200[39m [90m53 ms - 12[39m
[35m[HTTP][39m [90m[39m
[35m[HTTP][39m [37m-->[39m [37mPOST[39m [37m/wd/hub/session/77414b13-6be6-48b4-91b9-1e837dc2642f/elements[39m
[35m[HTTP][39m [90m{"using":"xpath","value":"//*[@class = 'android.widget.EditText' and (@text = 'email address' or . = 'email address') and @resource-id = '']"}[39m
[35m[HTTP][39m [37m<-- POST /wd/hub/session/77414b13-6be6-48b4-91b9-1e837dc2642f/elements [39m[32m200[39m [90m100 ms - 12[39m
[35m[HTTP][39m [90m[39m
[35m[HTTP][39m [37m-->[39m [37mPOST[39m [37m/wd/hub/session/77414b13-6be6-48b4-91b9-1e837dc2642f/elements[39m
[35m[HTTP][39m [90m{"using":"xpath","value":"//*[@class = 'android.widget.EditText' and (@text = 'email address' or . = 'email address') and @resource-id = '']"}[39m
[35m[HTTP][39m [37m<-- POST /wd/hub/session/77414b13-6be6-48b4-91b9-1e837dc2642f/elements [39m[32m200[39m [90m101 ms - 12[39m
[35m[HTTP][39m [90m[39m
[35m[HTTP][39m [37m-->[39m [37mPOST[39m [37m/wd/hub/session/77414b13-6be6-48b4-91b9-1e837dc2642f/elements[39m
[35m[HTTP][39m [90m{"using":"xpath","value":"//*[@class = 'android.widget.EditText' and (@text = 'email address' or . = 'email address') and @resource-id = '']"}[39m
[35m[HTTP][39m [37m<-- POST /wd/hub/session/77414b13-6be6-48b4-91b9-1e837dc2642f/elements [39m[32m200[39m [90m123 ms - 12[39m
[35m[HTTP][39m [90m[39m
[35m[HTTP][39m [37m-->[39m [37mPOST[39m [37m/wd/hub/session/77414b13-6be6-48b4-91b9-1e837dc2642f/elements[39m
[35m[HTTP][39m [90m{"using":"xpath","value":"//*[@class = 'android.widget.EditText' and (@text = 'email address' or . = 'email address') and @resource-id = '']"}[39m
[35m[HTTP][39m [37m<-- POST /wd/hub/session/77414b13-6be6-48b4-91b9-1e837dc2642f/elements [39m[32m200[39m [90m833 ms - 12[39m
[35m[HTTP][39m [90m[39m
[35m[HTTP][39m [37m-->[39m [37mPOST[39m [37m/wd/hub/session/77414b13-6be6-48b4-91b9-1e837dc2642f/elements[39m
[35m[HTTP][39m [90m{"using":"xpath","value":"//*[@class = 'android.widget.EditText' and (@text = 'email address' or . = 'email address') and @resource-id = '']"}[39m
[35m[HTTP][39m [37m<-- POST /wd/hub/session/77414b13-6be6-48b4-91b9-1e837dc2642f/elements [39m[32m200[39m [90m387 ms - 139[39m
[35m[HTTP][39m [90m[39m
[35m[HTTP][39m [37m-->[39m [37mGET[39m [37m/wd/hub/session/77414b13-6be6-48b4-91b9-1e837dc2642f/element/00000000-0000-15c1-0000-002400000003/location[39m
[35m[HTTP][39m [90m{}[39m
[35m[W3C (77414b13)][39m Driver proxy active, passing request on via HTTP proxy
[35m[WD Proxy][39m Replacing sessionId 2467c63c-ffa1-49c7-9a4e-fc5dc99cf04c with 77414b13-6be6-48b4-91b9-1e837dc2642f
[35m[HTTP][39m [37m<-- GET /wd/hub/session/77414b13-6be6-48b4-91b9-1e837dc2642f/element/00000000-0000-15c1-0000-002400000003/location [39m[32m200[39m [90m423 ms - 78[39m
[35m[HTTP][39m [90m[39m
[35m[HTTP][39m [37m-->[39m [37mPOST[39m [37m/wd/hub/session/77414b13-6be6-48b4-91b9-1e837dc2642f/timeouts[39m
[35m[HTTP][39m [90m{"implicit":30000}[39m
[35m[HTTP][39m [37m<-- POST /wd/hub/session/77414b13-6be6-48b4-91b9-1e837dc2642f/timeouts [39m[32m200[39m [90m1 ms - 14[39m
[35m[HTTP][39m [90m[39m
[35m[HTTP][39m [37m-->[39m [37mPOST[39m [37m/wd/hub/session/77414b13-6be6-48b4-91b9-1e837dc2642f/element/00000000-0000-15c1-0000-002400000003/click[39m
[35m[HTTP][39m [90m{"id":"00000000-0000-15c1-0000-002400000003"}[39m
[35m[HTTP][39m [37m<-- POST /wd/hub/session/77414b13-6be6-48b4-91b9-1e837dc2642f/element/00000000-0000-15c1-0000-002400000003/click [39m[32m200[39m [90m64 ms - 14[39m
[35m[HTTP][39m [90m[39m
[35m[HTTP][39m [37m-->[39m [37mPOST[39m [37m/wd/hub/session/77414b13-6be6-48b4-91b9-1e837dc2642f/timeouts[39m
[35m[HTTP][39m [90m{"implicit":50}[39m
[35m[HTTP][39m [37m<-- POST /wd/hub/session/77414b13-6be6-48b4-91b9-1e837dc2642f/timeouts [39m[32m200[39m [90m1 ms - 14[39m
[35m[HTTP][39m [90m[39m
[35m[HTTP][39m [37m-->[39m [37mGET[39m [37m/wd/hub/session/77414b13-6be6-48b4-91b9-1e837dc2642f/window/rect[39m
[35m[HTTP][39m [90m{}[39m
[35m[HTTP][39m [37m<-- GET /wd/hub/session/77414b13-6be6-48b4-91b9-1e837dc2642f/window/rect [39m[32m200[39m [90m20 ms - 50[39m
[35m[HTTP][39m [90m[39m
[35m[HTTP][39m [37m-->[39m [37mPOST[39m [37m/wd/hub/session/77414b13-6be6-48b4-91b9-1e837dc2642f/elements[39m
[35m[HTTP][39m [90m{"using":"xpath","value":"//*[@class = 'android.widget.EditText' and @resource-id = '' and (@text = '' or . = '')]"}[39m
[35m[HTTP][39m [37m<-- POST /wd/hub/session/77414b13-6be6-48b4-91b9-1e837dc2642f/elements [39m[32m200[39m [90m1214 ms - 139[39m
[35m[HTTP][39m [90m[39m
[35m[HTTP][39m [37m-->[39m [37mGET[39m [37m/wd/hub/session/77414b13-6be6-48b4-91b9-1e837dc2642f/element/00000000-0000-15c1-0000-002400000003/location[39m
[35m[HTTP][39m [90m{}[39m
[35m[W3C (77414b13)][39m Driver proxy active, passing request on via HTTP proxy
[35m[WD Proxy][39m Replacing sessionId 2467c63c-ffa1-49c7-9a4e-fc5dc99cf04c with 77414b13-6be6-48b4-91b9-1e837dc2642f
[35m[HTTP][39m [37m<-- GET /wd/hub/session/77414b13-6be6-48b4-91b9-1e837dc2642f/element/00000000-0000-15c1-0000-002400000003/location [39m[32m200[39m [90m15 ms - 78[39m
[35m[HTTP][39m [90m[39m
[35m[HTTP][39m [37m-->[39m [37mPOST[39m [37m/wd/hub/session/77414b13-6be6-48b4-91b9-1e837dc2642f/timeouts[39m
[35m[HTTP][39m [90m{"implicit":30000}[39m
[35m[HTTP][39m [37m<-- POST /wd/hub/session/77414b13-6be6-48b4-91b9-1e837dc2642f/timeouts [39m[32m200[39m [90m1 ms - 14[39m
[35m[HTTP][39m [90m[39m
[35m[HTTP][39m [37m-->[39m [37mPOST[39m [37m/wd/hub/session/77414b13-6be6-48b4-91b9-1e837dc2642f/element/00000000-0000-15c1-0000-002400000003/clear[39m
[35m[HTTP][39m [90m{"id":"00000000-0000-15c1-0000-002400000003"}[39m
[35m[HTTP][39m [37m<-- POST /wd/hub/session/77414b13-6be6-48b4-91b9-1e837dc2642f/element/00000000-0000-15c1-0000-002400000003/clear [39m[32m200[39m [90m34 ms - 14[39m
[35m[HTTP][39m [90m[39m
[35m[HTTP][39m [37m-->[39m [37mPOST[39m [37m/wd/hub/session/77414b13-6be6-48b4-91b9-1e837dc2642f/element/00000000-0000-15c1-0000-002400000003/value[39m
[35m[HTTP][39m [90m{"id":"00000000-0000-15c1-0000-002400000003","text":"cynthia123","value":["c","y","n","t","h","i","a","1","2","3"]}[39m
[35m[HTTP][39m [37m<-- POST /wd/hub/session/77414b13-6be6-48b4-91b9-1e837dc2642f/element/00000000-0000-15c1-0000-002400000003/value [39m[32m200[39m [90m41 ms - 14[39m
[35m[HTTP][39m [90m[39m
[35m[HTTP][39m [37m-->[39m [37mGET[39m [37m/wd/hub/session/77414b13-6be6-48b4-91b9-1e837dc2642f/context[39m
[35m[HTTP][39m [90m{}[39m
[35m[HTTP][39m [37m<-- GET /wd/hub/session/77414b13-6be6-48b4-91b9-1e837dc2642f/context [39m[32m200[39m [90m1 ms - 22[39m
[35m[HTTP][39m [90m[39m
[35m[HTTP][39m [37m-->[39m [37mGET[39m [37m/wd/hub/session/77414b13-6be6-48b4-91b9-1e837dc2642f/contexts[39m
[35m[HTTP][39m [90m{}[39m
[35m[HTTP][39m [37m<-- GET /wd/hub/session/77414b13-6be6-48b4-91b9-1e837dc2642f/contexts [39m[32m200[39m [90m162 ms - 41[39m
[35m[HTTP][39m [90m[39m
[35m[HTTP][39m [37m-->[39m [37mPOST[39m [37m/wd/hub/session/77414b13-6be6-48b4-91b9-1e837dc2642f/context[39m
[35m[HTTP][39m [90m{"name":"NATIVE_APP"}[39m
[35m[HTTP][39m [37m<-- POST /wd/hub/session/77414b13-6be6-48b4-91b9-1e837dc2642f/context [39m[32m200[39m [90m2 ms - 14[39m
[35m[HTTP][39m [90m[39m
[35m[HTTP][39m [37m-->[39m [37mPOST[39m [37m/wd/hub/session/77414b13-6be6-48b4-91b9-1e837dc2642f/appium/device/hide_keyboard[39m
[35m[HTTP][39m [90m{}[39m
[35m[HTTP][39m [37m<-- POST /wd/hub/session/77414b13-6be6-48b4-91b9-1e837dc2642f/appium/device/hide_keyboard [39m[32m200[39m [90m2900 ms - 14[39m
[35m[HTTP][39m [90m[39m
[35m[HTTP][39m [37m-->[39m [37mPOST[39m [37m/wd/hub/session/77414b13-6be6-48b4-91b9-1e837dc2642f/context[39m
[35m[HTTP][39m [90m{"name":"NATIVE_APP"}[39m
[35m[HTTP][39m [37m<-- POST /wd/hub/session/77414b13-6be6-48b4-91b9-1e837dc2642f/context [39m[32m200[39m [90m1 ms - 14[39m
[35m[HTTP][39m [90m[39m
[35m[HTTP][39m [37m-->[39m [37mPOST[39m [37m/wd/hub/session/77414b13-6be6-48b4-91b9-1e837dc2642f/timeouts[39m
[35m[HTTP][39m [90m{"implicit":50}[39m
[35m[HTTP][39m [37m<-- POST /wd/hub/session/77414b13-6be6-48b4-91b9-1e837dc2642f/timeouts [39m[32m200[39m [90m1 ms - 14[39m
[35m[HTTP][39m [90m[39m
[35m[HTTP][39m [37m-->[39m [37mGET[39m [37m/wd/hub/session/77414b13-6be6-48b4-91b9-1e837dc2642f/window/rect[39m
[35m[HTTP][39m [90m{}[39m
[35m[HTTP][39m [37m<-- GET /wd/hub/session/77414b13-6be6-48b4-91b9-1e837dc2642f/window/rect [39m[32m200[39m [90m17 ms - 50[39m
[35m[HTTP][39m [90m[39m
[35m[HTTP][39m [37m-->[39m [37mPOST[39m [37m/wd/hub/session/77414b13-6be6-48b4-91b9-1e837dc2642f/elements[39m
[35m[HTTP][39m [90m{"using":"xpath","value":"//*[@class = 'android.widget.Button' and @resource-id = '' and (@text = '' or . = '')]"}[39m
[35m[HTTP][39m [37m<-- POST /wd/hub/session/77414b13-6be6-48b4-91b9-1e837dc2642f/elements [39m[32m200[39m [90m162 ms - 139[39m
[35m[HTTP][39m [90m[39m
[35m[HTTP][39m [37m-->[39m [37mGET[39m [37m/wd/hub/session/77414b13-6be6-48b4-91b9-1e837dc2642f/element/00000000-0000-15c1-0000-002500000003/location[39m
[35m[HTTP][39m [90m{}[39m
[35m[W3C (77414b13)][39m Driver proxy active, passing request on via HTTP proxy
[35m[WD Proxy][39m Replacing sessionId 2467c63c-ffa1-49c7-9a4e-fc5dc99cf04c with 77414b13-6be6-48b4-91b9-1e837dc2642f
[35m[HTTP][39m [37m<-- GET /wd/hub/session/77414b13-6be6-48b4-91b9-1e837dc2642f/element/00000000-0000-15c1-0000-002500000003/location [39m[32m200[39m [90m28 ms - 78[39m
[35m[HTTP][39m [90m[39m
[35m[HTTP][39m [37m-->[39m [37mPOST[39m [37m/wd/hub/session/77414b13-6be6-48b4-91b9-1e837dc2642f/timeouts[39m
[35m[HTTP][39m [90m{"implicit":30000}[39m
[35m[HTTP][39m [37m<-- POST /wd/hub/session/77414b13-6be6-48b4-91b9-1e837dc2642f/timeouts [39m[32m200[39m [90m1 ms - 14[39m
[35m[HTTP][39m [90m[39m
[35m[HTTP][39m [37m-->[39m [37mPOST[39m [37m/wd/hub/session/77414b13-6be6-48b4-91b9-1e837dc2642f/element/00000000-0000-15c1-0000-002500000003/click[39m
[35m[HTTP][39m [90m{"id":"00000000-0000-15c1-0000-002500000003"}[39m
[35m[HTTP][39m [37m<-- POST /wd/hub/session/77414b13-6be6-48b4-91b9-1e837dc2642f/element/00000000-0000-15c1-0000-002500000003/click [39m[32m200[39m [90m584 ms - 14[39m
[35m[HTTP][39m [90m[39m
[35m[HTTP][39m [37m-->[39m [37mPOST[39m [37m/wd/hub/session/77414b13-6be6-48b4-91b9-1e837dc2642f/timeouts[39m
[35m[HTTP][39m [90m{"implicit":50}[39m
[35m[HTTP][39m [37m<-- POST /wd/hub/session/77414b13-6be6-48b4-91b9-1e837dc2642f/timeouts [39m[32m200[39m [90m1 ms - 14[39m
[35m[HTTP][39m [90m[39m
[35m[HTTP][39m [37m-->[39m [37mGET[39m [37m/wd/hub/session/77414b13-6be6-48b4-91b9-1e837dc2642f/window/rect[39m
[35m[HTTP][39m [90m{}[39m
[35m[HTTP][39m [37m<-- GET /wd/hub/session/77414b13-6be6-48b4-91b9-1e837dc2642f/window/rect [39m[32m200[39m [90m17 ms - 50[39m
[35m[HTTP][39m [90m[39m
[35m[HTTP][39m [37m-->[39m [37mPOST[39m [37m/wd/hub/session/77414b13-6be6-48b4-91b9-1e837dc2642f/elements[39m
[35m[HTTP][39m [90m{"using":"accessibility id","value":"Not a valid email"}[39m
[35m[HTTP][39m [37m<-- POST /wd/hub/session/77414b13-6be6-48b4-91b9-1e837dc2642f/elements [39m[32m200[39m [90m49 ms - 139[39m
[35m[HTTP][39m [90m[39m
[35m[HTTP][39m [37m-->[39m [37mGET[39m [37m/wd/hub/session/77414b13-6be6-48b4-91b9-1e837dc2642f/element/00000000-0000-15c1-0000-002900000003/location[39m
[35m[HTTP][39m [90m{}[39m
[35m[W3C (77414b13)][39m Driver proxy active, passing request on via HTTP proxy
[35m[WD Proxy][39m Replacing sessionId 2467c63c-ffa1-49c7-9a4e-fc5dc99cf04c with 77414b13-6be6-48b4-91b9-1e837dc2642f
[35m[HTTP][39m [37m<-- GET /wd/hub/session/77414b13-6be6-48b4-91b9-1e837dc2642f/element/00000000-0000-15c1-0000-002900000003/location [39m[32m200[39m [90m22 ms - 79[39m
[35m[HTTP][39m [90m[39m
[35m[HTTP][39m [37m-->[39m [37mPOST[39m [37m/wd/hub/session/77414b13-6be6-48b4-91b9-1e837dc2642f/timeouts[39m
[35m[HTTP][39m [90m{"implicit":30000}[39m
[35m[HTTP][39m [37m<-- POST /wd/hub/session/77414b13-6be6-48b4-91b9-1e837dc2642f/timeouts [39m[32m200[39m [90m1 ms - 14[39m
[35m[HTTP][39m [90m[39m
[35m[HTTP][39m [37m-->[39m [37mGET[39m [37m/wd/hub/session/77414b13-6be6-48b4-91b9-1e837dc2642f/element/00000000-0000-15c1-0000-002900000003/text[39m
[35m[HTTP][39m [90m{}[39m
[35m[W3C (77414b13)][39m Driver proxy active, passing request on via HTTP proxy
[35m[WD Proxy][39m Replacing sessionId 2467c63c-ffa1-49c7-9a4e-fc5dc99cf04c with 77414b13-6be6-48b4-91b9-1e837dc2642f
[35m[HTTP][39m [37m<-- GET /wd/hub/session/77414b13-6be6-48b4-91b9-1e837dc2642f/element/00000000-0000-15c1-0000-002900000003/text [39m[32m200[39m [90m20 ms - 63[39m
[35m[HTTP][39m [90m[39m
[35m[HTTP][39m [37m-->[39m [37mDELETE[39m [37m/wd/hub/session/77414b13-6be6-48b4-91b9-1e837dc2642f[39m
[35m[HTTP][39m [90m{}[39m
[35m[Appium][39m Removing session 77414b13-6be6-48b4-91b9-1e837dc2642f from our master session list
[35m[ADB][39m com.example.flutter_capstone_6 was successfully uninstalled
[35m[UiAutomator2][39m Restoring hidden api policy to the device default configuration
[35m[HTTP][39m [37m<-- DELETE /wd/hub/session/77414b13-6be6-48b4-91b9-1e837dc2642f [39m[32m200[39m [90m2170 ms - 14[39m
[35m[HTTP][39m [90m[39m
