[35m[Appium][39m Welcome to Appium v1.22.3
[35m[Appium][39m Non-default server args:
[35m[Appium][39m   port: 65371
[35m[Appium][39m   loglevel: info
[35m[Appium][39m   tmpDir: C:\Users\Asus\AppData\Local\Temp\\Katalon\Appium\Temp1671571026597
[35m[Appium][39m   chromedriverPort: 65372
[35m[Appium][39m Deprecated server args:
[35m[Appium][39m   [31m--chromedriver-port[39m => --default-capabilities
[35m[Appium][39m Default capabilities, which will be added to each request unless overridden by desired capabilities:
[35m[Appium][39m   chromedriverPort: 65372
[35m[Appium][39m Appium REST http interface listener started on 0.0.0.0:65371
[35m[HTTP][39m [37m-->[39m [37mGET[39m [37m/wd/hub/status[39m
[35m[HTTP][39m [90m{}[39m
[35m[HTTP][39m [37m<-- GET /wd/hub/status [39m[32m200[39m [90m4 ms - 68[39m
[35m[HTTP][39m [90m[39m
[35m[HTTP][39m [37m-->[39m [37mPOST[39m [37m/wd/hub/session[39m
[35m[HTTP][39m [90m{"desiredCapabilities":{"app":"E:\\SEMESTER 7\\MBKM\\Capstone Project\\CICD\\Aplikasi\\Terbaru\\app-release.apk","noReset":false,"deviceName":"Xiaomi Redmi Note 9 Pro (Android 11)","fullReset":true,"platform":"ANDROID","newCommandTimeout":1800,"platformVersion":"11","automationName":"uiautomator2","autoGrantPermissions":true,"platformName":"Android","udid":"9821f742","systemPort":65370},"capabilities":{"firstMatch":[{"appium:app":"E:\\SEMESTER 7\\MBKM\\Capstone Project\\CICD\\Aplikasi\\Terbaru\\app-release.apk","appium:autoGrantPermissions":true,"appium:automationName":"uiautomator2","appium:deviceName":"Xiaomi Redmi Note 9 Pro (Android 11)","appium:fullReset":true,"appium:newCommandTimeout":1800,"appium:noReset":false,"platform":"ANDROID","platformName":"android","appium:platformVersion":"11","appium:systemPort":65370,"appium:udid":"9821f742"}]}}[39m
[35m[BaseDriver][39m The following capabilities are not standard capabilities and should have an extension prefix:
[35m[BaseDriver][39m   platform
[35m[BaseDriver][39m   chromedriverPort
[35m[Appium][39m Appium v1.22.3 creating new AndroidUiautomator2Driver (v1.70.1) session
[35m[BaseDriver][39m The following capabilities were provided, but are not recognized by Appium:
[35m[BaseDriver][39m   platform
[35m[BaseDriver][39m Session created with session id: 579e59d1-ce95-4067-835a-898915a1338a
[35m[BaseDriver][39m Using local app 'E:\SEMESTER 7\MBKM\Capstone Project\CICD\Aplikasi\Terbaru\app-release.apk'
[35m[ADB][39m Found 2 'build-tools' folders under 'C:\Users\Asus\AppData\Local\Android\Sdk' (newest first):
[35m[ADB][39m     C:/Users/Asus/AppData/Local/Android/Sdk/build-tools/33.0.0
[35m[ADB][39m     C:/Users/Asus/AppData/Local/Android/Sdk/build-tools/30.0.3
[35m[ADB][39m Using 'adb.exe' from 'C:\Users\Asus\AppData\Local\Android\Sdk\platform-tools\adb.exe'
[35m[AndroidDriver][39m Retrieving device list
[35m[AndroidDriver][39m Using device: 9821f742
[35m[ADB][39m Using 'adb.exe' from 'C:\Users\Asus\AppData\Local\Android\Sdk\platform-tools\adb.exe'
[35m[ADB][39m Getting device platform version
[35m[UiAutomator2][39m Relaxing hidden api policy
[35m[ADB][39m Package name: 'com.example.flutter_capstone_6'
[35m[ADB][39m Main activity name: 'com.example.flutter_capstone_6.MainActivity'
[35m[ADB][39m Using 'apksigner.jar' from 'C:\Users\Asus\AppData\Local\Android\Sdk\build-tools\33.0.0\lib\apksigner.jar'
[35m[ADB][39m 'C:\Users\Asus\AppData\Roaming\npm\node_modules\appium\node_modules\appium-uiautomator2-server\apks\appium-uiautomator2-server-v4.27.0.apk' is signed with the default certificate
[35m[ADB][39m 'C:\Users\Asus\AppData\Roaming\npm\node_modules\appium\node_modules\appium-uiautomator2-server\apks\appium-uiautomator2-server-debug-androidTest.apk' is signed with the default certificate
[35m[UiAutomator2][39m Server packages are not going to be (re)installed
[35m[ADB][39m Adding packages ["io.appium.settings","io.appium.uiautomator2.server","io.appium.uiautomator2.server.test"] to Doze whitelist
[35m[ADB][39m 'E:\SEMESTER 7\MBKM\Capstone Project\CICD\Aplikasi\Terbaru\app-release.apk' is signed with a non-default certificate
[35m[ADB][39m com.example.flutter_capstone_6 was not uninstalled, because it was not present on the device
[35m[ADB][39m The application at 'E:\SEMESTER 7\MBKM\Capstone Project\CICD\Aplikasi\Terbaru\app-release.apk' will not be cached, because the device under test has confirmed the support of streamed installs
[35m[ADB][39m The installation of 'app-release.apk' took 9304ms
[35m[UiAutomator2][39m Starting UIAutomator2 server 4.27.0
[35m[UiAutomator2][39m Using UIAutomator2 server from 'C:\Users\Asus\AppData\Roaming\npm\node_modules\appium\node_modules\appium-uiautomator2-server\apks\appium-uiautomator2-server-v4.27.0.apk' and test from 'C:\Users\Asus\AppData\Roaming\npm\node_modules\appium\node_modules\appium-uiautomator2-server\apks\appium-uiautomator2-server-debug-androidTest.apk'
[35m[UiAutomator2][39m Waiting up to 30000ms for UiAutomator2 to be online...
[35m[WD Proxy][39m socket hang up
[35m[WD Proxy][39m socket hang up
[35m[WD Proxy][39m socket hang up
[35m[WD Proxy][39m Determined the downstream protocol as 'W3C'
[35m[AndroidDriver][39m Screen already unlocked, doing nothing
[35m[UiAutomator2][39m Starting 'com.example.flutter_capstone_6/com.example.flutter_capstone_6.MainActivity and waiting for 'com.example.flutter_capstone_6/com.example.flutter_capstone_6.MainActivity'
[35m[Appium][39m New AndroidUiautomator2Driver session created successfully, session 579e59d1-ce95-4067-835a-898915a1338a added to master session list
[35m[HTTP][39m [37m<-- POST /wd/hub/session [39m[32m200[39m [90m18706 ms - 1329[39m
[35m[HTTP][39m [90m[39m
[35m[HTTP][39m [37m-->[39m [37mGET[39m [37m/wd/hub/session/579e59d1-ce95-4067-835a-898915a1338a[39m
[35m[HTTP][39m [90m{}[39m
[35m[HTTP][39m [37m<-- GET /wd/hub/session/579e59d1-ce95-4067-835a-898915a1338a [39m[32m200[39m [90m14 ms - 1283[39m
[35m[HTTP][39m [90m[39m
[35m[HTTP][39m [37m-->[39m [37mGET[39m [37m/wd/hub/session/579e59d1-ce95-4067-835a-898915a1338a[39m
[35m[HTTP][39m [90m{}[39m
[35m[HTTP][39m [37m<-- GET /wd/hub/session/579e59d1-ce95-4067-835a-898915a1338a [39m[32m200[39m [90m9 ms - 1283[39m
[35m[HTTP][39m [90m[39m
[35m[HTTP][39m [37m-->[39m [37mGET[39m [37m/wd/hub/status[39m
[35m[HTTP][39m [90m{}[39m
[35m[HTTP][39m [37m<-- GET /wd/hub/status [39m[32m200[39m [90m1 ms - 68[39m
[35m[HTTP][39m [90m[39m
[35m[HTTP][39m [37m-->[39m [37mPOST[39m [37m/wd/hub/session/579e59d1-ce95-4067-835a-898915a1338a/timeouts[39m
[35m[HTTP][39m [90m{"implicit":30000}[39m
[35m[HTTP][39m [37m<-- POST /wd/hub/session/579e59d1-ce95-4067-835a-898915a1338a/timeouts [39m[32m200[39m [90m2 ms - 14[39m
[35m[HTTP][39m [90m[39m
[35m[HTTP][39m [37m-->[39m [37mGET[39m [37m/wd/hub/session/579e59d1-ce95-4067-835a-898915a1338a/screenshot[39m
[35m[HTTP][39m [90m{}[39m
[35m[HTTP][39m [37m<-- GET /wd/hub/session/579e59d1-ce95-4067-835a-898915a1338a/screenshot [39m[32m200[39m [90m369 ms - 55524[39m
[35m[HTTP][39m [90m[39m
[35m[HTTP][39m [37m-->[39m [37mGET[39m [37m/wd/hub/session/579e59d1-ce95-4067-835a-898915a1338a/window/rect[39m
[35m[HTTP][39m [90m{}[39m
[35m[HTTP][39m [37m<-- GET /wd/hub/session/579e59d1-ce95-4067-835a-898915a1338a/window/rect [39m[32m200[39m [90m23 ms - 50[39m
[35m[HTTP][39m [90m[39m
[35m[HTTP][39m [37m-->[39m [37mGET[39m [37m/wd/hub/session/579e59d1-ce95-4067-835a-898915a1338a/appium/device/system_bars[39m
[35m[HTTP][39m [90m{}[39m
[35m[HTTP][39m [37m<-- GET /wd/hub/session/579e59d1-ce95-4067-835a-898915a1338a/appium/device/system_bars [39m[32m200[39m [90m96 ms - 149[39m
[35m[HTTP][39m [90m[39m
[35m[HTTP][39m [37m-->[39m [37mPOST[39m [37m/wd/hub/session/579e59d1-ce95-4067-835a-898915a1338a/timeouts[39m
[35m[HTTP][39m [90m{"implicit":50}[39m
[35m[HTTP][39m [37m<-- POST /wd/hub/session/579e59d1-ce95-4067-835a-898915a1338a/timeouts [39m[32m200[39m [90m2 ms - 14[39m
[35m[HTTP][39m [90m[39m
[35m[HTTP][39m [37m-->[39m [37mGET[39m [37m/wd/hub/session/579e59d1-ce95-4067-835a-898915a1338a/window/rect[39m
[35m[HTTP][39m [90m{}[39m
[35m[HTTP][39m [37m<-- GET /wd/hub/session/579e59d1-ce95-4067-835a-898915a1338a/window/rect [39m[32m200[39m [90m10 ms - 50[39m
[35m[HTTP][39m [90m[39m
[35m[HTTP][39m [37m-->[39m [37mPOST[39m [37m/wd/hub/session/579e59d1-ce95-4067-835a-898915a1338a/elements[39m
[35m[HTTP][39m [90m{"using":"accessibility id","value":" Login"}[39m
[35m[HTTP][39m [37m<-- POST /wd/hub/session/579e59d1-ce95-4067-835a-898915a1338a/elements [39m[32m200[39m [90m78 ms - 12[39m
[35m[HTTP][39m [90m[39m
[35m[HTTP][39m [37m-->[39m [37mPOST[39m [37m/wd/hub/session/579e59d1-ce95-4067-835a-898915a1338a/elements[39m
[35m[HTTP][39m [90m{"using":"accessibility id","value":" Login"}[39m
[35m[HTTP][39m [37m<-- POST /wd/hub/session/579e59d1-ce95-4067-835a-898915a1338a/elements [39m[32m200[39m [90m78 ms - 12[39m
[35m[HTTP][39m [90m[39m
[35m[HTTP][39m [37m-->[39m [37mPOST[39m [37m/wd/hub/session/579e59d1-ce95-4067-835a-898915a1338a/elements[39m
[35m[HTTP][39m [90m{"using":"accessibility id","value":" Login"}[39m
[35m[HTTP][39m [37m<-- POST /wd/hub/session/579e59d1-ce95-4067-835a-898915a1338a/elements [39m[32m200[39m [90m77 ms - 12[39m
[35m[HTTP][39m [90m[39m
[35m[HTTP][39m [37m-->[39m [37mPOST[39m [37m/wd/hub/session/579e59d1-ce95-4067-835a-898915a1338a/elements[39m
[35m[HTTP][39m [90m{"using":"accessibility id","value":" Login"}[39m
[35m[HTTP][39m [37m<-- POST /wd/hub/session/579e59d1-ce95-4067-835a-898915a1338a/elements [39m[32m200[39m [90m78 ms - 12[39m
[35m[HTTP][39m [90m[39m
[35m[HTTP][39m [37m-->[39m [37mPOST[39m [37m/wd/hub/session/579e59d1-ce95-4067-835a-898915a1338a/elements[39m
[35m[HTTP][39m [90m{"using":"accessibility id","value":" Login"}[39m
[35m[HTTP][39m [37m<-- POST /wd/hub/session/579e59d1-ce95-4067-835a-898915a1338a/elements [39m[32m200[39m [90m79 ms - 12[39m
[35m[HTTP][39m [90m[39m
[35m[HTTP][39m [37m-->[39m [37mPOST[39m [37m/wd/hub/session/579e59d1-ce95-4067-835a-898915a1338a/elements[39m
[35m[HTTP][39m [90m{"using":"accessibility id","value":" Login"}[39m
[35m[HTTP][39m [37m<-- POST /wd/hub/session/579e59d1-ce95-4067-835a-898915a1338a/elements [39m[32m200[39m [90m79 ms - 12[39m
[35m[HTTP][39m [90m[39m
[35m[HTTP][39m [37m-->[39m [37mPOST[39m [37m/wd/hub/session/579e59d1-ce95-4067-835a-898915a1338a/elements[39m
[35m[HTTP][39m [90m{"using":"accessibility id","value":" Login"}[39m
[35m[HTTP][39m [37m<-- POST /wd/hub/session/579e59d1-ce95-4067-835a-898915a1338a/elements [39m[32m200[39m [90m80 ms - 12[39m
[35m[HTTP][39m [90m[39m
[35m[HTTP][39m [37m-->[39m [37mPOST[39m [37m/wd/hub/session/579e59d1-ce95-4067-835a-898915a1338a/elements[39m
[35m[HTTP][39m [90m{"using":"accessibility id","value":" Login"}[39m
[35m[HTTP][39m [37m<-- POST /wd/hub/session/579e59d1-ce95-4067-835a-898915a1338a/elements [39m[32m200[39m [90m76 ms - 12[39m
[35m[HTTP][39m [90m[39m
[35m[HTTP][39m [37m-->[39m [37mPOST[39m [37m/wd/hub/session/579e59d1-ce95-4067-835a-898915a1338a/elements[39m
[35m[HTTP][39m [90m{"using":"accessibility id","value":" Login"}[39m
[35m[HTTP][39m [37m<-- POST /wd/hub/session/579e59d1-ce95-4067-835a-898915a1338a/elements [39m[32m200[39m [90m104 ms - 12[39m
[35m[HTTP][39m [90m[39m
[35m[HTTP][39m [37m-->[39m [37mPOST[39m [37m/wd/hub/session/579e59d1-ce95-4067-835a-898915a1338a/elements[39m
[35m[HTTP][39m [90m{"using":"accessibility id","value":" Login"}[39m
[35m[HTTP][39m [37m<-- POST /wd/hub/session/579e59d1-ce95-4067-835a-898915a1338a/elements [39m[32m200[39m [90m104 ms - 12[39m
[35m[HTTP][39m [90m[39m
[35m[HTTP][39m [37m-->[39m [37mPOST[39m [37m/wd/hub/session/579e59d1-ce95-4067-835a-898915a1338a/elements[39m
[35m[HTTP][39m [90m{"using":"accessibility id","value":" Login"}[39m
[35m[HTTP][39m [37m<-- POST /wd/hub/session/579e59d1-ce95-4067-835a-898915a1338a/elements [39m[32m200[39m [90m932 ms - 139[39m
[35m[HTTP][39m [90m[39m
[35m[HTTP][39m [37m-->[39m [37mGET[39m [37m/wd/hub/session/579e59d1-ce95-4067-835a-898915a1338a/element/00000000-0000-1845-0000-001000000003/location[39m
[35m[HTTP][39m [90m{}[39m
[35m[W3C (579e59d1)][39m Driver proxy active, passing request on via HTTP proxy
[35m[WD Proxy][39m Replacing sessionId b1fd9f5d-2b33-46f1-8935-1fdf52ba2d0b with 579e59d1-ce95-4067-835a-898915a1338a
[35m[HTTP][39m [37m<-- GET /wd/hub/session/579e59d1-ce95-4067-835a-898915a1338a/element/00000000-0000-1845-0000-001000000003/location [39m[32m200[39m [90m29 ms - 79[39m
[35m[HTTP][39m [90m[39m
[35m[HTTP][39m [37m-->[39m [37mPOST[39m [37m/wd/hub/session/579e59d1-ce95-4067-835a-898915a1338a/timeouts[39m
[35m[HTTP][39m [90m{"implicit":30000}[39m
[35m[HTTP][39m [37m<-- POST /wd/hub/session/579e59d1-ce95-4067-835a-898915a1338a/timeouts [39m[32m200[39m [90m2 ms - 14[39m
[35m[HTTP][39m [90m[39m
[35m[HTTP][39m [37m-->[39m [37mPOST[39m [37m/wd/hub/session/579e59d1-ce95-4067-835a-898915a1338a/element/00000000-0000-1845-0000-001000000003/click[39m
[35m[HTTP][39m [90m{"id":"00000000-0000-1845-0000-001000000003"}[39m
[35m[HTTP][39m [37m<-- POST /wd/hub/session/579e59d1-ce95-4067-835a-898915a1338a/element/00000000-0000-1845-0000-001000000003/click [39m[32m200[39m [90m93 ms - 14[39m
[35m[HTTP][39m [90m[39m
[35m[HTTP][39m [37m-->[39m [37mPOST[39m [37m/wd/hub/session/579e59d1-ce95-4067-835a-898915a1338a/timeouts[39m
[35m[HTTP][39m [90m{"implicit":50}[39m
[35m[HTTP][39m [37m<-- POST /wd/hub/session/579e59d1-ce95-4067-835a-898915a1338a/timeouts [39m[32m200[39m [90m1 ms - 14[39m
[35m[HTTP][39m [90m[39m
[35m[HTTP][39m [37m-->[39m [37mGET[39m [37m/wd/hub/session/579e59d1-ce95-4067-835a-898915a1338a/window/rect[39m
[35m[HTTP][39m [90m{}[39m
[35m[HTTP][39m [37m<-- GET /wd/hub/session/579e59d1-ce95-4067-835a-898915a1338a/window/rect [39m[32m200[39m [90m20 ms - 50[39m
[35m[HTTP][39m [90m[39m
[35m[HTTP][39m [37m-->[39m [37mPOST[39m [37m/wd/hub/session/579e59d1-ce95-4067-835a-898915a1338a/elements[39m
[35m[HTTP][39m [90m{"using":"xpath","value":"//*[@class = 'android.widget.EditText' and (@text = 'email address' or . = 'email address') and @resource-id = '']"}[39m
[35m[HTTP][39m [37m<-- POST /wd/hub/session/579e59d1-ce95-4067-835a-898915a1338a/elements [39m[32m200[39m [90m1003 ms - 139[39m
[35m[HTTP][39m [90m[39m
[35m[HTTP][39m [37m-->[39m [37mGET[39m [37m/wd/hub/session/579e59d1-ce95-4067-835a-898915a1338a/element/00000000-0000-1845-0000-001700000003/location[39m
[35m[HTTP][39m [90m{}[39m
[35m[W3C (579e59d1)][39m Driver proxy active, passing request on via HTTP proxy
[35m[WD Proxy][39m Replacing sessionId b1fd9f5d-2b33-46f1-8935-1fdf52ba2d0b with 579e59d1-ce95-4067-835a-898915a1338a
[35m[HTTP][39m [37m<-- GET /wd/hub/session/579e59d1-ce95-4067-835a-898915a1338a/element/00000000-0000-1845-0000-001700000003/location [39m[32m200[39m [90m22 ms - 78[39m
[35m[HTTP][39m [90m[39m
[35m[HTTP][39m [37m-->[39m [37mPOST[39m [37m/wd/hub/session/579e59d1-ce95-4067-835a-898915a1338a/timeouts[39m
[35m[HTTP][39m [90m{"implicit":30000}[39m
[35m[HTTP][39m [37m<-- POST /wd/hub/session/579e59d1-ce95-4067-835a-898915a1338a/timeouts [39m[32m200[39m [90m2 ms - 14[39m
[35m[HTTP][39m [90m[39m
[35m[HTTP][39m [37m-->[39m [37mPOST[39m [37m/wd/hub/session/579e59d1-ce95-4067-835a-898915a1338a/element/00000000-0000-1845-0000-001700000003/click[39m
[35m[HTTP][39m [90m{"id":"00000000-0000-1845-0000-001700000003"}[39m
[35m[HTTP][39m [37m<-- POST /wd/hub/session/579e59d1-ce95-4067-835a-898915a1338a/element/00000000-0000-1845-0000-001700000003/click [39m[32m200[39m [90m89 ms - 14[39m
[35m[HTTP][39m [90m[39m
[35m[HTTP][39m [37m-->[39m [37mPOST[39m [37m/wd/hub/session/579e59d1-ce95-4067-835a-898915a1338a/timeouts[39m
[35m[HTTP][39m [90m{"implicit":50}[39m
[35m[HTTP][39m [37m<-- POST /wd/hub/session/579e59d1-ce95-4067-835a-898915a1338a/timeouts [39m[32m200[39m [90m1 ms - 14[39m
[35m[HTTP][39m [90m[39m
[35m[HTTP][39m [37m-->[39m [37mGET[39m [37m/wd/hub/session/579e59d1-ce95-4067-835a-898915a1338a/window/rect[39m
[35m[HTTP][39m [90m{}[39m
[35m[HTTP][39m [37m<-- GET /wd/hub/session/579e59d1-ce95-4067-835a-898915a1338a/window/rect [39m[32m200[39m [90m12 ms - 50[39m
[35m[HTTP][39m [90m[39m
[35m[HTTP][39m [37m-->[39m [37mPOST[39m [37m/wd/hub/session/579e59d1-ce95-4067-835a-898915a1338a/elements[39m
[35m[HTTP][39m [90m{"using":"xpath","value":"//*[@class = 'android.widget.EditText' and @resource-id = '' and (@text = '' or . = '')]"}[39m
[35m[HTTP][39m [37m<-- POST /wd/hub/session/579e59d1-ce95-4067-835a-898915a1338a/elements [39m[32m200[39m [90m1209 ms - 139[39m
[35m[HTTP][39m [90m[39m
[35m[HTTP][39m [37m-->[39m [37mGET[39m [37m/wd/hub/session/579e59d1-ce95-4067-835a-898915a1338a/element/00000000-0000-1845-0000-001700000003/location[39m
[35m[HTTP][39m [90m{}[39m
[35m[W3C (579e59d1)][39m Driver proxy active, passing request on via HTTP proxy
[35m[WD Proxy][39m Replacing sessionId b1fd9f5d-2b33-46f1-8935-1fdf52ba2d0b with 579e59d1-ce95-4067-835a-898915a1338a
[35m[HTTP][39m [37m<-- GET /wd/hub/session/579e59d1-ce95-4067-835a-898915a1338a/element/00000000-0000-1845-0000-001700000003/location [39m[32m200[39m [90m19 ms - 78[39m
[35m[HTTP][39m [90m[39m
[35m[HTTP][39m [37m-->[39m [37mPOST[39m [37m/wd/hub/session/579e59d1-ce95-4067-835a-898915a1338a/timeouts[39m
[35m[HTTP][39m [90m{"implicit":30000}[39m
[35m[HTTP][39m [37m<-- POST /wd/hub/session/579e59d1-ce95-4067-835a-898915a1338a/timeouts [39m[32m200[39m [90m2 ms - 14[39m
[35m[HTTP][39m [90m[39m
[35m[HTTP][39m [37m-->[39m [37mPOST[39m [37m/wd/hub/session/579e59d1-ce95-4067-835a-898915a1338a/element/00000000-0000-1845-0000-001700000003/clear[39m
[35m[HTTP][39m [90m{"id":"00000000-0000-1845-0000-001700000003"}[39m
[35m[HTTP][39m [37m<-- POST /wd/hub/session/579e59d1-ce95-4067-835a-898915a1338a/element/00000000-0000-1845-0000-001700000003/clear [39m[32m200[39m [90m27 ms - 14[39m
[35m[HTTP][39m [90m[39m
[35m[HTTP][39m [37m-->[39m [37mPOST[39m [37m/wd/hub/session/579e59d1-ce95-4067-835a-898915a1338a/element/00000000-0000-1845-0000-001700000003/value[39m
[35m[HTTP][39m [90m{"id":"00000000-0000-1845-0000-001700000003","text":"qe1@gmail.com","value":["q","e","1","@","g","m","a","i","l",".","c","o","m"]}[39m
[35m[HTTP][39m [37m<-- POST /wd/hub/session/579e59d1-ce95-4067-835a-898915a1338a/element/00000000-0000-1845-0000-001700000003/value [39m[32m200[39m [90m36 ms - 14[39m
[35m[HTTP][39m [90m[39m
[35m[HTTP][39m [37m-->[39m [37mPOST[39m [37m/wd/hub/session/579e59d1-ce95-4067-835a-898915a1338a/timeouts[39m
[35m[HTTP][39m [90m{"implicit":50}[39m
[35m[HTTP][39m [37m<-- POST /wd/hub/session/579e59d1-ce95-4067-835a-898915a1338a/timeouts [39m[32m200[39m [90m1 ms - 14[39m
[35m[HTTP][39m [90m[39m
[35m[HTTP][39m [37m-->[39m [37mGET[39m [37m/wd/hub/session/579e59d1-ce95-4067-835a-898915a1338a/window/rect[39m
[35m[HTTP][39m [90m{}[39m
[35m[HTTP][39m [37m<-- GET /wd/hub/session/579e59d1-ce95-4067-835a-898915a1338a/window/rect [39m[32m200[39m [90m13 ms - 50[39m
[35m[HTTP][39m [90m[39m
[35m[HTTP][39m [37m-->[39m [37mPOST[39m [37m/wd/hub/session/579e59d1-ce95-4067-835a-898915a1338a/elements[39m
[35m[HTTP][39m [90m{"using":"xpath","value":"//*[@class = 'android.widget.EditText' and (@text = 'password' or . = 'password') and @resource-id = '']"}[39m
[35m[HTTP][39m [37m<-- POST /wd/hub/session/579e59d1-ce95-4067-835a-898915a1338a/elements [39m[32m200[39m [90m525 ms - 139[39m
[35m[HTTP][39m [90m[39m
[35m[HTTP][39m [37m-->[39m [37mGET[39m [37m/wd/hub/session/579e59d1-ce95-4067-835a-898915a1338a/element/00000000-0000-1845-0000-001800000003/location[39m
[35m[HTTP][39m [90m{}[39m
[35m[W3C (579e59d1)][39m Driver proxy active, passing request on via HTTP proxy
[35m[WD Proxy][39m Replacing sessionId b1fd9f5d-2b33-46f1-8935-1fdf52ba2d0b with 579e59d1-ce95-4067-835a-898915a1338a
[35m[HTTP][39m [37m<-- GET /wd/hub/session/579e59d1-ce95-4067-835a-898915a1338a/element/00000000-0000-1845-0000-001800000003/location [39m[32m200[39m [90m31 ms - 78[39m
[35m[HTTP][39m [90m[39m
[35m[HTTP][39m [37m-->[39m [37mPOST[39m [37m/wd/hub/session/579e59d1-ce95-4067-835a-898915a1338a/timeouts[39m
[35m[HTTP][39m [90m{"implicit":30000}[39m
[35m[HTTP][39m [37m<-- POST /wd/hub/session/579e59d1-ce95-4067-835a-898915a1338a/timeouts [39m[32m200[39m [90m1 ms - 14[39m
[35m[HTTP][39m [90m[39m
[35m[HTTP][39m [37m-->[39m [37mPOST[39m [37m/wd/hub/session/579e59d1-ce95-4067-835a-898915a1338a/element/00000000-0000-1845-0000-001800000003/click[39m
[35m[HTTP][39m [90m{"id":"00000000-0000-1845-0000-001800000003"}[39m
[35m[HTTP][39m [37m<-- POST /wd/hub/session/579e59d1-ce95-4067-835a-898915a1338a/element/00000000-0000-1845-0000-001800000003/click [39m[32m200[39m [90m94 ms - 14[39m
[35m[HTTP][39m [90m[39m
[35m[HTTP][39m [37m-->[39m [37mPOST[39m [37m/wd/hub/session/579e59d1-ce95-4067-835a-898915a1338a/timeouts[39m
[35m[HTTP][39m [90m{"implicit":50}[39m
[35m[HTTP][39m [37m<-- POST /wd/hub/session/579e59d1-ce95-4067-835a-898915a1338a/timeouts [39m[32m200[39m [90m1 ms - 14[39m
[35m[HTTP][39m [90m[39m
[35m[HTTP][39m [37m-->[39m [37mGET[39m [37m/wd/hub/session/579e59d1-ce95-4067-835a-898915a1338a/window/rect[39m
[35m[HTTP][39m [90m{}[39m
[35m[HTTP][39m [37m<-- GET /wd/hub/session/579e59d1-ce95-4067-835a-898915a1338a/window/rect [39m[32m200[39m [90m19 ms - 50[39m
[35m[HTTP][39m [90m[39m
[35m[HTTP][39m [37m-->[39m [37mPOST[39m [37m/wd/hub/session/579e59d1-ce95-4067-835a-898915a1338a/elements[39m
[35m[HTTP][39m [90m{"using":"xpath","value":"//hierarchy/android.widget.FrameLayout[1]/android.widget.LinearLayout[1]/android.widget.FrameLayout[1]/android.widget.FrameLayout[1]/android.view.View[1]/android.view.View[1]/android.view.View[1]/android.view.View[1]/android.widget.ScrollView[1]/android.widget.EditText[2]"}[39m
[35m[HTTP][39m [37m<-- POST /wd/hub/session/579e59d1-ce95-4067-835a-898915a1338a/elements [39m[32m200[39m [90m702 ms - 139[39m
[35m[HTTP][39m [90m[39m
[35m[HTTP][39m [37m-->[39m [37mGET[39m [37m/wd/hub/session/579e59d1-ce95-4067-835a-898915a1338a/element/00000000-0000-1845-0000-001800000003/location[39m
[35m[HTTP][39m [90m{}[39m
[35m[W3C (579e59d1)][39m Driver proxy active, passing request on via HTTP proxy
[35m[WD Proxy][39m Replacing sessionId b1fd9f5d-2b33-46f1-8935-1fdf52ba2d0b with 579e59d1-ce95-4067-835a-898915a1338a
[35m[HTTP][39m [37m<-- GET /wd/hub/session/579e59d1-ce95-4067-835a-898915a1338a/element/00000000-0000-1845-0000-001800000003/location [39m[32m200[39m [90m20 ms - 78[39m
[35m[HTTP][39m [90m[39m
[35m[HTTP][39m [37m-->[39m [37mPOST[39m [37m/wd/hub/session/579e59d1-ce95-4067-835a-898915a1338a/timeouts[39m
[35m[HTTP][39m [90m{"implicit":30000}[39m
[35m[HTTP][39m [37m<-- POST /wd/hub/session/579e59d1-ce95-4067-835a-898915a1338a/timeouts [39m[32m200[39m [90m1 ms - 14[39m
[35m[HTTP][39m [90m[39m
[35m[HTTP][39m [37m-->[39m [37mPOST[39m [37m/wd/hub/session/579e59d1-ce95-4067-835a-898915a1338a/element/00000000-0000-1845-0000-001800000003/clear[39m
[35m[HTTP][39m [90m{"id":"00000000-0000-1845-0000-001800000003"}[39m
[35m[HTTP][39m [37m<-- POST /wd/hub/session/579e59d1-ce95-4067-835a-898915a1338a/element/00000000-0000-1845-0000-001800000003/clear [39m[32m200[39m [90m34 ms - 14[39m
[35m[HTTP][39m [90m[39m
[35m[HTTP][39m [37m-->[39m [37mPOST[39m [37m/wd/hub/session/579e59d1-ce95-4067-835a-898915a1338a/element/00000000-0000-1845-0000-001800000003/value[39m
[35m[HTTP][39m [90m{"id":"00000000-0000-1845-0000-001800000003","text":"12344321","value":["1","2","3","4","4","3","2","1"]}[39m
[35m[HTTP][39m [37m<-- POST /wd/hub/session/579e59d1-ce95-4067-835a-898915a1338a/element/00000000-0000-1845-0000-001800000003/value [39m[32m200[39m [90m34 ms - 14[39m
[35m[HTTP][39m [90m[39m
[35m[HTTP][39m [37m-->[39m [37mGET[39m [37m/wd/hub/session/579e59d1-ce95-4067-835a-898915a1338a/context[39m
[35m[HTTP][39m [90m{}[39m
[35m[HTTP][39m [37m<-- GET /wd/hub/session/579e59d1-ce95-4067-835a-898915a1338a/context [39m[32m200[39m [90m2 ms - 22[39m
[35m[HTTP][39m [90m[39m
[35m[HTTP][39m [37m-->[39m [37mGET[39m [37m/wd/hub/session/579e59d1-ce95-4067-835a-898915a1338a/contexts[39m
[35m[HTTP][39m [90m{}[39m
[35m[HTTP][39m [37m<-- GET /wd/hub/session/579e59d1-ce95-4067-835a-898915a1338a/contexts [39m[32m200[39m [90m150 ms - 41[39m
[35m[HTTP][39m [90m[39m
[35m[HTTP][39m [37m-->[39m [37mPOST[39m [37m/wd/hub/session/579e59d1-ce95-4067-835a-898915a1338a/context[39m
[35m[HTTP][39m [90m{"name":"NATIVE_APP"}[39m
[35m[HTTP][39m [37m<-- POST /wd/hub/session/579e59d1-ce95-4067-835a-898915a1338a/context [39m[32m200[39m [90m1 ms - 14[39m
[35m[HTTP][39m [90m[39m
[35m[HTTP][39m [37m-->[39m [37mPOST[39m [37m/wd/hub/session/579e59d1-ce95-4067-835a-898915a1338a/appium/device/hide_keyboard[39m
[35m[HTTP][39m [90m{}[39m
[35m[HTTP][39m [37m<-- POST /wd/hub/session/579e59d1-ce95-4067-835a-898915a1338a/appium/device/hide_keyboard [39m[32m200[39m [90m2904 ms - 14[39m
[35m[HTTP][39m [90m[39m
[35m[HTTP][39m [37m-->[39m [37mPOST[39m [37m/wd/hub/session/579e59d1-ce95-4067-835a-898915a1338a/context[39m
[35m[HTTP][39m [90m{"name":"NATIVE_APP"}[39m
[35m[HTTP][39m [37m<-- POST /wd/hub/session/579e59d1-ce95-4067-835a-898915a1338a/context [39m[32m200[39m [90m1 ms - 14[39m
[35m[HTTP][39m [90m[39m
[35m[HTTP][39m [37m-->[39m [37mPOST[39m [37m/wd/hub/session/579e59d1-ce95-4067-835a-898915a1338a/timeouts[39m
[35m[HTTP][39m [90m{"implicit":50}[39m
[35m[HTTP][39m [37m<-- POST /wd/hub/session/579e59d1-ce95-4067-835a-898915a1338a/timeouts [39m[32m200[39m [90m1 ms - 14[39m
[35m[HTTP][39m [90m[39m
[35m[HTTP][39m [37m-->[39m [37mGET[39m [37m/wd/hub/session/579e59d1-ce95-4067-835a-898915a1338a/window/rect[39m
[35m[HTTP][39m [90m{}[39m
[35m[HTTP][39m [37m<-- GET /wd/hub/session/579e59d1-ce95-4067-835a-898915a1338a/window/rect [39m[32m200[39m [90m26 ms - 50[39m
[35m[HTTP][39m [90m[39m
[35m[HTTP][39m [37m-->[39m [37mPOST[39m [37m/wd/hub/session/579e59d1-ce95-4067-835a-898915a1338a/elements[39m
[35m[HTTP][39m [90m{"using":"xpath","value":"//*[@class = 'android.widget.Button' and @resource-id = '' and (@text = '' or . = '')]"}[39m
[35m[HTTP][39m [37m<-- POST /wd/hub/session/579e59d1-ce95-4067-835a-898915a1338a/elements [39m[32m200[39m [90m551 ms - 139[39m
[35m[HTTP][39m [90m[39m
[35m[HTTP][39m [37m-->[39m [37mGET[39m [37m/wd/hub/session/579e59d1-ce95-4067-835a-898915a1338a/element/00000000-0000-1845-0000-001b00000003/location[39m
[35m[HTTP][39m [90m{}[39m
[35m[W3C (579e59d1)][39m Driver proxy active, passing request on via HTTP proxy
[35m[WD Proxy][39m Replacing sessionId b1fd9f5d-2b33-46f1-8935-1fdf52ba2d0b with 579e59d1-ce95-4067-835a-898915a1338a
[35m[HTTP][39m [37m<-- GET /wd/hub/session/579e59d1-ce95-4067-835a-898915a1338a/element/00000000-0000-1845-0000-001b00000003/location [39m[32m200[39m [90m16 ms - 78[39m
[35m[HTTP][39m [90m[39m
[35m[HTTP][39m [37m-->[39m [37mPOST[39m [37m/wd/hub/session/579e59d1-ce95-4067-835a-898915a1338a/timeouts[39m
[35m[HTTP][39m [90m{"implicit":30000}[39m
[35m[HTTP][39m [37m<-- POST /wd/hub/session/579e59d1-ce95-4067-835a-898915a1338a/timeouts [39m[32m200[39m [90m1 ms - 14[39m
[35m[HTTP][39m [90m[39m
[35m[HTTP][39m [37m-->[39m [37mPOST[39m [37m/wd/hub/session/579e59d1-ce95-4067-835a-898915a1338a/element/00000000-0000-1845-0000-001b00000003/click[39m
[35m[HTTP][39m [90m{"id":"00000000-0000-1845-0000-001b00000003"}[39m
[35m[HTTP][39m [37m<-- POST /wd/hub/session/579e59d1-ce95-4067-835a-898915a1338a/element/00000000-0000-1845-0000-001b00000003/click [39m[32m200[39m [90m564 ms - 14[39m
[35m[HTTP][39m [90m[39m
[35m[HTTP][39m [37m-->[39m [37mPOST[39m [37m/wd/hub/session/579e59d1-ce95-4067-835a-898915a1338a/timeouts[39m
[35m[HTTP][39m [90m{"implicit":50}[39m
[35m[HTTP][39m [37m<-- POST /wd/hub/session/579e59d1-ce95-4067-835a-898915a1338a/timeouts [39m[32m200[39m [90m1 ms - 14[39m
[35m[HTTP][39m [90m[39m
[35m[HTTP][39m [37m-->[39m [37mGET[39m [37m/wd/hub/session/579e59d1-ce95-4067-835a-898915a1338a/window/rect[39m
[35m[HTTP][39m [90m{}[39m
[35m[HTTP][39m [37m<-- GET /wd/hub/session/579e59d1-ce95-4067-835a-898915a1338a/window/rect [39m[32m200[39m [90m26 ms - 50[39m
[35m[HTTP][39m [90m[39m
[35m[HTTP][39m [37m-->[39m [37mPOST[39m [37m/wd/hub/session/579e59d1-ce95-4067-835a-898915a1338a/elements[39m
[35m[HTTP][39m [90m{"using":"xpath","value":"//hierarchy/android.widget.FrameLayout[1]/android.widget.LinearLayout[1]/android.widget.FrameLayout[1]/android.widget.FrameLayout[1]/android.view.View[1]/android.view.View[1]/android.view.View[1]/android.view.View[1]/android.widget.ScrollView[1]/android.view.View[3]/android.widget.ImageView[1]"}[39m
[35m[HTTP][39m [37m<-- POST /wd/hub/session/579e59d1-ce95-4067-835a-898915a1338a/elements [39m[32m200[39m [90m69 ms - 12[39m
[35m[HTTP][39m [90m[39m
[35m[HTTP][39m [37m-->[39m [37mPOST[39m [37m/wd/hub/session/579e59d1-ce95-4067-835a-898915a1338a/elements[39m
[35m[HTTP][39m [90m{"using":"xpath","value":"//hierarchy/android.widget.FrameLayout[1]/android.widget.LinearLayout[1]/android.widget.FrameLayout[1]/android.widget.FrameLayout[1]/android.view.View[1]/android.view.View[1]/android.view.View[1]/android.view.View[1]/android.widget.ScrollView[1]/android.view.View[3]/android.widget.ImageView[1]"}[39m
[35m[HTTP][39m [37m<-- POST /wd/hub/session/579e59d1-ce95-4067-835a-898915a1338a/elements [39m[32m200[39m [90m855 ms - 139[39m
[35m[HTTP][39m [90m[39m
[35m[HTTP][39m [37m-->[39m [37mGET[39m [37m/wd/hub/session/579e59d1-ce95-4067-835a-898915a1338a/element/00000000-0000-1845-0000-002d00000003/location[39m
[35m[HTTP][39m [90m{}[39m
[35m[W3C (579e59d1)][39m Driver proxy active, passing request on via HTTP proxy
[35m[WD Proxy][39m Replacing sessionId b1fd9f5d-2b33-46f1-8935-1fdf52ba2d0b with 579e59d1-ce95-4067-835a-898915a1338a
[35m[HTTP][39m [37m<-- GET /wd/hub/session/579e59d1-ce95-4067-835a-898915a1338a/element/00000000-0000-1845-0000-002d00000003/location [39m[32m200[39m [90m20 ms - 79[39m
[35m[HTTP][39m [90m[39m
[35m[HTTP][39m [37m-->[39m [37mPOST[39m [37m/wd/hub/session/579e59d1-ce95-4067-835a-898915a1338a/timeouts[39m
[35m[HTTP][39m [90m{"implicit":30000}[39m
[35m[HTTP][39m [37m<-- POST /wd/hub/session/579e59d1-ce95-4067-835a-898915a1338a/timeouts [39m[32m200[39m [90m2 ms - 14[39m
[35m[HTTP][39m [90m[39m
[35m[HTTP][39m [37m-->[39m [37mPOST[39m [37m/wd/hub/session/579e59d1-ce95-4067-835a-898915a1338a/element/00000000-0000-1845-0000-002d00000003/click[39m
[35m[HTTP][39m [90m{"id":"00000000-0000-1845-0000-002d00000003"}[39m
[35m[HTTP][39m [37m<-- POST /wd/hub/session/579e59d1-ce95-4067-835a-898915a1338a/element/00000000-0000-1845-0000-002d00000003/click [39m[32m200[39m [90m872 ms - 14[39m
[35m[HTTP][39m [90m[39m
[35m[HTTP][39m [37m-->[39m [37mPOST[39m [37m/wd/hub/session/579e59d1-ce95-4067-835a-898915a1338a/timeouts[39m
[35m[HTTP][39m [90m{"implicit":50}[39m
[35m[HTTP][39m [37m<-- POST /wd/hub/session/579e59d1-ce95-4067-835a-898915a1338a/timeouts [39m[32m200[39m [90m1 ms - 14[39m
[35m[HTTP][39m [90m[39m
[35m[HTTP][39m [37m-->[39m [37mGET[39m [37m/wd/hub/session/579e59d1-ce95-4067-835a-898915a1338a/window/rect[39m
[35m[HTTP][39m [90m{}[39m
[35m[HTTP][39m [37m<-- GET /wd/hub/session/579e59d1-ce95-4067-835a-898915a1338a/window/rect [39m[32m200[39m [90m25 ms - 50[39m
[35m[HTTP][39m [90m[39m
[35m[HTTP][39m [37m-->[39m [37mPOST[39m [37m/wd/hub/session/579e59d1-ce95-4067-835a-898915a1338a/elements[39m
[35m[HTTP][39m [90m{"using":"xpath","value":"//*[@class = 'android.widget.Button' and @resource-id = '' and (@text = '' or . = '')]"}[39m
[35m[HTTP][39m [37m<-- POST /wd/hub/session/579e59d1-ce95-4067-835a-898915a1338a/elements [39m[32m200[39m [90m100 ms - 139[39m
[35m[HTTP][39m [90m[39m
[35m[HTTP][39m [37m-->[39m [37mGET[39m [37m/wd/hub/session/579e59d1-ce95-4067-835a-898915a1338a/element/00000000-0000-1845-0000-004e00000003/location[39m
[35m[HTTP][39m [90m{}[39m
[35m[W3C (579e59d1)][39m Driver proxy active, passing request on via HTTP proxy
[35m[WD Proxy][39m Replacing sessionId b1fd9f5d-2b33-46f1-8935-1fdf52ba2d0b with 579e59d1-ce95-4067-835a-898915a1338a
[35m[HTTP][39m [37m<-- GET /wd/hub/session/579e59d1-ce95-4067-835a-898915a1338a/element/00000000-0000-1845-0000-004e00000003/location [39m[32m200[39m [90m16 ms - 78[39m
[35m[HTTP][39m [90m[39m
[35m[HTTP][39m [37m-->[39m [37mPOST[39m [37m/wd/hub/session/579e59d1-ce95-4067-835a-898915a1338a/timeouts[39m
[35m[HTTP][39m [90m{"implicit":30000}[39m
[35m[HTTP][39m [37m<-- POST /wd/hub/session/579e59d1-ce95-4067-835a-898915a1338a/timeouts [39m[32m200[39m [90m1 ms - 14[39m
[35m[HTTP][39m [90m[39m
[35m[HTTP][39m [37m-->[39m [37mPOST[39m [37m/wd/hub/session/579e59d1-ce95-4067-835a-898915a1338a/element/00000000-0000-1845-0000-004e00000003/click[39m
[35m[HTTP][39m [90m{"id":"00000000-0000-1845-0000-004e00000003"}[39m
[35m[HTTP][39m [37m<-- POST /wd/hub/session/579e59d1-ce95-4067-835a-898915a1338a/element/00000000-0000-1845-0000-004e00000003/click [39m[32m200[39m [90m920 ms - 14[39m
[35m[HTTP][39m [90m[39m
[35m[HTTP][39m [37m-->[39m [37mPOST[39m [37m/wd/hub/session/579e59d1-ce95-4067-835a-898915a1338a/timeouts[39m
[35m[HTTP][39m [90m{"implicit":50}[39m
[35m[HTTP][39m [37m<-- POST /wd/hub/session/579e59d1-ce95-4067-835a-898915a1338a/timeouts [39m[32m200[39m [90m1 ms - 14[39m
[35m[HTTP][39m [90m[39m
[35m[HTTP][39m [37m-->[39m [37mGET[39m [37m/wd/hub/session/579e59d1-ce95-4067-835a-898915a1338a/window/rect[39m
[35m[HTTP][39m [90m{}[39m
[35m[HTTP][39m [37m<-- GET /wd/hub/session/579e59d1-ce95-4067-835a-898915a1338a/window/rect [39m[32m200[39m [90m22 ms - 50[39m
[35m[HTTP][39m [90m[39m
[35m[HTTP][39m [37m-->[39m [37mPOST[39m [37m/wd/hub/session/579e59d1-ce95-4067-835a-898915a1338a/elements[39m
[35m[HTTP][39m [90m{"using":"accessibility id","value":"Online Class\nTab 2 of 2"}[39m
[35m[HTTP][39m [37m<-- POST /wd/hub/session/579e59d1-ce95-4067-835a-898915a1338a/elements [39m[32m200[39m [90m41 ms - 139[39m
[35m[HTTP][39m [90m[39m
[35m[HTTP][39m [37m-->[39m [37mGET[39m [37m/wd/hub/session/579e59d1-ce95-4067-835a-898915a1338a/element/00000000-0000-1845-0000-005d00000003/location[39m
[35m[HTTP][39m [90m{}[39m
[35m[W3C (579e59d1)][39m Driver proxy active, passing request on via HTTP proxy
[35m[WD Proxy][39m Replacing sessionId b1fd9f5d-2b33-46f1-8935-1fdf52ba2d0b with 579e59d1-ce95-4067-835a-898915a1338a
[35m[HTTP][39m [37m<-- GET /wd/hub/session/579e59d1-ce95-4067-835a-898915a1338a/element/00000000-0000-1845-0000-005d00000003/location [39m[32m200[39m [90m24 ms - 78[39m
[35m[HTTP][39m [90m[39m
[35m[HTTP][39m [37m-->[39m [37mPOST[39m [37m/wd/hub/session/579e59d1-ce95-4067-835a-898915a1338a/timeouts[39m
[35m[HTTP][39m [90m{"implicit":30000}[39m
[35m[HTTP][39m [37m<-- POST /wd/hub/session/579e59d1-ce95-4067-835a-898915a1338a/timeouts [39m[32m200[39m [90m2 ms - 14[39m
[35m[HTTP][39m [90m[39m
[35m[HTTP][39m [37m-->[39m [37mPOST[39m [37m/wd/hub/session/579e59d1-ce95-4067-835a-898915a1338a/element/00000000-0000-1845-0000-005d00000003/click[39m
[35m[HTTP][39m [90m{"id":"00000000-0000-1845-0000-005d00000003"}[39m
[35m[HTTP][39m [37m<-- POST /wd/hub/session/579e59d1-ce95-4067-835a-898915a1338a/element/00000000-0000-1845-0000-005d00000003/click [39m[32m200[39m [90m83 ms - 14[39m
[35m[HTTP][39m [90m[39m
[35m[HTTP][39m [37m-->[39m [37mPOST[39m [37m/wd/hub/session/579e59d1-ce95-4067-835a-898915a1338a/timeouts[39m
[35m[HTTP][39m [90m{"implicit":50}[39m
[35m[HTTP][39m [37m<-- POST /wd/hub/session/579e59d1-ce95-4067-835a-898915a1338a/timeouts [39m[32m200[39m [90m1 ms - 14[39m
[35m[HTTP][39m [90m[39m
[35m[HTTP][39m [37m-->[39m [37mGET[39m [37m/wd/hub/session/579e59d1-ce95-4067-835a-898915a1338a/window/rect[39m
[35m[HTTP][39m [90m{}[39m
[35m[HTTP][39m [37m<-- GET /wd/hub/session/579e59d1-ce95-4067-835a-898915a1338a/window/rect [39m[32m200[39m [90m31 ms - 50[39m
[35m[HTTP][39m [90m[39m
[35m[HTTP][39m [37m-->[39m [37mPOST[39m [37m/wd/hub/session/579e59d1-ce95-4067-835a-898915a1338a/elements[39m
[35m[HTTP][39m [90m{"using":"accessibility id","value":"videoDuration\nCoba aja Update"}[39m
[35m[HTTP][39m [37m<-- POST /wd/hub/session/579e59d1-ce95-4067-835a-898915a1338a/elements [39m[32m200[39m [90m821 ms - 139[39m
[35m[HTTP][39m [90m[39m
[35m[HTTP][39m [37m-->[39m [37mGET[39m [37m/wd/hub/session/579e59d1-ce95-4067-835a-898915a1338a/element/00000000-0000-1845-0000-007000000003/location[39m
[35m[HTTP][39m [90m{}[39m
[35m[W3C (579e59d1)][39m Driver proxy active, passing request on via HTTP proxy
[35m[WD Proxy][39m Replacing sessionId b1fd9f5d-2b33-46f1-8935-1fdf52ba2d0b with 579e59d1-ce95-4067-835a-898915a1338a
[35m[HTTP][39m [37m<-- GET /wd/hub/session/579e59d1-ce95-4067-835a-898915a1338a/element/00000000-0000-1845-0000-007000000003/location [39m[32m200[39m [90m65 ms - 78[39m
[35m[HTTP][39m [90m[39m
[35m[HTTP][39m [37m-->[39m [37mPOST[39m [37m/wd/hub/session/579e59d1-ce95-4067-835a-898915a1338a/timeouts[39m
[35m[HTTP][39m [90m{"implicit":30000}[39m
[35m[HTTP][39m [37m<-- POST /wd/hub/session/579e59d1-ce95-4067-835a-898915a1338a/timeouts [39m[32m200[39m [90m3 ms - 14[39m
[35m[HTTP][39m [90m[39m
[35m[HTTP][39m [37m-->[39m [37mPOST[39m [37m/wd/hub/session/579e59d1-ce95-4067-835a-898915a1338a/element/00000000-0000-1845-0000-007000000003/click[39m
[35m[HTTP][39m [90m{"id":"00000000-0000-1845-0000-007000000003"}[39m
[35m[HTTP][39m [37m<-- POST /wd/hub/session/579e59d1-ce95-4067-835a-898915a1338a/element/00000000-0000-1845-0000-007000000003/click [39m[32m200[39m [90m88 ms - 14[39m
[35m[HTTP][39m [90m[39m
[35m[HTTP][39m [37m-->[39m [37mPOST[39m [37m/wd/hub/session/579e59d1-ce95-4067-835a-898915a1338a/timeouts[39m
[35m[HTTP][39m [90m{"implicit":50}[39m
[35m[HTTP][39m [37m<-- POST /wd/hub/session/579e59d1-ce95-4067-835a-898915a1338a/timeouts [39m[32m200[39m [90m1 ms - 14[39m
[35m[HTTP][39m [90m[39m
[35m[HTTP][39m [37m-->[39m [37mGET[39m [37m/wd/hub/session/579e59d1-ce95-4067-835a-898915a1338a/window/rect[39m
[35m[HTTP][39m [90m{}[39m
[35m[HTTP][39m [37m<-- GET /wd/hub/session/579e59d1-ce95-4067-835a-898915a1338a/window/rect [39m[32m200[39m [90m18 ms - 50[39m
[35m[HTTP][39m [90m[39m
[35m[HTTP][39m [37m-->[39m [37mPOST[39m [37m/wd/hub/session/579e59d1-ce95-4067-835a-898915a1338a/elements[39m
[35m[HTTP][39m [90m{"using":"xpath","value":"//*[@class = 'android.widget.Button' and @resource-id = '' and (@text = '' or . = '')]"}[39m
[35m[HTTP][39m [37m<-- POST /wd/hub/session/579e59d1-ce95-4067-835a-898915a1338a/elements [39m[32m200[39m [90m824 ms - 139[39m
[35m[HTTP][39m [90m[39m
[35m[HTTP][39m [37m-->[39m [37mGET[39m [37m/wd/hub/session/579e59d1-ce95-4067-835a-898915a1338a/element/00000000-0000-1845-0000-008d00000003/location[39m
[35m[HTTP][39m [90m{}[39m
[35m[W3C (579e59d1)][39m Driver proxy active, passing request on via HTTP proxy
[35m[WD Proxy][39m Replacing sessionId b1fd9f5d-2b33-46f1-8935-1fdf52ba2d0b with 579e59d1-ce95-4067-835a-898915a1338a
[35m[HTTP][39m [37m<-- GET /wd/hub/session/579e59d1-ce95-4067-835a-898915a1338a/element/00000000-0000-1845-0000-008d00000003/location [39m[32m200[39m [90m24 ms - 79[39m
[35m[HTTP][39m [90m[39m
[35m[HTTP][39m [37m-->[39m [37mPOST[39m [37m/wd/hub/session/579e59d1-ce95-4067-835a-898915a1338a/timeouts[39m
[35m[HTTP][39m [90m{"implicit":30000}[39m
[35m[HTTP][39m [37m<-- POST /wd/hub/session/579e59d1-ce95-4067-835a-898915a1338a/timeouts [39m[32m200[39m [90m1 ms - 14[39m
[35m[HTTP][39m [90m[39m
[35m[HTTP][39m [37m-->[39m [37mPOST[39m [37m/wd/hub/session/579e59d1-ce95-4067-835a-898915a1338a/element/00000000-0000-1845-0000-008d00000003/click[39m
[35m[HTTP][39m [90m{"id":"00000000-0000-1845-0000-008d00000003"}[39m
[35m[HTTP][39m [37m<-- POST /wd/hub/session/579e59d1-ce95-4067-835a-898915a1338a/element/00000000-0000-1845-0000-008d00000003/click [39m[32m200[39m [90m589 ms - 14[39m
[35m[HTTP][39m [90m[39m
[35m[HTTP][39m [37m-->[39m [37mPOST[39m [37m/wd/hub/session/579e59d1-ce95-4067-835a-898915a1338a/timeouts[39m
[35m[HTTP][39m [90m{"implicit":50}[39m
[35m[HTTP][39m [37m<-- POST /wd/hub/session/579e59d1-ce95-4067-835a-898915a1338a/timeouts [39m[32m200[39m [90m1 ms - 14[39m
[35m[HTTP][39m [90m[39m
[35m[HTTP][39m [37m-->[39m [37mGET[39m [37m/wd/hub/session/579e59d1-ce95-4067-835a-898915a1338a/window/rect[39m
[35m[HTTP][39m [90m{}[39m
[35m[HTTP][39m [37m<-- GET /wd/hub/session/579e59d1-ce95-4067-835a-898915a1338a/window/rect [39m[32m200[39m [90m24 ms - 50[39m
[35m[HTTP][39m [90m[39m
[35m[HTTP][39m [37m-->[39m [37mPOST[39m [37m/wd/hub/session/579e59d1-ce95-4067-835a-898915a1338a/elements[39m
[35m[HTTP][39m [90m{"using":"accessibility id","value":"Booking Now"}[39m
[35m[HTTP][39m [37m<-- POST /wd/hub/session/579e59d1-ce95-4067-835a-898915a1338a/elements [39m[32m200[39m [90m55 ms - 139[39m
[35m[HTTP][39m [90m[39m
[35m[HTTP][39m [37m-->[39m [37mGET[39m [37m/wd/hub/session/579e59d1-ce95-4067-835a-898915a1338a/element/00000000-0000-1845-0000-009500000003/location[39m
[35m[HTTP][39m [90m{}[39m
[35m[W3C (579e59d1)][39m Driver proxy active, passing request on via HTTP proxy
[35m[WD Proxy][39m Replacing sessionId b1fd9f5d-2b33-46f1-8935-1fdf52ba2d0b with 579e59d1-ce95-4067-835a-898915a1338a
[35m[HTTP][39m [37m<-- GET /wd/hub/session/579e59d1-ce95-4067-835a-898915a1338a/element/00000000-0000-1845-0000-009500000003/location [39m[32m200[39m [90m24 ms - 79[39m
[35m[HTTP][39m [90m[39m
[35m[HTTP][39m [37m-->[39m [37mPOST[39m [37m/wd/hub/session/579e59d1-ce95-4067-835a-898915a1338a/timeouts[39m
[35m[HTTP][39m [90m{"implicit":30000}[39m
[35m[HTTP][39m [37m<-- POST /wd/hub/session/579e59d1-ce95-4067-835a-898915a1338a/timeouts [39m[32m200[39m [90m1 ms - 14[39m
[35m[HTTP][39m [90m[39m
[35m[HTTP][39m [37m-->[39m [37mPOST[39m [37m/wd/hub/session/579e59d1-ce95-4067-835a-898915a1338a/element/00000000-0000-1845-0000-009500000003/click[39m
[35m[HTTP][39m [90m{"id":"00000000-0000-1845-0000-009500000003"}[39m
[35m[HTTP][39m [37m<-- POST /wd/hub/session/579e59d1-ce95-4067-835a-898915a1338a/element/00000000-0000-1845-0000-009500000003/click [39m[32m200[39m [90m1193 ms - 14[39m
[35m[HTTP][39m [90m[39m
[35m[HTTP][39m [37m-->[39m [37mPOST[39m [37m/wd/hub/session/579e59d1-ce95-4067-835a-898915a1338a/timeouts[39m
[35m[HTTP][39m [90m{"implicit":50}[39m
[35m[HTTP][39m [37m<-- POST /wd/hub/session/579e59d1-ce95-4067-835a-898915a1338a/timeouts [39m[32m200[39m [90m1 ms - 14[39m
[35m[HTTP][39m [90m[39m
[35m[HTTP][39m [37m-->[39m [37mGET[39m [37m/wd/hub/session/579e59d1-ce95-4067-835a-898915a1338a/window/rect[39m
[35m[HTTP][39m [90m{}[39m
[35m[HTTP][39m [37m<-- GET /wd/hub/session/579e59d1-ce95-4067-835a-898915a1338a/window/rect [39m[32m200[39m [90m26 ms - 50[39m
[35m[HTTP][39m [90m[39m
[35m[HTTP][39m [37m-->[39m [37mPOST[39m [37m/wd/hub/session/579e59d1-ce95-4067-835a-898915a1338a/elements[39m
[35m[HTTP][39m [90m{"using":"xpath","value":"//*[@class = 'android.widget.Button' and @resource-id = '' and (@text = '' or . = '')]"}[39m
[35m[HTTP][39m [37m<-- POST /wd/hub/session/579e59d1-ce95-4067-835a-898915a1338a/elements [39m[32m200[39m [90m125 ms - 139[39m
[35m[HTTP][39m [90m[39m
[35m[HTTP][39m [37m-->[39m [37mGET[39m [37m/wd/hub/session/579e59d1-ce95-4067-835a-898915a1338a/element/00000000-0000-1845-0000-00b300000003/location[39m
[35m[HTTP][39m [90m{}[39m
[35m[W3C (579e59d1)][39m Driver proxy active, passing request on via HTTP proxy
[35m[WD Proxy][39m Replacing sessionId b1fd9f5d-2b33-46f1-8935-1fdf52ba2d0b with 579e59d1-ce95-4067-835a-898915a1338a
[35m[HTTP][39m [37m<-- GET /wd/hub/session/579e59d1-ce95-4067-835a-898915a1338a/element/00000000-0000-1845-0000-00b300000003/location [39m[32m200[39m [90m19 ms - 78[39m
[35m[HTTP][39m [90m[39m
[35m[HTTP][39m [37m-->[39m [37mPOST[39m [37m/wd/hub/session/579e59d1-ce95-4067-835a-898915a1338a/timeouts[39m
[35m[HTTP][39m [90m{"implicit":30000}[39m
[35m[HTTP][39m [37m<-- POST /wd/hub/session/579e59d1-ce95-4067-835a-898915a1338a/timeouts [39m[32m200[39m [90m1 ms - 14[39m
[35m[HTTP][39m [90m[39m
[35m[HTTP][39m [37m-->[39m [37mPOST[39m [37m/wd/hub/session/579e59d1-ce95-4067-835a-898915a1338a/element/00000000-0000-1845-0000-00b300000003/click[39m
[35m[HTTP][39m [90m{"id":"00000000-0000-1845-0000-00b300000003"}[39m
[35m[HTTP][39m [37m<-- POST /wd/hub/session/579e59d1-ce95-4067-835a-898915a1338a/element/00000000-0000-1845-0000-00b300000003/click [39m[32m200[39m [90m858 ms - 14[39m
[35m[HTTP][39m [90m[39m
[35m[HTTP][39m [37m-->[39m [37mPOST[39m [37m/wd/hub/session/579e59d1-ce95-4067-835a-898915a1338a/timeouts[39m
[35m[HTTP][39m [90m{"implicit":50}[39m
[35m[HTTP][39m [37m<-- POST /wd/hub/session/579e59d1-ce95-4067-835a-898915a1338a/timeouts [39m[32m200[39m [90m1 ms - 14[39m
[35m[HTTP][39m [90m[39m
[35m[HTTP][39m [37m-->[39m [37mGET[39m [37m/wd/hub/session/579e59d1-ce95-4067-835a-898915a1338a/window/rect[39m
[35m[HTTP][39m [90m{}[39m
[35m[HTTP][39m [37m<-- GET /wd/hub/session/579e59d1-ce95-4067-835a-898915a1338a/window/rect [39m[32m200[39m [90m18 ms - 50[39m
[35m[HTTP][39m [90m[39m
[35m[HTTP][39m [37m-->[39m [37mPOST[39m [37m/wd/hub/session/579e59d1-ce95-4067-835a-898915a1338a/elements[39m
[35m[HTTP][39m [90m{"using":"xpath","value":"//*[@class = 'android.widget.Button' and @resource-id = '' and (@text = '' or . = '')]"}[39m
[35m[HTTP][39m [37m<-- POST /wd/hub/session/579e59d1-ce95-4067-835a-898915a1338a/elements [39m[32m200[39m [90m114 ms - 139[39m
[35m[HTTP][39m [90m[39m
[35m[HTTP][39m [37m-->[39m [37mGET[39m [37m/wd/hub/session/579e59d1-ce95-4067-835a-898915a1338a/element/00000000-0000-1845-0000-00c900000003/location[39m
[35m[HTTP][39m [90m{}[39m
[35m[W3C (579e59d1)][39m Driver proxy active, passing request on via HTTP proxy
[35m[WD Proxy][39m Replacing sessionId b1fd9f5d-2b33-46f1-8935-1fdf52ba2d0b with 579e59d1-ce95-4067-835a-898915a1338a
[35m[HTTP][39m [37m<-- GET /wd/hub/session/579e59d1-ce95-4067-835a-898915a1338a/element/00000000-0000-1845-0000-00c900000003/location [39m[32m200[39m [90m20 ms - 78[39m
[35m[HTTP][39m [90m[39m
[35m[HTTP][39m [37m-->[39m [37mPOST[39m [37m/wd/hub/session/579e59d1-ce95-4067-835a-898915a1338a/timeouts[39m
[35m[HTTP][39m [90m{"implicit":30000}[39m
[35m[HTTP][39m [37m<-- POST /wd/hub/session/579e59d1-ce95-4067-835a-898915a1338a/timeouts [39m[32m200[39m [90m1 ms - 14[39m
[35m[HTTP][39m [90m[39m
[35m[HTTP][39m [37m-->[39m [37mPOST[39m [37m/wd/hub/session/579e59d1-ce95-4067-835a-898915a1338a/element/00000000-0000-1845-0000-00c900000003/click[39m
[35m[HTTP][39m [90m{"id":"00000000-0000-1845-0000-00c900000003"}[39m
[35m[HTTP][39m [37m<-- POST /wd/hub/session/579e59d1-ce95-4067-835a-898915a1338a/element/00000000-0000-1845-0000-00c900000003/click [39m[32m200[39m [90m597 ms - 14[39m
[35m[HTTP][39m [90m[39m
[35m[HTTP][39m [37m-->[39m [37mPOST[39m [37m/wd/hub/session/579e59d1-ce95-4067-835a-898915a1338a/timeouts[39m
[35m[HTTP][39m [90m{"implicit":50}[39m
[35m[HTTP][39m [37m<-- POST /wd/hub/session/579e59d1-ce95-4067-835a-898915a1338a/timeouts [39m[32m200[39m [90m1 ms - 14[39m
[35m[HTTP][39m [90m[39m
[35m[HTTP][39m [37m-->[39m [37mGET[39m [37m/wd/hub/session/579e59d1-ce95-4067-835a-898915a1338a/window/rect[39m
[35m[HTTP][39m [90m{}[39m
[35m[HTTP][39m [37m<-- GET /wd/hub/session/579e59d1-ce95-4067-835a-898915a1338a/window/rect [39m[32m200[39m [90m24 ms - 50[39m
[35m[HTTP][39m [90m[39m
[35m[HTTP][39m [37m-->[39m [37mPOST[39m [37m/wd/hub/session/579e59d1-ce95-4067-835a-898915a1338a/elements[39m
[35m[HTTP][39m [90m{"using":"accessibility id","value":"Buy"}[39m
[35m[HTTP][39m [37m<-- POST /wd/hub/session/579e59d1-ce95-4067-835a-898915a1338a/elements [39m[32m200[39m [90m50 ms - 139[39m
[35m[HTTP][39m [90m[39m
[35m[HTTP][39m [37m-->[39m [37mGET[39m [37m/wd/hub/session/579e59d1-ce95-4067-835a-898915a1338a/element/00000000-0000-1845-0000-00d400000003/location[39m
[35m[HTTP][39m [90m{}[39m
[35m[W3C (579e59d1)][39m Driver proxy active, passing request on via HTTP proxy
[35m[WD Proxy][39m Replacing sessionId b1fd9f5d-2b33-46f1-8935-1fdf52ba2d0b with 579e59d1-ce95-4067-835a-898915a1338a
[35m[HTTP][39m [37m<-- GET /wd/hub/session/579e59d1-ce95-4067-835a-898915a1338a/element/00000000-0000-1845-0000-00d400000003/location [39m[32m200[39m [90m25 ms - 79[39m
[35m[HTTP][39m [90m[39m
[35m[HTTP][39m [37m-->[39m [37mPOST[39m [37m/wd/hub/session/579e59d1-ce95-4067-835a-898915a1338a/timeouts[39m
[35m[HTTP][39m [90m{"implicit":30000}[39m
[35m[HTTP][39m [37m<-- POST /wd/hub/session/579e59d1-ce95-4067-835a-898915a1338a/timeouts [39m[32m200[39m [90m1 ms - 14[39m
[35m[HTTP][39m [90m[39m
[35m[HTTP][39m [37m-->[39m [37mPOST[39m [37m/wd/hub/session/579e59d1-ce95-4067-835a-898915a1338a/element/00000000-0000-1845-0000-00d400000003/click[39m
[35m[HTTP][39m [90m{"id":"00000000-0000-1845-0000-00d400000003"}[39m
[35m[HTTP][39m [37m<-- POST /wd/hub/session/579e59d1-ce95-4067-835a-898915a1338a/element/00000000-0000-1845-0000-00d400000003/click [39m[32m200[39m [90m864 ms - 14[39m
[35m[HTTP][39m [90m[39m
[35m[HTTP][39m [37m-->[39m [37mPOST[39m [37m/wd/hub/session/579e59d1-ce95-4067-835a-898915a1338a/timeouts[39m
[35m[HTTP][39m [90m{"implicit":50}[39m
[35m[HTTP][39m [37m<-- POST /wd/hub/session/579e59d1-ce95-4067-835a-898915a1338a/timeouts [39m[32m200[39m [90m2 ms - 14[39m
[35m[HTTP][39m [90m[39m
[35m[HTTP][39m [37m-->[39m [37mGET[39m [37m/wd/hub/session/579e59d1-ce95-4067-835a-898915a1338a/window/rect[39m
[35m[HTTP][39m [90m{}[39m
[35m[HTTP][39m [37m<-- GET /wd/hub/session/579e59d1-ce95-4067-835a-898915a1338a/window/rect [39m[32m200[39m [90m28 ms - 50[39m
[35m[HTTP][39m [90m[39m
[35m[HTTP][39m [37m-->[39m [37mPOST[39m [37m/wd/hub/session/579e59d1-ce95-4067-835a-898915a1338a/elements[39m
[35m[HTTP][39m [90m{"using":"accessibility id","value":"Watch Now"}[39m
[35m[HTTP][39m [37m<-- POST /wd/hub/session/579e59d1-ce95-4067-835a-898915a1338a/elements [39m[32m200[39m [90m54 ms - 139[39m
[35m[HTTP][39m [90m[39m
[35m[HTTP][39m [37m-->[39m [37mGET[39m [37m/wd/hub/session/579e59d1-ce95-4067-835a-898915a1338a/element/00000000-0000-1845-0000-00db00000003/location[39m
[35m[HTTP][39m [90m{}[39m
[35m[W3C (579e59d1)][39m Driver proxy active, passing request on via HTTP proxy
[35m[WD Proxy][39m Replacing sessionId b1fd9f5d-2b33-46f1-8935-1fdf52ba2d0b with 579e59d1-ce95-4067-835a-898915a1338a
[35m[HTTP][39m [37m<-- GET /wd/hub/session/579e59d1-ce95-4067-835a-898915a1338a/element/00000000-0000-1845-0000-00db00000003/location [39m[32m200[39m [90m33 ms - 78[39m
[35m[HTTP][39m [90m[39m
[35m[HTTP][39m [37m-->[39m [37mPOST[39m [37m/wd/hub/session/579e59d1-ce95-4067-835a-898915a1338a/timeouts[39m
[35m[HTTP][39m [90m{"implicit":30000}[39m
[35m[HTTP][39m [37m<-- POST /wd/hub/session/579e59d1-ce95-4067-835a-898915a1338a/timeouts [39m[32m200[39m [90m1 ms - 14[39m
[35m[HTTP][39m [90m[39m
[35m[HTTP][39m [37m-->[39m [37mPOST[39m [37m/wd/hub/session/579e59d1-ce95-4067-835a-898915a1338a/element/00000000-0000-1845-0000-00db00000003/click[39m
[35m[HTTP][39m [90m{"id":"00000000-0000-1845-0000-00db00000003"}[39m
[35m[HTTP][39m [37m<-- POST /wd/hub/session/579e59d1-ce95-4067-835a-898915a1338a/element/00000000-0000-1845-0000-00db00000003/click [39m[32m200[39m [90m892 ms - 14[39m
[35m[HTTP][39m [90m[39m
[35m[HTTP][39m [37m-->[39m [37mPOST[39m [37m/wd/hub/session/579e59d1-ce95-4067-835a-898915a1338a/timeouts[39m
[35m[HTTP][39m [90m{"implicit":50}[39m
[35m[HTTP][39m [37m<-- POST /wd/hub/session/579e59d1-ce95-4067-835a-898915a1338a/timeouts [39m[32m200[39m [90m1 ms - 14[39m
[35m[HTTP][39m [90m[39m
[35m[HTTP][39m [37m-->[39m [37mGET[39m [37m/wd/hub/session/579e59d1-ce95-4067-835a-898915a1338a/window/rect[39m
[35m[HTTP][39m [90m{}[39m
[35m[HTTP][39m [37m<-- GET /wd/hub/session/579e59d1-ce95-4067-835a-898915a1338a/window/rect [39m[32m200[39m [90m16 ms - 50[39m
[35m[HTTP][39m [90m[39m
[35m[HTTP][39m [37m-->[39m [37mPOST[39m [37m/wd/hub/session/579e59d1-ce95-4067-835a-898915a1338a/elements[39m
[35m[HTTP][39m [90m{"using":"accessibility id","value":"Watch Video"}[39m
[35m[HTTP][39m [37m<-- POST /wd/hub/session/579e59d1-ce95-4067-835a-898915a1338a/elements [39m[32m200[39m [90m32 ms - 139[39m
[35m[HTTP][39m [90m[39m
[35m[HTTP][39m [37m-->[39m [37mGET[39m [37m/wd/hub/session/579e59d1-ce95-4067-835a-898915a1338a/element/00000000-0000-1845-0000-00e100000003/location[39m
[35m[HTTP][39m [90m{}[39m
[35m[W3C (579e59d1)][39m Driver proxy active, passing request on via HTTP proxy
[35m[WD Proxy][39m Replacing sessionId b1fd9f5d-2b33-46f1-8935-1fdf52ba2d0b with 579e59d1-ce95-4067-835a-898915a1338a
[35m[HTTP][39m [37m<-- GET /wd/hub/session/579e59d1-ce95-4067-835a-898915a1338a/element/00000000-0000-1845-0000-00e100000003/location [39m[32m200[39m [90m16 ms - 78[39m
[35m[HTTP][39m [90m[39m
[35m[HTTP][39m [37m-->[39m [37mPOST[39m [37m/wd/hub/session/579e59d1-ce95-4067-835a-898915a1338a/timeouts[39m
[35m[HTTP][39m [90m{"implicit":30000}[39m
[35m[HTTP][39m [37m<-- POST /wd/hub/session/579e59d1-ce95-4067-835a-898915a1338a/timeouts [39m[32m200[39m [90m1 ms - 14[39m
[35m[HTTP][39m [90m[39m
[35m[HTTP][39m [37m-->[39m [37mPOST[39m [37m/wd/hub/session/579e59d1-ce95-4067-835a-898915a1338a/element/00000000-0000-1845-0000-00e100000003/click[39m
[35m[HTTP][39m [90m{"id":"00000000-0000-1845-0000-00e100000003"}[39m
[35m[HTTP][39m [37m<-- POST /wd/hub/session/579e59d1-ce95-4067-835a-898915a1338a/element/00000000-0000-1845-0000-00e100000003/click [39m[32m200[39m [90m71 ms - 14[39m
[35m[HTTP][39m [90m[39m
[35m[HTTP][39m [37m-->[39m [37mDELETE[39m [37m/wd/hub/session/579e59d1-ce95-4067-835a-898915a1338a[39m
[35m[HTTP][39m [90m{}[39m
[35m[Appium][39m Removing session 579e59d1-ce95-4067-835a-898915a1338a from our master session list
[35m[ADB][39m com.example.flutter_capstone_6 was successfully uninstalled
[35m[UiAutomator2][39m Restoring hidden api policy to the device default configuration
[35m[HTTP][39m [37m<-- DELETE /wd/hub/session/579e59d1-ce95-4067-835a-898915a1338a [39m[32m200[39m [90m1345 ms - 14[39m
[35m[HTTP][39m [90m[39m
