[35m[Appium][39m Welcome to Appium v1.22.3
[35m[Appium][39m Non-default server args:
[35m[Appium][39m   port: 57505
[35m[Appium][39m   loglevel: info
[35m[Appium][39m   tmpDir: C:\Users\Asus\AppData\Local\Temp\\Katalon\Appium\Temp1671600595007
[35m[Appium][39m   chromedriverPort: 57506
[35m[Appium][39m Deprecated server args:
[35m[Appium][39m   [31m--chromedriver-port[39m => --default-capabilities
[35m[Appium][39m Default capabilities, which will be added to each request unless overridden by desired capabilities:
[35m[Appium][39m   chromedriverPort: 57506
[35m[Appium][39m Appium REST http interface listener started on 0.0.0.0:57505
[35m[HTTP][39m [37m-->[39m [37mGET[39m [37m/wd/hub/status[39m
[35m[HTTP][39m [90m{}[39m
[35m[HTTP][39m [37m<-- GET /wd/hub/status [39m[32m200[39m [90m8 ms - 68[39m
[35m[HTTP][39m [90m[39m
[35m[HTTP][39m [37m-->[39m [37mPOST[39m [37m/wd/hub/session[39m
[35m[HTTP][39m [90m{"desiredCapabilities":{"app":"E:\\SEMESTER 7\\MBKM\\Capstone Project\\CICD\\Aplikasi\\Terbaru\\app-release.apk","noReset":false,"deviceName":"Xiaomi Redmi Note 9 Pro (Android 11)","fullReset":true,"platform":"ANDROID","newCommandTimeout":1800,"platformVersion":"11","automationName":"uiautomator2","autoGrantPermissions":true,"platformName":"Android","udid":"9821f742","systemPort":57504},"capabilities":{"firstMatch":[{"appium:app":"E:\\SEMESTER 7\\MBKM\\Capstone Project\\CICD\\Aplikasi\\Terbaru\\app-release.apk","appium:autoGrantPermissions":true,"appium:automationName":"uiautomator2","appium:deviceName":"Xiaomi Redmi Note 9 Pro (Android 11)","appium:fullReset":true,"appium:newCommandTimeout":1800,"appium:noReset":false,"platform":"ANDROID","platformName":"android","appium:platformVersion":"11","appium:systemPort":57504,"appium:udid":"9821f742"}]}}[39m
[35m[BaseDriver][39m The following capabilities are not standard capabilities and should have an extension prefix:
[35m[BaseDriver][39m   platform
[35m[BaseDriver][39m   chromedriverPort
[35m[Appium][39m Appium v1.22.3 creating new AndroidUiautomator2Driver (v1.70.1) session
[35m[BaseDriver][39m The following capabilities were provided, but are not recognized by Appium:
[35m[BaseDriver][39m   platform
[35m[BaseDriver][39m Session created with session id: 001f3583-bbca-4f5d-b358-3a9b2339d0d6
[35m[BaseDriver][39m Using local app 'E:\SEMESTER 7\MBKM\Capstone Project\CICD\Aplikasi\Terbaru\app-release.apk'
[35m[ADB][39m Found 2 'build-tools' folders under 'C:\Users\Asus\AppData\Local\Android\Sdk' (newest first):
[35m[ADB][39m     C:/Users/Asus/AppData/Local/Android/Sdk/build-tools/33.0.0
[35m[ADB][39m     C:/Users/Asus/AppData/Local/Android/Sdk/build-tools/30.0.3
[35m[ADB][39m Using 'adb.exe' from 'C:\Users\Asus\AppData\Local\Android\Sdk\platform-tools\adb.exe'
[35m[AndroidDriver][39m Retrieving device list
[35m[AndroidDriver][39m Using device: 9821f742
[35m[ADB][39m Using 'adb.exe' from 'C:\Users\Asus\AppData\Local\Android\Sdk\platform-tools\adb.exe'
[35m[ADB][39m Getting device platform version
[35m[UiAutomator2][39m Relaxing hidden api policy
[35m[ADB][39m Package name: 'com.example.flutter_capstone_6'
[35m[ADB][39m Main activity name: 'com.example.flutter_capstone_6.MainActivity'
[35m[ADB][39m Using 'apksigner.jar' from 'C:\Users\Asus\AppData\Local\Android\Sdk\build-tools\33.0.0\lib\apksigner.jar'
[35m[ADB][39m 'C:\Users\Asus\AppData\Roaming\npm\node_modules\appium\node_modules\appium-uiautomator2-server\apks\appium-uiautomator2-server-v4.27.0.apk' is signed with the default certificate
[35m[ADB][39m 'C:\Users\Asus\AppData\Roaming\npm\node_modules\appium\node_modules\appium-uiautomator2-server\apks\appium-uiautomator2-server-debug-androidTest.apk' is signed with the default certificate
[35m[UiAutomator2][39m Server packages are not going to be (re)installed
[35m[ADB][39m Adding packages ["io.appium.settings","io.appium.uiautomator2.server","io.appium.uiautomator2.server.test"] to Doze whitelist
[35m[ADB][39m 'E:\SEMESTER 7\MBKM\Capstone Project\CICD\Aplikasi\Terbaru\app-release.apk' is signed with a non-default certificate
[35m[ADB][39m com.example.flutter_capstone_6 was not uninstalled, because it was not present on the device
[35m[ADB][39m The application at 'E:\SEMESTER 7\MBKM\Capstone Project\CICD\Aplikasi\Terbaru\app-release.apk' will not be cached, because the device under test has confirmed the support of streamed installs
[35m[ADB][39m The installation of 'app-release.apk' took 9478ms
[35m[UiAutomator2][39m Starting UIAutomator2 server 4.27.0
[35m[UiAutomator2][39m Using UIAutomator2 server from 'C:\Users\Asus\AppData\Roaming\npm\node_modules\appium\node_modules\appium-uiautomator2-server\apks\appium-uiautomator2-server-v4.27.0.apk' and test from 'C:\Users\Asus\AppData\Roaming\npm\node_modules\appium\node_modules\appium-uiautomator2-server\apks\appium-uiautomator2-server-debug-androidTest.apk'
[35m[UiAutomator2][39m Waiting up to 30000ms for UiAutomator2 to be online...
[35m[WD Proxy][39m socket hang up
[35m[WD Proxy][39m socket hang up
[35m[WD Proxy][39m socket hang up
[35m[WD Proxy][39m Determined the downstream protocol as 'W3C'
[35m[AndroidDriver][39m Screen already unlocked, doing nothing
[35m[UiAutomator2][39m Starting 'com.example.flutter_capstone_6/com.example.flutter_capstone_6.MainActivity and waiting for 'com.example.flutter_capstone_6/com.example.flutter_capstone_6.MainActivity'
[35m[Appium][39m New AndroidUiautomator2Driver session created successfully, session 001f3583-bbca-4f5d-b358-3a9b2339d0d6 added to master session list
[35m[HTTP][39m [37m<-- POST /wd/hub/session [39m[32m200[39m [90m19227 ms - 1329[39m
[35m[HTTP][39m [90m[39m
[35m[HTTP][39m [37m-->[39m [37mGET[39m [37m/wd/hub/session/001f3583-bbca-4f5d-b358-3a9b2339d0d6[39m
[35m[HTTP][39m [90m{}[39m
[35m[HTTP][39m [37m<-- GET /wd/hub/session/001f3583-bbca-4f5d-b358-3a9b2339d0d6 [39m[32m200[39m [90m12 ms - 1283[39m
[35m[HTTP][39m [90m[39m
[35m[HTTP][39m [37m-->[39m [37mGET[39m [37m/wd/hub/session/001f3583-bbca-4f5d-b358-3a9b2339d0d6[39m
[35m[HTTP][39m [90m{}[39m
[35m[HTTP][39m [37m<-- GET /wd/hub/session/001f3583-bbca-4f5d-b358-3a9b2339d0d6 [39m[32m200[39m [90m6 ms - 1283[39m
[35m[HTTP][39m [90m[39m
[35m[HTTP][39m [37m-->[39m [37mGET[39m [37m/wd/hub/status[39m
[35m[HTTP][39m [90m{}[39m
[35m[HTTP][39m [37m<-- GET /wd/hub/status [39m[32m200[39m [90m1 ms - 68[39m
[35m[HTTP][39m [90m[39m
[35m[HTTP][39m [37m-->[39m [37mPOST[39m [37m/wd/hub/session/001f3583-bbca-4f5d-b358-3a9b2339d0d6/timeouts[39m
[35m[HTTP][39m [90m{"implicit":30000}[39m
[35m[HTTP][39m [37m<-- POST /wd/hub/session/001f3583-bbca-4f5d-b358-3a9b2339d0d6/timeouts [39m[32m200[39m [90m2 ms - 14[39m
[35m[HTTP][39m [90m[39m
[35m[HTTP][39m [37m-->[39m [37mGET[39m [37m/wd/hub/session/001f3583-bbca-4f5d-b358-3a9b2339d0d6/screenshot[39m
[35m[HTTP][39m [90m{}[39m
[35m[HTTP][39m [37m<-- GET /wd/hub/session/001f3583-bbca-4f5d-b358-3a9b2339d0d6/screenshot [39m[32m200[39m [90m340 ms - 67778[39m
[35m[HTTP][39m [90m[39m
[35m[HTTP][39m [37m-->[39m [37mGET[39m [37m/wd/hub/session/001f3583-bbca-4f5d-b358-3a9b2339d0d6/window/rect[39m
[35m[HTTP][39m [90m{}[39m
[35m[HTTP][39m [37m<-- GET /wd/hub/session/001f3583-bbca-4f5d-b358-3a9b2339d0d6/window/rect [39m[32m200[39m [90m21 ms - 50[39m
[35m[HTTP][39m [90m[39m
[35m[HTTP][39m [37m-->[39m [37mGET[39m [37m/wd/hub/session/001f3583-bbca-4f5d-b358-3a9b2339d0d6/appium/device/system_bars[39m
[35m[HTTP][39m [90m{}[39m
[35m[HTTP][39m [37m<-- GET /wd/hub/session/001f3583-bbca-4f5d-b358-3a9b2339d0d6/appium/device/system_bars [39m[32m200[39m [90m93 ms - 149[39m
[35m[HTTP][39m [90m[39m
[35m[HTTP][39m [37m-->[39m [37mPOST[39m [37m/wd/hub/session/001f3583-bbca-4f5d-b358-3a9b2339d0d6/timeouts[39m
[35m[HTTP][39m [90m{"implicit":50}[39m
[35m[HTTP][39m [37m<-- POST /wd/hub/session/001f3583-bbca-4f5d-b358-3a9b2339d0d6/timeouts [39m[32m200[39m [90m2 ms - 14[39m
[35m[HTTP][39m [90m[39m
[35m[HTTP][39m [37m-->[39m [37mGET[39m [37m/wd/hub/session/001f3583-bbca-4f5d-b358-3a9b2339d0d6/window/rect[39m
[35m[HTTP][39m [90m{}[39m
[35m[HTTP][39m [37m<-- GET /wd/hub/session/001f3583-bbca-4f5d-b358-3a9b2339d0d6/window/rect [39m[32m200[39m [90m15 ms - 50[39m
[35m[HTTP][39m [90m[39m
[35m[HTTP][39m [37m-->[39m [37mPOST[39m [37m/wd/hub/session/001f3583-bbca-4f5d-b358-3a9b2339d0d6/elements[39m
[35m[HTTP][39m [90m{"using":"accessibility id","value":" Login"}[39m
[35m[HTTP][39m [37m<-- POST /wd/hub/session/001f3583-bbca-4f5d-b358-3a9b2339d0d6/elements [39m[32m200[39m [90m195 ms - 12[39m
[35m[HTTP][39m [90m[39m
[35m[HTTP][39m [37m-->[39m [37mPOST[39m [37m/wd/hub/session/001f3583-bbca-4f5d-b358-3a9b2339d0d6/elements[39m
[35m[HTTP][39m [90m{"using":"accessibility id","value":" Login"}[39m
[35m[HTTP][39m [37m<-- POST /wd/hub/session/001f3583-bbca-4f5d-b358-3a9b2339d0d6/elements [39m[32m200[39m [90m81 ms - 12[39m
[35m[HTTP][39m [90m[39m
[35m[HTTP][39m [37m-->[39m [37mPOST[39m [37m/wd/hub/session/001f3583-bbca-4f5d-b358-3a9b2339d0d6/elements[39m
[35m[HTTP][39m [90m{"using":"accessibility id","value":" Login"}[39m
[35m[HTTP][39m [37m<-- POST /wd/hub/session/001f3583-bbca-4f5d-b358-3a9b2339d0d6/elements [39m[32m200[39m [90m78 ms - 12[39m
[35m[HTTP][39m [90m[39m
[35m[HTTP][39m [37m-->[39m [37mPOST[39m [37m/wd/hub/session/001f3583-bbca-4f5d-b358-3a9b2339d0d6/elements[39m
[35m[HTTP][39m [90m{"using":"accessibility id","value":" Login"}[39m
[35m[HTTP][39m [37m<-- POST /wd/hub/session/001f3583-bbca-4f5d-b358-3a9b2339d0d6/elements [39m[32m200[39m [90m84 ms - 12[39m
[35m[HTTP][39m [90m[39m
[35m[HTTP][39m [37m-->[39m [37mPOST[39m [37m/wd/hub/session/001f3583-bbca-4f5d-b358-3a9b2339d0d6/elements[39m
[35m[HTTP][39m [90m{"using":"accessibility id","value":" Login"}[39m
[35m[HTTP][39m [37m<-- POST /wd/hub/session/001f3583-bbca-4f5d-b358-3a9b2339d0d6/elements [39m[32m200[39m [90m80 ms - 12[39m
[35m[HTTP][39m [90m[39m
[35m[HTTP][39m [37m-->[39m [37mPOST[39m [37m/wd/hub/session/001f3583-bbca-4f5d-b358-3a9b2339d0d6/elements[39m
[35m[HTTP][39m [90m{"using":"accessibility id","value":" Login"}[39m
[35m[HTTP][39m [37m<-- POST /wd/hub/session/001f3583-bbca-4f5d-b358-3a9b2339d0d6/elements [39m[32m200[39m [90m76 ms - 12[39m
[35m[HTTP][39m [90m[39m
[35m[HTTP][39m [37m-->[39m [37mPOST[39m [37m/wd/hub/session/001f3583-bbca-4f5d-b358-3a9b2339d0d6/elements[39m
[35m[HTTP][39m [90m{"using":"accessibility id","value":" Login"}[39m
[35m[HTTP][39m [37m<-- POST /wd/hub/session/001f3583-bbca-4f5d-b358-3a9b2339d0d6/elements [39m[32m200[39m [90m1565 ms - 139[39m
[35m[HTTP][39m [90m[39m
[35m[HTTP][39m [37m-->[39m [37mGET[39m [37m/wd/hub/session/001f3583-bbca-4f5d-b358-3a9b2339d0d6/element/00000000-0000-1b10-0000-001000000003/location[39m
[35m[HTTP][39m [90m{}[39m
[35m[W3C (001f3583)][39m Driver proxy active, passing request on via HTTP proxy
[35m[WD Proxy][39m Replacing sessionId 3361f42e-17c7-4f82-9c98-3978f30a38db with 001f3583-bbca-4f5d-b358-3a9b2339d0d6
[35m[HTTP][39m [37m<-- GET /wd/hub/session/001f3583-bbca-4f5d-b358-3a9b2339d0d6/element/00000000-0000-1b10-0000-001000000003/location [39m[32m200[39m [90m28 ms - 79[39m
[35m[HTTP][39m [90m[39m
[35m[HTTP][39m [37m-->[39m [37mPOST[39m [37m/wd/hub/session/001f3583-bbca-4f5d-b358-3a9b2339d0d6/timeouts[39m
[35m[HTTP][39m [90m{"implicit":30000}[39m
[35m[HTTP][39m [37m<-- POST /wd/hub/session/001f3583-bbca-4f5d-b358-3a9b2339d0d6/timeouts [39m[32m200[39m [90m1 ms - 14[39m
[35m[HTTP][39m [90m[39m
[35m[HTTP][39m [37m-->[39m [37mPOST[39m [37m/wd/hub/session/001f3583-bbca-4f5d-b358-3a9b2339d0d6/element/00000000-0000-1b10-0000-001000000003/click[39m
[35m[HTTP][39m [90m{"id":"00000000-0000-1b10-0000-001000000003"}[39m
[35m[HTTP][39m [37m<-- POST /wd/hub/session/001f3583-bbca-4f5d-b358-3a9b2339d0d6/element/00000000-0000-1b10-0000-001000000003/click [39m[32m200[39m [90m94 ms - 14[39m
[35m[HTTP][39m [90m[39m
[35m[HTTP][39m [37m-->[39m [37mPOST[39m [37m/wd/hub/session/001f3583-bbca-4f5d-b358-3a9b2339d0d6/timeouts[39m
[35m[HTTP][39m [90m{"implicit":50}[39m
[35m[HTTP][39m [37m<-- POST /wd/hub/session/001f3583-bbca-4f5d-b358-3a9b2339d0d6/timeouts [39m[32m200[39m [90m1 ms - 14[39m
[35m[HTTP][39m [90m[39m
[35m[HTTP][39m [37m-->[39m [37mGET[39m [37m/wd/hub/session/001f3583-bbca-4f5d-b358-3a9b2339d0d6/window/rect[39m
[35m[HTTP][39m [90m{}[39m
[35m[HTTP][39m [37m<-- GET /wd/hub/session/001f3583-bbca-4f5d-b358-3a9b2339d0d6/window/rect [39m[32m200[39m [90m16 ms - 50[39m
[35m[HTTP][39m [90m[39m
[35m[HTTP][39m [37m-->[39m [37mPOST[39m [37m/wd/hub/session/001f3583-bbca-4f5d-b358-3a9b2339d0d6/elements[39m
[35m[HTTP][39m [90m{"using":"xpath","value":"//*[@class = 'android.widget.EditText' and (@text = 'email address' or . = 'email address') and @resource-id = '']"}[39m
[35m[HTTP][39m [37m<-- POST /wd/hub/session/001f3583-bbca-4f5d-b358-3a9b2339d0d6/elements [39m[32m200[39m [90m966 ms - 139[39m
[35m[HTTP][39m [90m[39m
[35m[HTTP][39m [37m-->[39m [37mGET[39m [37m/wd/hub/session/001f3583-bbca-4f5d-b358-3a9b2339d0d6/element/00000000-0000-1b10-0000-001700000003/location[39m
[35m[HTTP][39m [90m{}[39m
[35m[W3C (001f3583)][39m Driver proxy active, passing request on via HTTP proxy
[35m[WD Proxy][39m Replacing sessionId 3361f42e-17c7-4f82-9c98-3978f30a38db with 001f3583-bbca-4f5d-b358-3a9b2339d0d6
[35m[HTTP][39m [37m<-- GET /wd/hub/session/001f3583-bbca-4f5d-b358-3a9b2339d0d6/element/00000000-0000-1b10-0000-001700000003/location [39m[32m200[39m [90m22 ms - 78[39m
[35m[HTTP][39m [90m[39m
[35m[HTTP][39m [37m-->[39m [37mPOST[39m [37m/wd/hub/session/001f3583-bbca-4f5d-b358-3a9b2339d0d6/timeouts[39m
[35m[HTTP][39m [90m{"implicit":30000}[39m
[35m[HTTP][39m [37m<-- POST /wd/hub/session/001f3583-bbca-4f5d-b358-3a9b2339d0d6/timeouts [39m[32m200[39m [90m4 ms - 14[39m
[35m[HTTP][39m [90m[39m
[35m[HTTP][39m [37m-->[39m [37mPOST[39m [37m/wd/hub/session/001f3583-bbca-4f5d-b358-3a9b2339d0d6/element/00000000-0000-1b10-0000-001700000003/click[39m
[35m[HTTP][39m [90m{"id":"00000000-0000-1b10-0000-001700000003"}[39m
[35m[HTTP][39m [37m<-- POST /wd/hub/session/001f3583-bbca-4f5d-b358-3a9b2339d0d6/element/00000000-0000-1b10-0000-001700000003/click [39m[32m200[39m [90m68 ms - 14[39m
[35m[HTTP][39m [90m[39m
[35m[HTTP][39m [37m-->[39m [37mPOST[39m [37m/wd/hub/session/001f3583-bbca-4f5d-b358-3a9b2339d0d6/timeouts[39m
[35m[HTTP][39m [90m{"implicit":50}[39m
[35m[HTTP][39m [37m<-- POST /wd/hub/session/001f3583-bbca-4f5d-b358-3a9b2339d0d6/timeouts [39m[32m200[39m [90m1 ms - 14[39m
[35m[HTTP][39m [90m[39m
[35m[HTTP][39m [37m-->[39m [37mGET[39m [37m/wd/hub/session/001f3583-bbca-4f5d-b358-3a9b2339d0d6/window/rect[39m
[35m[HTTP][39m [90m{}[39m
[35m[HTTP][39m [37m<-- GET /wd/hub/session/001f3583-bbca-4f5d-b358-3a9b2339d0d6/window/rect [39m[32m200[39m [90m16 ms - 50[39m
[35m[HTTP][39m [90m[39m
[35m[HTTP][39m [37m-->[39m [37mPOST[39m [37m/wd/hub/session/001f3583-bbca-4f5d-b358-3a9b2339d0d6/elements[39m
[35m[HTTP][39m [90m{"using":"xpath","value":"//*[@class = 'android.widget.EditText' and @resource-id = '' and (@text = '' or . = '')]"}[39m
[35m[HTTP][39m [37m<-- POST /wd/hub/session/001f3583-bbca-4f5d-b358-3a9b2339d0d6/elements [39m[32m200[39m [90m1594 ms - 139[39m
[35m[HTTP][39m [90m[39m
[35m[HTTP][39m [37m-->[39m [37mGET[39m [37m/wd/hub/session/001f3583-bbca-4f5d-b358-3a9b2339d0d6/element/00000000-0000-1b10-0000-001700000003/location[39m
[35m[HTTP][39m [90m{}[39m
[35m[W3C (001f3583)][39m Driver proxy active, passing request on via HTTP proxy
[35m[WD Proxy][39m Replacing sessionId 3361f42e-17c7-4f82-9c98-3978f30a38db with 001f3583-bbca-4f5d-b358-3a9b2339d0d6
[35m[HTTP][39m [37m<-- GET /wd/hub/session/001f3583-bbca-4f5d-b358-3a9b2339d0d6/element/00000000-0000-1b10-0000-001700000003/location [39m[32m200[39m [90m10 ms - 78[39m
[35m[HTTP][39m [90m[39m
[35m[HTTP][39m [37m-->[39m [37mPOST[39m [37m/wd/hub/session/001f3583-bbca-4f5d-b358-3a9b2339d0d6/timeouts[39m
[35m[HTTP][39m [90m{"implicit":30000}[39m
[35m[HTTP][39m [37m<-- POST /wd/hub/session/001f3583-bbca-4f5d-b358-3a9b2339d0d6/timeouts [39m[32m200[39m [90m1 ms - 14[39m
[35m[HTTP][39m [90m[39m
[35m[HTTP][39m [37m-->[39m [37mPOST[39m [37m/wd/hub/session/001f3583-bbca-4f5d-b358-3a9b2339d0d6/element/00000000-0000-1b10-0000-001700000003/clear[39m
[35m[HTTP][39m [90m{"id":"00000000-0000-1b10-0000-001700000003"}[39m
[35m[HTTP][39m [37m<-- POST /wd/hub/session/001f3583-bbca-4f5d-b358-3a9b2339d0d6/element/00000000-0000-1b10-0000-001700000003/clear [39m[32m200[39m [90m24 ms - 14[39m
[35m[HTTP][39m [90m[39m
[35m[HTTP][39m [37m-->[39m [37mPOST[39m [37m/wd/hub/session/001f3583-bbca-4f5d-b358-3a9b2339d0d6/element/00000000-0000-1b10-0000-001700000003/value[39m
[35m[HTTP][39m [90m{"id":"00000000-0000-1b10-0000-001700000003","text":"qe1@gmail.com\n","value":["q","e","1","@","g","m","a","i","l",".","c","o","m","\n"]}[39m
[35m[HTTP][39m [37m<-- POST /wd/hub/session/001f3583-bbca-4f5d-b358-3a9b2339d0d6/element/00000000-0000-1b10-0000-001700000003/value [39m[32m200[39m [90m27 ms - 14[39m
[35m[HTTP][39m [90m[39m
[35m[HTTP][39m [37m-->[39m [37mPOST[39m [37m/wd/hub/session/001f3583-bbca-4f5d-b358-3a9b2339d0d6/timeouts[39m
[35m[HTTP][39m [90m{"implicit":50}[39m
[35m[HTTP][39m [37m<-- POST /wd/hub/session/001f3583-bbca-4f5d-b358-3a9b2339d0d6/timeouts [39m[32m200[39m [90m1 ms - 14[39m
[35m[HTTP][39m [90m[39m
[35m[HTTP][39m [37m-->[39m [37mGET[39m [37m/wd/hub/session/001f3583-bbca-4f5d-b358-3a9b2339d0d6/window/rect[39m
[35m[HTTP][39m [90m{}[39m
[35m[HTTP][39m [37m<-- GET /wd/hub/session/001f3583-bbca-4f5d-b358-3a9b2339d0d6/window/rect [39m[32m200[39m [90m21 ms - 50[39m
[35m[HTTP][39m [90m[39m
[35m[HTTP][39m [37m-->[39m [37mPOST[39m [37m/wd/hub/session/001f3583-bbca-4f5d-b358-3a9b2339d0d6/elements[39m
[35m[HTTP][39m [90m{"using":"xpath","value":"//*[@class = 'android.widget.EditText' and (@text = 'password' or . = 'password') and @resource-id = '']"}[39m
[35m[HTTP][39m [37m<-- POST /wd/hub/session/001f3583-bbca-4f5d-b358-3a9b2339d0d6/elements [39m[32m200[39m [90m834 ms - 139[39m
[35m[HTTP][39m [90m[39m
[35m[HTTP][39m [37m-->[39m [37mGET[39m [37m/wd/hub/session/001f3583-bbca-4f5d-b358-3a9b2339d0d6/element/00000000-0000-1b10-0000-001800000003/location[39m
[35m[HTTP][39m [90m{}[39m
[35m[W3C (001f3583)][39m Driver proxy active, passing request on via HTTP proxy
[35m[WD Proxy][39m Replacing sessionId 3361f42e-17c7-4f82-9c98-3978f30a38db with 001f3583-bbca-4f5d-b358-3a9b2339d0d6
[35m[HTTP][39m [37m<-- GET /wd/hub/session/001f3583-bbca-4f5d-b358-3a9b2339d0d6/element/00000000-0000-1b10-0000-001800000003/location [39m[32m200[39m [90m22 ms - 78[39m
[35m[HTTP][39m [90m[39m
[35m[HTTP][39m [37m-->[39m [37mPOST[39m [37m/wd/hub/session/001f3583-bbca-4f5d-b358-3a9b2339d0d6/timeouts[39m
[35m[HTTP][39m [90m{"implicit":30000}[39m
[35m[HTTP][39m [37m<-- POST /wd/hub/session/001f3583-bbca-4f5d-b358-3a9b2339d0d6/timeouts [39m[32m200[39m [90m1 ms - 14[39m
[35m[HTTP][39m [90m[39m
[35m[HTTP][39m [37m-->[39m [37mPOST[39m [37m/wd/hub/session/001f3583-bbca-4f5d-b358-3a9b2339d0d6/element/00000000-0000-1b10-0000-001800000003/click[39m
[35m[HTTP][39m [90m{"id":"00000000-0000-1b10-0000-001800000003"}[39m
[35m[HTTP][39m [37m<-- POST /wd/hub/session/001f3583-bbca-4f5d-b358-3a9b2339d0d6/element/00000000-0000-1b10-0000-001800000003/click [39m[32m200[39m [90m871 ms - 14[39m
[35m[HTTP][39m [90m[39m
[35m[HTTP][39m [37m-->[39m [37mPOST[39m [37m/wd/hub/session/001f3583-bbca-4f5d-b358-3a9b2339d0d6/timeouts[39m
[35m[HTTP][39m [90m{"implicit":50}[39m
[35m[HTTP][39m [37m<-- POST /wd/hub/session/001f3583-bbca-4f5d-b358-3a9b2339d0d6/timeouts [39m[32m200[39m [90m1 ms - 14[39m
[35m[HTTP][39m [90m[39m
[35m[HTTP][39m [37m-->[39m [37mGET[39m [37m/wd/hub/session/001f3583-bbca-4f5d-b358-3a9b2339d0d6/window/rect[39m
[35m[HTTP][39m [90m{}[39m
[35m[HTTP][39m [37m<-- GET /wd/hub/session/001f3583-bbca-4f5d-b358-3a9b2339d0d6/window/rect [39m[32m200[39m [90m24 ms - 50[39m
[35m[HTTP][39m [90m[39m
[35m[HTTP][39m [37m-->[39m [37mPOST[39m [37m/wd/hub/session/001f3583-bbca-4f5d-b358-3a9b2339d0d6/elements[39m
[35m[HTTP][39m [90m{"using":"xpath","value":"//hierarchy/android.widget.FrameLayout[1]/android.widget.LinearLayout[1]/android.widget.FrameLayout[1]/android.widget.FrameLayout[1]/android.view.View[1]/android.view.View[1]/android.view.View[1]/android.view.View[1]/android.widget.ScrollView[1]/android.widget.EditText[2]"}[39m
[35m[HTTP][39m [37m<-- POST /wd/hub/session/001f3583-bbca-4f5d-b358-3a9b2339d0d6/elements [39m[32m200[39m [90m63 ms - 139[39m
[35m[HTTP][39m [90m[39m
[35m[HTTP][39m [37m-->[39m [37mGET[39m [37m/wd/hub/session/001f3583-bbca-4f5d-b358-3a9b2339d0d6/element/00000000-0000-1b10-0000-001800000003/location[39m
[35m[HTTP][39m [90m{}[39m
[35m[W3C (001f3583)][39m Driver proxy active, passing request on via HTTP proxy
[35m[WD Proxy][39m Replacing sessionId 3361f42e-17c7-4f82-9c98-3978f30a38db with 001f3583-bbca-4f5d-b358-3a9b2339d0d6
[35m[HTTP][39m [37m<-- GET /wd/hub/session/001f3583-bbca-4f5d-b358-3a9b2339d0d6/element/00000000-0000-1b10-0000-001800000003/location [39m[32m200[39m [90m10 ms - 78[39m
[35m[HTTP][39m [90m[39m
[35m[HTTP][39m [37m-->[39m [37mPOST[39m [37m/wd/hub/session/001f3583-bbca-4f5d-b358-3a9b2339d0d6/timeouts[39m
[35m[HTTP][39m [90m{"implicit":30000}[39m
[35m[HTTP][39m [37m<-- POST /wd/hub/session/001f3583-bbca-4f5d-b358-3a9b2339d0d6/timeouts [39m[32m200[39m [90m1 ms - 14[39m
[35m[HTTP][39m [90m[39m
[35m[HTTP][39m [37m-->[39m [37mPOST[39m [37m/wd/hub/session/001f3583-bbca-4f5d-b358-3a9b2339d0d6/element/00000000-0000-1b10-0000-001800000003/clear[39m
[35m[HTTP][39m [90m{"id":"00000000-0000-1b10-0000-001800000003"}[39m
[35m[HTTP][39m [37m<-- POST /wd/hub/session/001f3583-bbca-4f5d-b358-3a9b2339d0d6/element/00000000-0000-1b10-0000-001800000003/clear [39m[32m200[39m [90m20 ms - 14[39m
[35m[HTTP][39m [90m[39m
[35m[HTTP][39m [37m-->[39m [37mPOST[39m [37m/wd/hub/session/001f3583-bbca-4f5d-b358-3a9b2339d0d6/element/00000000-0000-1b10-0000-001800000003/value[39m
[35m[HTTP][39m [90m{"id":"00000000-0000-1b10-0000-001800000003","text":"12344321","value":["1","2","3","4","4","3","2","1"]}[39m
[35m[HTTP][39m [37m<-- POST /wd/hub/session/001f3583-bbca-4f5d-b358-3a9b2339d0d6/element/00000000-0000-1b10-0000-001800000003/value [39m[32m200[39m [90m26 ms - 14[39m
[35m[HTTP][39m [90m[39m
[35m[HTTP][39m [37m-->[39m [37mGET[39m [37m/wd/hub/session/001f3583-bbca-4f5d-b358-3a9b2339d0d6/context[39m
[35m[HTTP][39m [90m{}[39m
[35m[HTTP][39m [37m<-- GET /wd/hub/session/001f3583-bbca-4f5d-b358-3a9b2339d0d6/context [39m[32m200[39m [90m1 ms - 22[39m
[35m[HTTP][39m [90m[39m
[35m[HTTP][39m [37m-->[39m [37mGET[39m [37m/wd/hub/session/001f3583-bbca-4f5d-b358-3a9b2339d0d6/contexts[39m
[35m[HTTP][39m [90m{}[39m
[35m[HTTP][39m [37m<-- GET /wd/hub/session/001f3583-bbca-4f5d-b358-3a9b2339d0d6/contexts [39m[32m200[39m [90m88 ms - 24[39m
[35m[HTTP][39m [90m[39m
[35m[HTTP][39m [37m-->[39m [37mPOST[39m [37m/wd/hub/session/001f3583-bbca-4f5d-b358-3a9b2339d0d6/context[39m
[35m[HTTP][39m [90m{"name":"NATIVE_APP"}[39m
[35m[HTTP][39m [37m<-- POST /wd/hub/session/001f3583-bbca-4f5d-b358-3a9b2339d0d6/context [39m[32m200[39m [90m2 ms - 14[39m
[35m[HTTP][39m [90m[39m
[35m[HTTP][39m [37m-->[39m [37mPOST[39m [37m/wd/hub/session/001f3583-bbca-4f5d-b358-3a9b2339d0d6/appium/device/hide_keyboard[39m
[35m[HTTP][39m [90m{}[39m
[35m[HTTP][39m [37m<-- POST /wd/hub/session/001f3583-bbca-4f5d-b358-3a9b2339d0d6/appium/device/hide_keyboard [39m[32m200[39m [90m2868 ms - 14[39m
[35m[HTTP][39m [90m[39m
[35m[HTTP][39m [37m-->[39m [37mPOST[39m [37m/wd/hub/session/001f3583-bbca-4f5d-b358-3a9b2339d0d6/context[39m
[35m[HTTP][39m [90m{"name":"NATIVE_APP"}[39m
[35m[HTTP][39m [37m<-- POST /wd/hub/session/001f3583-bbca-4f5d-b358-3a9b2339d0d6/context [39m[32m200[39m [90m2 ms - 14[39m
[35m[HTTP][39m [90m[39m
[35m[HTTP][39m [37m-->[39m [37mPOST[39m [37m/wd/hub/session/001f3583-bbca-4f5d-b358-3a9b2339d0d6/timeouts[39m
[35m[HTTP][39m [90m{"implicit":50}[39m
[35m[HTTP][39m [37m<-- POST /wd/hub/session/001f3583-bbca-4f5d-b358-3a9b2339d0d6/timeouts [39m[32m200[39m [90m1 ms - 14[39m
[35m[HTTP][39m [90m[39m
[35m[HTTP][39m [37m-->[39m [37mGET[39m [37m/wd/hub/session/001f3583-bbca-4f5d-b358-3a9b2339d0d6/window/rect[39m
[35m[HTTP][39m [90m{}[39m
[35m[HTTP][39m [37m<-- GET /wd/hub/session/001f3583-bbca-4f5d-b358-3a9b2339d0d6/window/rect [39m[32m200[39m [90m15 ms - 50[39m
[35m[HTTP][39m [90m[39m
[35m[HTTP][39m [37m-->[39m [37mPOST[39m [37m/wd/hub/session/001f3583-bbca-4f5d-b358-3a9b2339d0d6/elements[39m
[35m[HTTP][39m [90m{"using":"xpath","value":"//*[@class = 'android.widget.Button' and @resource-id = '' and (@text = '' or . = '')]"}[39m
[35m[HTTP][39m [37m<-- POST /wd/hub/session/001f3583-bbca-4f5d-b358-3a9b2339d0d6/elements [39m[32m200[39m [90m685 ms - 139[39m
[35m[HTTP][39m [90m[39m
[35m[HTTP][39m [37m-->[39m [37mGET[39m [37m/wd/hub/session/001f3583-bbca-4f5d-b358-3a9b2339d0d6/element/00000000-0000-1b10-0000-001b00000003/location[39m
[35m[HTTP][39m [90m{}[39m
[35m[W3C (001f3583)][39m Driver proxy active, passing request on via HTTP proxy
[35m[WD Proxy][39m Replacing sessionId 3361f42e-17c7-4f82-9c98-3978f30a38db with 001f3583-bbca-4f5d-b358-3a9b2339d0d6
[35m[HTTP][39m [37m<-- GET /wd/hub/session/001f3583-bbca-4f5d-b358-3a9b2339d0d6/element/00000000-0000-1b10-0000-001b00000003/location [39m[32m200[39m [90m14 ms - 78[39m
[35m[HTTP][39m [90m[39m
[35m[HTTP][39m [37m-->[39m [37mPOST[39m [37m/wd/hub/session/001f3583-bbca-4f5d-b358-3a9b2339d0d6/timeouts[39m
[35m[HTTP][39m [90m{"implicit":30000}[39m
[35m[HTTP][39m [37m<-- POST /wd/hub/session/001f3583-bbca-4f5d-b358-3a9b2339d0d6/timeouts [39m[32m200[39m [90m1 ms - 14[39m
[35m[HTTP][39m [90m[39m
[35m[HTTP][39m [37m-->[39m [37mPOST[39m [37m/wd/hub/session/001f3583-bbca-4f5d-b358-3a9b2339d0d6/element/00000000-0000-1b10-0000-001b00000003/click[39m
[35m[HTTP][39m [90m{"id":"00000000-0000-1b10-0000-001b00000003"}[39m
[35m[HTTP][39m [37m<-- POST /wd/hub/session/001f3583-bbca-4f5d-b358-3a9b2339d0d6/element/00000000-0000-1b10-0000-001b00000003/click [39m[32m200[39m [90m1875 ms - 14[39m
[35m[HTTP][39m [90m[39m
[35m[HTTP][39m [37m-->[39m [37mPOST[39m [37m/wd/hub/session/001f3583-bbca-4f5d-b358-3a9b2339d0d6/timeouts[39m
[35m[HTTP][39m [90m{"implicit":50}[39m
[35m[HTTP][39m [37m<-- POST /wd/hub/session/001f3583-bbca-4f5d-b358-3a9b2339d0d6/timeouts [39m[32m200[39m [90m1 ms - 14[39m
[35m[HTTP][39m [90m[39m
[35m[HTTP][39m [37m-->[39m [37mGET[39m [37m/wd/hub/session/001f3583-bbca-4f5d-b358-3a9b2339d0d6/window/rect[39m
[35m[HTTP][39m [90m{}[39m
[35m[HTTP][39m [37m<-- GET /wd/hub/session/001f3583-bbca-4f5d-b358-3a9b2339d0d6/window/rect [39m[32m200[39m [90m24 ms - 50[39m
[35m[HTTP][39m [90m[39m
[35m[HTTP][39m [37m-->[39m [37mPOST[39m [37m/wd/hub/session/001f3583-bbca-4f5d-b358-3a9b2339d0d6/elements[39m
[35m[HTTP][39m [90m{"using":"accessibility id","value":"Hey QE1 Test"}[39m
[35m[HTTP][39m [37m<-- POST /wd/hub/session/001f3583-bbca-4f5d-b358-3a9b2339d0d6/elements [39m[32m200[39m [90m102 ms - 12[39m
[35m[HTTP][39m [90m[39m
[35m[HTTP][39m [37m-->[39m [37mPOST[39m [37m/wd/hub/session/001f3583-bbca-4f5d-b358-3a9b2339d0d6/elements[39m
[35m[HTTP][39m [90m{"using":"accessibility id","value":"Hey QE1 Test"}[39m
[35m[HTTP][39m [37m<-- POST /wd/hub/session/001f3583-bbca-4f5d-b358-3a9b2339d0d6/elements [39m[32m200[39m [90m107 ms - 12[39m
[35m[HTTP][39m [90m[39m
[35m[HTTP][39m [37m-->[39m [37mPOST[39m [37m/wd/hub/session/001f3583-bbca-4f5d-b358-3a9b2339d0d6/elements[39m
[35m[HTTP][39m [90m{"using":"accessibility id","value":"Hey QE1 Test"}[39m
[35m[HTTP][39m [37m<-- POST /wd/hub/session/001f3583-bbca-4f5d-b358-3a9b2339d0d6/elements [39m[32m200[39m [90m587 ms - 12[39m
[35m[HTTP][39m [90m[39m
[35m[HTTP][39m [37m-->[39m [37mPOST[39m [37m/wd/hub/session/001f3583-bbca-4f5d-b358-3a9b2339d0d6/elements[39m
[35m[HTTP][39m [90m{"using":"accessibility id","value":"Hey QE1 Test"}[39m
[35m[HTTP][39m [37m<-- POST /wd/hub/session/001f3583-bbca-4f5d-b358-3a9b2339d0d6/elements [39m[32m200[39m [90m104 ms - 12[39m
[35m[HTTP][39m [90m[39m
[35m[HTTP][39m [37m-->[39m [37mPOST[39m [37m/wd/hub/session/001f3583-bbca-4f5d-b358-3a9b2339d0d6/elements[39m
[35m[HTTP][39m [90m{"using":"accessibility id","value":"Hey QE1 Test"}[39m
[35m[HTTP][39m [37m<-- POST /wd/hub/session/001f3583-bbca-4f5d-b358-3a9b2339d0d6/elements [39m[32m200[39m [90m118 ms - 12[39m
[35m[HTTP][39m [90m[39m
[35m[HTTP][39m [37m-->[39m [37mPOST[39m [37m/wd/hub/session/001f3583-bbca-4f5d-b358-3a9b2339d0d6/elements[39m
[35m[HTTP][39m [90m{"using":"accessibility id","value":"Hey QE1 Test"}[39m
[35m[HTTP][39m [37m<-- POST /wd/hub/session/001f3583-bbca-4f5d-b358-3a9b2339d0d6/elements [39m[32m200[39m [90m100 ms - 12[39m
[35m[HTTP][39m [90m[39m
[35m[HTTP][39m [37m-->[39m [37mPOST[39m [37m/wd/hub/session/001f3583-bbca-4f5d-b358-3a9b2339d0d6/elements[39m
[35m[HTTP][39m [90m{"using":"accessibility id","value":"Hey QE1 Test"}[39m
[35m[HTTP][39m [37m<-- POST /wd/hub/session/001f3583-bbca-4f5d-b358-3a9b2339d0d6/elements [39m[32m200[39m [90m130 ms - 12[39m
[35m[HTTP][39m [90m[39m
[35m[HTTP][39m [37m-->[39m [37mPOST[39m [37m/wd/hub/session/001f3583-bbca-4f5d-b358-3a9b2339d0d6/elements[39m
[35m[HTTP][39m [90m{"using":"accessibility id","value":"Hey QE1 Test"}[39m
[35m[HTTP][39m [37m<-- POST /wd/hub/session/001f3583-bbca-4f5d-b358-3a9b2339d0d6/elements [39m[32m200[39m [90m504 ms - 12[39m
[35m[HTTP][39m [90m[39m
[35m[HTTP][39m [37m-->[39m [37mPOST[39m [37m/wd/hub/session/001f3583-bbca-4f5d-b358-3a9b2339d0d6/elements[39m
[35m[HTTP][39m [90m{"using":"accessibility id","value":"Hey QE1 Test"}[39m
[35m[HTTP][39m [37m<-- POST /wd/hub/session/001f3583-bbca-4f5d-b358-3a9b2339d0d6/elements [39m[32m200[39m [90m112 ms - 12[39m
[35m[HTTP][39m [90m[39m
[35m[HTTP][39m [37m-->[39m [37mPOST[39m [37m/wd/hub/session/001f3583-bbca-4f5d-b358-3a9b2339d0d6/elements[39m
[35m[HTTP][39m [90m{"using":"accessibility id","value":"Hey QE1 Test"}[39m
[35m[HTTP][39m [37m<-- POST /wd/hub/session/001f3583-bbca-4f5d-b358-3a9b2339d0d6/elements [39m[32m200[39m [90m97 ms - 12[39m
[35m[HTTP][39m [90m[39m
[35m[HTTP][39m [37m-->[39m [37mPOST[39m [37m/wd/hub/session/001f3583-bbca-4f5d-b358-3a9b2339d0d6/elements[39m
[35m[HTTP][39m [90m{"using":"accessibility id","value":"Hey QE1 Test"}[39m
[35m[HTTP][39m [37m<-- POST /wd/hub/session/001f3583-bbca-4f5d-b358-3a9b2339d0d6/elements [39m[32m200[39m [90m96 ms - 12[39m
[35m[HTTP][39m [90m[39m
[35m[HTTP][39m [37m-->[39m [37mPOST[39m [37m/wd/hub/session/001f3583-bbca-4f5d-b358-3a9b2339d0d6/elements[39m
[35m[HTTP][39m [90m{"using":"accessibility id","value":"Hey QE1 Test"}[39m
[35m[HTTP][39m [37m<-- POST /wd/hub/session/001f3583-bbca-4f5d-b358-3a9b2339d0d6/elements [39m[32m200[39m [90m90 ms - 12[39m
[35m[HTTP][39m [90m[39m
[35m[HTTP][39m [37m-->[39m [37mPOST[39m [37m/wd/hub/session/001f3583-bbca-4f5d-b358-3a9b2339d0d6/elements[39m
[35m[HTTP][39m [90m{"using":"accessibility id","value":"Hey QE1 Test"}[39m
[35m[HTTP][39m [37m<-- POST /wd/hub/session/001f3583-bbca-4f5d-b358-3a9b2339d0d6/elements [39m[32m200[39m [90m554 ms - 12[39m
[35m[HTTP][39m [90m[39m
[35m[HTTP][39m [37m-->[39m [37mPOST[39m [37m/wd/hub/session/001f3583-bbca-4f5d-b358-3a9b2339d0d6/elements[39m
[35m[HTTP][39m [90m{"using":"accessibility id","value":"Hey QE1 Test"}[39m
[35m[HTTP][39m [37m<-- POST /wd/hub/session/001f3583-bbca-4f5d-b358-3a9b2339d0d6/elements [39m[32m200[39m [90m90 ms - 12[39m
[35m[HTTP][39m [90m[39m
[35m[HTTP][39m [37m-->[39m [37mPOST[39m [37m/wd/hub/session/001f3583-bbca-4f5d-b358-3a9b2339d0d6/elements[39m
[35m[HTTP][39m [90m{"using":"accessibility id","value":"Hey QE1 Test"}[39m
[35m[HTTP][39m [37m<-- POST /wd/hub/session/001f3583-bbca-4f5d-b358-3a9b2339d0d6/elements [39m[32m200[39m [90m100 ms - 12[39m
[35m[HTTP][39m [90m[39m
[35m[HTTP][39m [37m-->[39m [37mPOST[39m [37m/wd/hub/session/001f3583-bbca-4f5d-b358-3a9b2339d0d6/elements[39m
[35m[HTTP][39m [90m{"using":"accessibility id","value":"Hey QE1 Test"}[39m
[35m[HTTP][39m [37m<-- POST /wd/hub/session/001f3583-bbca-4f5d-b358-3a9b2339d0d6/elements [39m[32m200[39m [90m121 ms - 12[39m
[35m[HTTP][39m [90m[39m
[35m[HTTP][39m [37m-->[39m [37mPOST[39m [37m/wd/hub/session/001f3583-bbca-4f5d-b358-3a9b2339d0d6/elements[39m
[35m[HTTP][39m [90m{"using":"accessibility id","value":"Hey QE1 Test"}[39m
[35m[HTTP][39m [37m<-- POST /wd/hub/session/001f3583-bbca-4f5d-b358-3a9b2339d0d6/elements [39m[32m200[39m [90m89 ms - 12[39m
[35m[HTTP][39m [90m[39m
[35m[HTTP][39m [37m-->[39m [37mPOST[39m [37m/wd/hub/session/001f3583-bbca-4f5d-b358-3a9b2339d0d6/elements[39m
[35m[HTTP][39m [90m{"using":"accessibility id","value":"Hey QE1 Test"}[39m
[35m[HTTP][39m [37m<-- POST /wd/hub/session/001f3583-bbca-4f5d-b358-3a9b2339d0d6/elements [39m[32m200[39m [90m554 ms - 12[39m
[35m[HTTP][39m [90m[39m
[35m[HTTP][39m [37m-->[39m [37mPOST[39m [37m/wd/hub/session/001f3583-bbca-4f5d-b358-3a9b2339d0d6/elements[39m
[35m[HTTP][39m [90m{"using":"accessibility id","value":"Hey QE1 Test"}[39m
[35m[HTTP][39m [37m<-- POST /wd/hub/session/001f3583-bbca-4f5d-b358-3a9b2339d0d6/elements [39m[32m200[39m [90m87 ms - 12[39m
[35m[HTTP][39m [90m[39m
[35m[HTTP][39m [37m-->[39m [37mPOST[39m [37m/wd/hub/session/001f3583-bbca-4f5d-b358-3a9b2339d0d6/elements[39m
[35m[HTTP][39m [90m{"using":"accessibility id","value":"Hey QE1 Test"}[39m
[35m[HTTP][39m [37m<-- POST /wd/hub/session/001f3583-bbca-4f5d-b358-3a9b2339d0d6/elements [39m[32m200[39m [90m111 ms - 12[39m
[35m[HTTP][39m [90m[39m
[35m[HTTP][39m [37m-->[39m [37mPOST[39m [37m/wd/hub/session/001f3583-bbca-4f5d-b358-3a9b2339d0d6/elements[39m
[35m[HTTP][39m [90m{"using":"accessibility id","value":"Hey QE1 Test"}[39m
[35m[HTTP][39m [37m<-- POST /wd/hub/session/001f3583-bbca-4f5d-b358-3a9b2339d0d6/elements [39m[32m200[39m [90m106 ms - 12[39m
[35m[HTTP][39m [90m[39m
[35m[HTTP][39m [37m-->[39m [37mPOST[39m [37m/wd/hub/session/001f3583-bbca-4f5d-b358-3a9b2339d0d6/elements[39m
[35m[HTTP][39m [90m{"using":"accessibility id","value":"Hey QE1 Test"}[39m
[35m[HTTP][39m [37m<-- POST /wd/hub/session/001f3583-bbca-4f5d-b358-3a9b2339d0d6/elements [39m[32m200[39m [90m95 ms - 12[39m
[35m[HTTP][39m [90m[39m
[35m[HTTP][39m [37m-->[39m [37mPOST[39m [37m/wd/hub/session/001f3583-bbca-4f5d-b358-3a9b2339d0d6/elements[39m
[35m[HTTP][39m [90m{"using":"accessibility id","value":"Hey QE1 Test"}[39m
[35m[HTTP][39m [37m<-- POST /wd/hub/session/001f3583-bbca-4f5d-b358-3a9b2339d0d6/elements [39m[32m200[39m [90m545 ms - 12[39m
[35m[HTTP][39m [90m[39m
[35m[HTTP][39m [37m-->[39m [37mPOST[39m [37m/wd/hub/session/001f3583-bbca-4f5d-b358-3a9b2339d0d6/elements[39m
[35m[HTTP][39m [90m{"using":"accessibility id","value":"Hey QE1 Test"}[39m
[35m[HTTP][39m [37m<-- POST /wd/hub/session/001f3583-bbca-4f5d-b358-3a9b2339d0d6/elements [39m[32m200[39m [90m100 ms - 12[39m
[35m[HTTP][39m [90m[39m
[35m[HTTP][39m [37m-->[39m [37mPOST[39m [37m/wd/hub/session/001f3583-bbca-4f5d-b358-3a9b2339d0d6/elements[39m
[35m[HTTP][39m [90m{"using":"accessibility id","value":"Hey QE1 Test"}[39m
[35m[HTTP][39m [37m<-- POST /wd/hub/session/001f3583-bbca-4f5d-b358-3a9b2339d0d6/elements [39m[32m200[39m [90m103 ms - 12[39m
[35m[HTTP][39m [90m[39m
[35m[HTTP][39m [37m-->[39m [37mPOST[39m [37m/wd/hub/session/001f3583-bbca-4f5d-b358-3a9b2339d0d6/elements[39m
[35m[HTTP][39m [90m{"using":"accessibility id","value":"Hey QE1 Test"}[39m
[35m[HTTP][39m [37m<-- POST /wd/hub/session/001f3583-bbca-4f5d-b358-3a9b2339d0d6/elements [39m[32m200[39m [90m92 ms - 12[39m
[35m[HTTP][39m [90m[39m
[35m[HTTP][39m [37m-->[39m [37mPOST[39m [37m/wd/hub/session/001f3583-bbca-4f5d-b358-3a9b2339d0d6/elements[39m
[35m[HTTP][39m [90m{"using":"accessibility id","value":"Hey QE1 Test"}[39m
[35m[HTTP][39m [37m<-- POST /wd/hub/session/001f3583-bbca-4f5d-b358-3a9b2339d0d6/elements [39m[32m200[39m [90m98 ms - 12[39m
[35m[HTTP][39m [90m[39m
[35m[HTTP][39m [37m-->[39m [37mPOST[39m [37m/wd/hub/session/001f3583-bbca-4f5d-b358-3a9b2339d0d6/elements[39m
[35m[HTTP][39m [90m{"using":"accessibility id","value":"Hey QE1 Test"}[39m
[35m[HTTP][39m [37m<-- POST /wd/hub/session/001f3583-bbca-4f5d-b358-3a9b2339d0d6/elements [39m[32m200[39m [90m553 ms - 12[39m
[35m[HTTP][39m [90m[39m
[35m[HTTP][39m [37m-->[39m [37mPOST[39m [37m/wd/hub/session/001f3583-bbca-4f5d-b358-3a9b2339d0d6/elements[39m
[35m[HTTP][39m [90m{"using":"accessibility id","value":"Hey QE1 Test"}[39m
[35m[HTTP][39m [37m<-- POST /wd/hub/session/001f3583-bbca-4f5d-b358-3a9b2339d0d6/elements [39m[32m200[39m [90m94 ms - 12[39m
[35m[HTTP][39m [90m[39m
[35m[HTTP][39m [37m-->[39m [37mPOST[39m [37m/wd/hub/session/001f3583-bbca-4f5d-b358-3a9b2339d0d6/elements[39m
[35m[HTTP][39m [90m{"using":"accessibility id","value":"Hey QE1 Test"}[39m
[35m[HTTP][39m [37m<-- POST /wd/hub/session/001f3583-bbca-4f5d-b358-3a9b2339d0d6/elements [39m[32m200[39m [90m101 ms - 12[39m
[35m[HTTP][39m [90m[39m
[35m[HTTP][39m [37m-->[39m [37mPOST[39m [37m/wd/hub/session/001f3583-bbca-4f5d-b358-3a9b2339d0d6/elements[39m
[35m[HTTP][39m [90m{"using":"accessibility id","value":"Hey QE1 Test"}[39m
[35m[HTTP][39m [37m<-- POST /wd/hub/session/001f3583-bbca-4f5d-b358-3a9b2339d0d6/elements [39m[32m200[39m [90m104 ms - 12[39m
[35m[HTTP][39m [90m[39m
[35m[HTTP][39m [37m-->[39m [37mPOST[39m [37m/wd/hub/session/001f3583-bbca-4f5d-b358-3a9b2339d0d6/elements[39m
[35m[HTTP][39m [90m{"using":"accessibility id","value":"Hey QE1 Test"}[39m
[35m[HTTP][39m [37m<-- POST /wd/hub/session/001f3583-bbca-4f5d-b358-3a9b2339d0d6/elements [39m[32m200[39m [90m101 ms - 12[39m
[35m[HTTP][39m [90m[39m
[35m[HTTP][39m [37m-->[39m [37mPOST[39m [37m/wd/hub/session/001f3583-bbca-4f5d-b358-3a9b2339d0d6/elements[39m
[35m[HTTP][39m [90m{"using":"accessibility id","value":"Hey QE1 Test"}[39m
[35m[HTTP][39m [37m<-- POST /wd/hub/session/001f3583-bbca-4f5d-b358-3a9b2339d0d6/elements [39m[32m200[39m [90m560 ms - 12[39m
[35m[HTTP][39m [90m[39m
[35m[HTTP][39m [37m-->[39m [37mPOST[39m [37m/wd/hub/session/001f3583-bbca-4f5d-b358-3a9b2339d0d6/elements[39m
[35m[HTTP][39m [90m{"using":"accessibility id","value":"Hey QE1 Test"}[39m
[35m[HTTP][39m [37m<-- POST /wd/hub/session/001f3583-bbca-4f5d-b358-3a9b2339d0d6/elements [39m[32m200[39m [90m96 ms - 12[39m
[35m[HTTP][39m [90m[39m
[35m[HTTP][39m [37m-->[39m [37mPOST[39m [37m/wd/hub/session/001f3583-bbca-4f5d-b358-3a9b2339d0d6/elements[39m
[35m[HTTP][39m [90m{"using":"accessibility id","value":"Hey QE1 Test"}[39m
[35m[HTTP][39m [37m<-- POST /wd/hub/session/001f3583-bbca-4f5d-b358-3a9b2339d0d6/elements [39m[32m200[39m [90m95 ms - 12[39m
[35m[HTTP][39m [90m[39m
[35m[HTTP][39m [37m-->[39m [37mPOST[39m [37m/wd/hub/session/001f3583-bbca-4f5d-b358-3a9b2339d0d6/elements[39m
[35m[HTTP][39m [90m{"using":"accessibility id","value":"Hey QE1 Test"}[39m
[35m[HTTP][39m [37m<-- POST /wd/hub/session/001f3583-bbca-4f5d-b358-3a9b2339d0d6/elements [39m[32m200[39m [90m104 ms - 12[39m
[35m[HTTP][39m [90m[39m
[35m[HTTP][39m [37m-->[39m [37mPOST[39m [37m/wd/hub/session/001f3583-bbca-4f5d-b358-3a9b2339d0d6/elements[39m
[35m[HTTP][39m [90m{"using":"accessibility id","value":"Hey QE1 Test"}[39m
[35m[HTTP][39m [37m<-- POST /wd/hub/session/001f3583-bbca-4f5d-b358-3a9b2339d0d6/elements [39m[32m200[39m [90m98 ms - 12[39m
[35m[HTTP][39m [90m[39m
[35m[HTTP][39m [37m-->[39m [37mPOST[39m [37m/wd/hub/session/001f3583-bbca-4f5d-b358-3a9b2339d0d6/elements[39m
[35m[HTTP][39m [90m{"using":"accessibility id","value":"Hey QE1 Test"}[39m
[35m[HTTP][39m [37m<-- POST /wd/hub/session/001f3583-bbca-4f5d-b358-3a9b2339d0d6/elements [39m[32m200[39m [90m533 ms - 12[39m
[35m[HTTP][39m [90m[39m
[35m[HTTP][39m [37m-->[39m [37mPOST[39m [37m/wd/hub/session/001f3583-bbca-4f5d-b358-3a9b2339d0d6/elements[39m
[35m[HTTP][39m [90m{"using":"accessibility id","value":"Hey QE1 Test"}[39m
[35m[HTTP][39m [37m<-- POST /wd/hub/session/001f3583-bbca-4f5d-b358-3a9b2339d0d6/elements [39m[32m200[39m [90m100 ms - 12[39m
[35m[HTTP][39m [90m[39m
[35m[HTTP][39m [37m-->[39m [37mPOST[39m [37m/wd/hub/session/001f3583-bbca-4f5d-b358-3a9b2339d0d6/elements[39m
[35m[HTTP][39m [90m{"using":"accessibility id","value":"Hey QE1 Test"}[39m
[35m[HTTP][39m [37m<-- POST /wd/hub/session/001f3583-bbca-4f5d-b358-3a9b2339d0d6/elements [39m[32m200[39m [90m106 ms - 12[39m
[35m[HTTP][39m [90m[39m
[35m[HTTP][39m [37m-->[39m [37mPOST[39m [37m/wd/hub/session/001f3583-bbca-4f5d-b358-3a9b2339d0d6/elements[39m
[35m[HTTP][39m [90m{"using":"accessibility id","value":"Hey QE1 Test"}[39m
[35m[HTTP][39m [37m<-- POST /wd/hub/session/001f3583-bbca-4f5d-b358-3a9b2339d0d6/elements [39m[32m200[39m [90m101 ms - 12[39m
[35m[HTTP][39m [90m[39m
[35m[HTTP][39m [37m-->[39m [37mPOST[39m [37m/wd/hub/session/001f3583-bbca-4f5d-b358-3a9b2339d0d6/elements[39m
[35m[HTTP][39m [90m{"using":"accessibility id","value":"Hey QE1 Test"}[39m
[35m[HTTP][39m [37m<-- POST /wd/hub/session/001f3583-bbca-4f5d-b358-3a9b2339d0d6/elements [39m[32m200[39m [90m101 ms - 12[39m
[35m[HTTP][39m [90m[39m
[35m[HTTP][39m [37m-->[39m [37mPOST[39m [37m/wd/hub/session/001f3583-bbca-4f5d-b358-3a9b2339d0d6/elements[39m
[35m[HTTP][39m [90m{"using":"accessibility id","value":"Hey QE1 Test"}[39m
[35m[HTTP][39m [37m<-- POST /wd/hub/session/001f3583-bbca-4f5d-b358-3a9b2339d0d6/elements [39m[32m200[39m [90m568 ms - 12[39m
[35m[HTTP][39m [90m[39m
[35m[HTTP][39m [37m-->[39m [37mPOST[39m [37m/wd/hub/session/001f3583-bbca-4f5d-b358-3a9b2339d0d6/elements[39m
[35m[HTTP][39m [90m{"using":"accessibility id","value":"Hey QE1 Test"}[39m
[35m[HTTP][39m [37m<-- POST /wd/hub/session/001f3583-bbca-4f5d-b358-3a9b2339d0d6/elements [39m[32m200[39m [90m96 ms - 12[39m
[35m[HTTP][39m [90m[39m
[35m[HTTP][39m [37m-->[39m [37mPOST[39m [37m/wd/hub/session/001f3583-bbca-4f5d-b358-3a9b2339d0d6/elements[39m
[35m[HTTP][39m [90m{"using":"accessibility id","value":"Hey QE1 Test"}[39m
[35m[HTTP][39m [37m<-- POST /wd/hub/session/001f3583-bbca-4f5d-b358-3a9b2339d0d6/elements [39m[32m200[39m [90m96 ms - 12[39m
[35m[HTTP][39m [90m[39m
[35m[HTTP][39m [37m-->[39m [37mPOST[39m [37m/wd/hub/session/001f3583-bbca-4f5d-b358-3a9b2339d0d6/elements[39m
[35m[HTTP][39m [90m{"using":"accessibility id","value":"Hey QE1 Test"}[39m
[35m[HTTP][39m [37m<-- POST /wd/hub/session/001f3583-bbca-4f5d-b358-3a9b2339d0d6/elements [39m[32m200[39m [90m108 ms - 12[39m
[35m[HTTP][39m [90m[39m
[35m[HTTP][39m [37m-->[39m [37mPOST[39m [37m/wd/hub/session/001f3583-bbca-4f5d-b358-3a9b2339d0d6/elements[39m
[35m[HTTP][39m [90m{"using":"accessibility id","value":"Hey QE1 Test"}[39m
[35m[HTTP][39m [37m<-- POST /wd/hub/session/001f3583-bbca-4f5d-b358-3a9b2339d0d6/elements [39m[32m200[39m [90m104 ms - 12[39m
[35m[HTTP][39m [90m[39m
[35m[HTTP][39m [37m-->[39m [37mPOST[39m [37m/wd/hub/session/001f3583-bbca-4f5d-b358-3a9b2339d0d6/elements[39m
[35m[HTTP][39m [90m{"using":"accessibility id","value":"Hey QE1 Test"}[39m
[35m[HTTP][39m [37m<-- POST /wd/hub/session/001f3583-bbca-4f5d-b358-3a9b2339d0d6/elements [39m[32m200[39m [90m523 ms - 12[39m
[35m[HTTP][39m [90m[39m
[35m[HTTP][39m [37m-->[39m [37mPOST[39m [37m/wd/hub/session/001f3583-bbca-4f5d-b358-3a9b2339d0d6/elements[39m
[35m[HTTP][39m [90m{"using":"accessibility id","value":"Hey QE1 Test"}[39m
[35m[HTTP][39m [37m<-- POST /wd/hub/session/001f3583-bbca-4f5d-b358-3a9b2339d0d6/elements [39m[32m200[39m [90m93 ms - 12[39m
[35m[HTTP][39m [90m[39m
[35m[HTTP][39m [37m-->[39m [37mPOST[39m [37m/wd/hub/session/001f3583-bbca-4f5d-b358-3a9b2339d0d6/elements[39m
[35m[HTTP][39m [90m{"using":"accessibility id","value":"Hey QE1 Test"}[39m
[35m[HTTP][39m [37m<-- POST /wd/hub/session/001f3583-bbca-4f5d-b358-3a9b2339d0d6/elements [39m[32m200[39m [90m101 ms - 12[39m
[35m[HTTP][39m [90m[39m
[35m[HTTP][39m [37m-->[39m [37mPOST[39m [37m/wd/hub/session/001f3583-bbca-4f5d-b358-3a9b2339d0d6/elements[39m
[35m[HTTP][39m [90m{"using":"accessibility id","value":"Hey QE1 Test"}[39m
[35m[HTTP][39m [37m<-- POST /wd/hub/session/001f3583-bbca-4f5d-b358-3a9b2339d0d6/elements [39m[32m200[39m [90m111 ms - 12[39m
[35m[HTTP][39m [90m[39m
[35m[HTTP][39m [37m-->[39m [37mPOST[39m [37m/wd/hub/session/001f3583-bbca-4f5d-b358-3a9b2339d0d6/elements[39m
[35m[HTTP][39m [90m{"using":"accessibility id","value":"Hey QE1 Test"}[39m
[35m[HTTP][39m [37m<-- POST /wd/hub/session/001f3583-bbca-4f5d-b358-3a9b2339d0d6/elements [39m[32m200[39m [90m102 ms - 12[39m
[35m[HTTP][39m [90m[39m
[35m[HTTP][39m [37m-->[39m [37mPOST[39m [37m/wd/hub/session/001f3583-bbca-4f5d-b358-3a9b2339d0d6/elements[39m
[35m[HTTP][39m [90m{"using":"accessibility id","value":"Hey QE1 Test"}[39m
[35m[HTTP][39m [37m<-- POST /wd/hub/session/001f3583-bbca-4f5d-b358-3a9b2339d0d6/elements [39m[32m200[39m [90m540 ms - 12[39m
[35m[HTTP][39m [90m[39m
[35m[HTTP][39m [37m-->[39m [37mPOST[39m [37m/wd/hub/session/001f3583-bbca-4f5d-b358-3a9b2339d0d6/elements[39m
[35m[HTTP][39m [90m{"using":"accessibility id","value":"Hey QE1 Test"}[39m
[35m[HTTP][39m [37m<-- POST /wd/hub/session/001f3583-bbca-4f5d-b358-3a9b2339d0d6/elements [39m[32m200[39m [90m94 ms - 12[39m
[35m[HTTP][39m [90m[39m
[35m[HTTP][39m [37m-->[39m [37mPOST[39m [37m/wd/hub/session/001f3583-bbca-4f5d-b358-3a9b2339d0d6/elements[39m
[35m[HTTP][39m [90m{"using":"accessibility id","value":"Hey QE1 Test"}[39m
[35m[HTTP][39m [37m<-- POST /wd/hub/session/001f3583-bbca-4f5d-b358-3a9b2339d0d6/elements [39m[32m200[39m [90m87 ms - 12[39m
[35m[HTTP][39m [90m[39m
[35m[HTTP][39m [37m-->[39m [37mPOST[39m [37m/wd/hub/session/001f3583-bbca-4f5d-b358-3a9b2339d0d6/elements[39m
[35m[HTTP][39m [90m{"using":"accessibility id","value":"Hey QE1 Test"}[39m
[35m[HTTP][39m [37m<-- POST /wd/hub/session/001f3583-bbca-4f5d-b358-3a9b2339d0d6/elements [39m[32m200[39m [90m81 ms - 12[39m
[35m[HTTP][39m [90m[39m
[35m[HTTP][39m [37m-->[39m [37mPOST[39m [37m/wd/hub/session/001f3583-bbca-4f5d-b358-3a9b2339d0d6/elements[39m
[35m[HTTP][39m [90m{"using":"accessibility id","value":"Hey QE1 Test"}[39m
[35m[HTTP][39m [37m<-- POST /wd/hub/session/001f3583-bbca-4f5d-b358-3a9b2339d0d6/elements [39m[32m200[39m [90m103 ms - 12[39m
[35m[HTTP][39m [90m[39m
[35m[HTTP][39m [37m-->[39m [37mPOST[39m [37m/wd/hub/session/001f3583-bbca-4f5d-b358-3a9b2339d0d6/elements[39m
[35m[HTTP][39m [90m{"using":"accessibility id","value":"Hey QE1 Test"}[39m
[35m[HTTP][39m [37m<-- POST /wd/hub/session/001f3583-bbca-4f5d-b358-3a9b2339d0d6/elements [39m[32m200[39m [90m95 ms - 12[39m
[35m[HTTP][39m [90m[39m
[35m[HTTP][39m [37m-->[39m [37mPOST[39m [37m/wd/hub/session/001f3583-bbca-4f5d-b358-3a9b2339d0d6/elements[39m
[35m[HTTP][39m [90m{"using":"accessibility id","value":"Hey QE1 Test"}[39m
[35m[HTTP][39m [37m<-- POST /wd/hub/session/001f3583-bbca-4f5d-b358-3a9b2339d0d6/elements [39m[32m200[39m [90m475 ms - 12[39m
[35m[HTTP][39m [90m[39m
[35m[HTTP][39m [37m-->[39m [37mPOST[39m [37m/wd/hub/session/001f3583-bbca-4f5d-b358-3a9b2339d0d6/elements[39m
[35m[HTTP][39m [90m{"using":"accessibility id","value":"Hey QE1 Test"}[39m
[35m[HTTP][39m [37m<-- POST /wd/hub/session/001f3583-bbca-4f5d-b358-3a9b2339d0d6/elements [39m[32m200[39m [90m95 ms - 12[39m
[35m[HTTP][39m [90m[39m
[35m[HTTP][39m [37m-->[39m [37mPOST[39m [37m/wd/hub/session/001f3583-bbca-4f5d-b358-3a9b2339d0d6/elements[39m
[35m[HTTP][39m [90m{"using":"accessibility id","value":"Hey QE1 Test"}[39m
[35m[HTTP][39m [37m<-- POST /wd/hub/session/001f3583-bbca-4f5d-b358-3a9b2339d0d6/elements [39m[32m200[39m [90m94 ms - 12[39m
[35m[HTTP][39m [90m[39m
[35m[HTTP][39m [37m-->[39m [37mPOST[39m [37m/wd/hub/session/001f3583-bbca-4f5d-b358-3a9b2339d0d6/elements[39m
[35m[HTTP][39m [90m{"using":"accessibility id","value":"Hey QE1 Test"}[39m
[35m[HTTP][39m [37m<-- POST /wd/hub/session/001f3583-bbca-4f5d-b358-3a9b2339d0d6/elements [39m[32m200[39m [90m99 ms - 12[39m
[35m[HTTP][39m [90m[39m
[35m[HTTP][39m [37m-->[39m [37mPOST[39m [37m/wd/hub/session/001f3583-bbca-4f5d-b358-3a9b2339d0d6/elements[39m
[35m[HTTP][39m [90m{"using":"accessibility id","value":"Hey QE1 Test"}[39m
[35m[HTTP][39m [37m<-- POST /wd/hub/session/001f3583-bbca-4f5d-b358-3a9b2339d0d6/elements [39m[32m200[39m [90m98 ms - 12[39m
[35m[HTTP][39m [90m[39m
[35m[HTTP][39m [37m-->[39m [37mPOST[39m [37m/wd/hub/session/001f3583-bbca-4f5d-b358-3a9b2339d0d6/elements[39m
[35m[HTTP][39m [90m{"using":"accessibility id","value":"Hey QE1 Test"}[39m
[35m[HTTP][39m [37m<-- POST /wd/hub/session/001f3583-bbca-4f5d-b358-3a9b2339d0d6/elements [39m[32m200[39m [90m573 ms - 12[39m
[35m[HTTP][39m [90m[39m
[35m[HTTP][39m [37m-->[39m [37mPOST[39m [37m/wd/hub/session/001f3583-bbca-4f5d-b358-3a9b2339d0d6/elements[39m
[35m[HTTP][39m [90m{"using":"accessibility id","value":"Hey QE1 Test"}[39m
[35m[HTTP][39m [37m<-- POST /wd/hub/session/001f3583-bbca-4f5d-b358-3a9b2339d0d6/elements [39m[32m200[39m [90m103 ms - 12[39m
[35m[HTTP][39m [90m[39m
[35m[HTTP][39m [37m-->[39m [37mPOST[39m [37m/wd/hub/session/001f3583-bbca-4f5d-b358-3a9b2339d0d6/elements[39m
[35m[HTTP][39m [90m{"using":"accessibility id","value":"Hey QE1 Test"}[39m
[35m[HTTP][39m [37m<-- POST /wd/hub/session/001f3583-bbca-4f5d-b358-3a9b2339d0d6/elements [39m[32m200[39m [90m87 ms - 12[39m
[35m[HTTP][39m [90m[39m
[35m[HTTP][39m [37m-->[39m [37mPOST[39m [37m/wd/hub/session/001f3583-bbca-4f5d-b358-3a9b2339d0d6/elements[39m
[35m[HTTP][39m [90m{"using":"accessibility id","value":"Hey QE1 Test"}[39m
[35m[HTTP][39m [37m<-- POST /wd/hub/session/001f3583-bbca-4f5d-b358-3a9b2339d0d6/elements [39m[32m200[39m [90m102 ms - 12[39m
[35m[HTTP][39m [90m[39m
[35m[HTTP][39m [37m-->[39m [37mPOST[39m [37m/wd/hub/session/001f3583-bbca-4f5d-b358-3a9b2339d0d6/elements[39m
[35m[HTTP][39m [90m{"using":"accessibility id","value":"Hey QE1 Test"}[39m
[35m[HTTP][39m [37m<-- POST /wd/hub/session/001f3583-bbca-4f5d-b358-3a9b2339d0d6/elements [39m[32m200[39m [90m99 ms - 12[39m
[35m[HTTP][39m [90m[39m
[35m[HTTP][39m [37m-->[39m [37mPOST[39m [37m/wd/hub/session/001f3583-bbca-4f5d-b358-3a9b2339d0d6/elements[39m
[35m[HTTP][39m [90m{"using":"accessibility id","value":"Hey QE1 Test"}[39m
[35m[HTTP][39m [37m<-- POST /wd/hub/session/001f3583-bbca-4f5d-b358-3a9b2339d0d6/elements [39m[32m200[39m [90m568 ms - 12[39m
[35m[HTTP][39m [90m[39m
[35m[HTTP][39m [37m-->[39m [37mPOST[39m [37m/wd/hub/session/001f3583-bbca-4f5d-b358-3a9b2339d0d6/elements[39m
[35m[HTTP][39m [90m{"using":"accessibility id","value":"Hey QE1 Test"}[39m
[35m[HTTP][39m [37m<-- POST /wd/hub/session/001f3583-bbca-4f5d-b358-3a9b2339d0d6/elements [39m[32m200[39m [90m85 ms - 12[39m
[35m[HTTP][39m [90m[39m
[35m[HTTP][39m [37m-->[39m [37mPOST[39m [37m/wd/hub/session/001f3583-bbca-4f5d-b358-3a9b2339d0d6/elements[39m
[35m[HTTP][39m [90m{"using":"accessibility id","value":"Hey QE1 Test"}[39m
[35m[HTTP][39m [37m<-- POST /wd/hub/session/001f3583-bbca-4f5d-b358-3a9b2339d0d6/elements [39m[32m200[39m [90m109 ms - 12[39m
[35m[HTTP][39m [90m[39m
[35m[HTTP][39m [37m-->[39m [37mPOST[39m [37m/wd/hub/session/001f3583-bbca-4f5d-b358-3a9b2339d0d6/elements[39m
[35m[HTTP][39m [90m{"using":"accessibility id","value":"Hey QE1 Test"}[39m
[35m[HTTP][39m [37m<-- POST /wd/hub/session/001f3583-bbca-4f5d-b358-3a9b2339d0d6/elements [39m[32m200[39m [90m98 ms - 12[39m
[35m[HTTP][39m [90m[39m
[35m[HTTP][39m [37m-->[39m [37mPOST[39m [37m/wd/hub/session/001f3583-bbca-4f5d-b358-3a9b2339d0d6/elements[39m
[35m[HTTP][39m [90m{"using":"accessibility id","value":"Hey QE1 Test"}[39m
[35m[HTTP][39m [37m<-- POST /wd/hub/session/001f3583-bbca-4f5d-b358-3a9b2339d0d6/elements [39m[32m200[39m [90m97 ms - 12[39m
[35m[HTTP][39m [90m[39m
[35m[HTTP][39m [37m-->[39m [37mPOST[39m [37m/wd/hub/session/001f3583-bbca-4f5d-b358-3a9b2339d0d6/elements[39m
[35m[HTTP][39m [90m{"using":"accessibility id","value":"Hey QE1 Test"}[39m
[35m[HTTP][39m [37m<-- POST /wd/hub/session/001f3583-bbca-4f5d-b358-3a9b2339d0d6/elements [39m[32m200[39m [90m552 ms - 12[39m
[35m[HTTP][39m [90m[39m
[35m[HTTP][39m [37m-->[39m [37mPOST[39m [37m/wd/hub/session/001f3583-bbca-4f5d-b358-3a9b2339d0d6/elements[39m
[35m[HTTP][39m [90m{"using":"accessibility id","value":"Hey QE1 Test"}[39m
[35m[HTTP][39m [37m<-- POST /wd/hub/session/001f3583-bbca-4f5d-b358-3a9b2339d0d6/elements [39m[32m200[39m [90m87 ms - 12[39m
[35m[HTTP][39m [90m[39m
[35m[HTTP][39m [37m-->[39m [37mPOST[39m [37m/wd/hub/session/001f3583-bbca-4f5d-b358-3a9b2339d0d6/elements[39m
[35m[HTTP][39m [90m{"using":"accessibility id","value":"Hey QE1 Test"}[39m
[35m[HTTP][39m [37m<-- POST /wd/hub/session/001f3583-bbca-4f5d-b358-3a9b2339d0d6/elements [39m[32m200[39m [90m101 ms - 12[39m
[35m[HTTP][39m [90m[39m
[35m[HTTP][39m [37m-->[39m [37mPOST[39m [37m/wd/hub/session/001f3583-bbca-4f5d-b358-3a9b2339d0d6/elements[39m
[35m[HTTP][39m [90m{"using":"accessibility id","value":"Hey QE1 Test"}[39m
[35m[HTTP][39m [37m<-- POST /wd/hub/session/001f3583-bbca-4f5d-b358-3a9b2339d0d6/elements [39m[32m200[39m [90m100 ms - 12[39m
[35m[HTTP][39m [90m[39m
[35m[HTTP][39m [37m-->[39m [37mPOST[39m [37m/wd/hub/session/001f3583-bbca-4f5d-b358-3a9b2339d0d6/elements[39m
[35m[HTTP][39m [90m{"using":"accessibility id","value":"Hey QE1 Test"}[39m
[35m[HTTP][39m [37m<-- POST /wd/hub/session/001f3583-bbca-4f5d-b358-3a9b2339d0d6/elements [39m[32m200[39m [90m97 ms - 12[39m
[35m[HTTP][39m [90m[39m
[35m[HTTP][39m [37m-->[39m [37mPOST[39m [37m/wd/hub/session/001f3583-bbca-4f5d-b358-3a9b2339d0d6/elements[39m
[35m[HTTP][39m [90m{"using":"accessibility id","value":"Hey QE1 Test"}[39m
[35m[HTTP][39m [37m<-- POST /wd/hub/session/001f3583-bbca-4f5d-b358-3a9b2339d0d6/elements [39m[32m200[39m [90m576 ms - 12[39m
[35m[HTTP][39m [90m[39m
[35m[HTTP][39m [37m-->[39m [37mPOST[39m [37m/wd/hub/session/001f3583-bbca-4f5d-b358-3a9b2339d0d6/elements[39m
[35m[HTTP][39m [90m{"using":"accessibility id","value":"Hey QE1 Test"}[39m
[35m[HTTP][39m [37m<-- POST /wd/hub/session/001f3583-bbca-4f5d-b358-3a9b2339d0d6/elements [39m[32m200[39m [90m105 ms - 12[39m
[35m[HTTP][39m [90m[39m
[35m[HTTP][39m [37m-->[39m [37mPOST[39m [37m/wd/hub/session/001f3583-bbca-4f5d-b358-3a9b2339d0d6/elements[39m
[35m[HTTP][39m [90m{"using":"accessibility id","value":"Hey QE1 Test"}[39m
[35m[HTTP][39m [37m<-- POST /wd/hub/session/001f3583-bbca-4f5d-b358-3a9b2339d0d6/elements [39m[32m200[39m [90m98 ms - 12[39m
[35m[HTTP][39m [90m[39m
[35m[HTTP][39m [37m-->[39m [37mPOST[39m [37m/wd/hub/session/001f3583-bbca-4f5d-b358-3a9b2339d0d6/elements[39m
[35m[HTTP][39m [90m{"using":"accessibility id","value":"Hey QE1 Test"}[39m
[35m[HTTP][39m [37m<-- POST /wd/hub/session/001f3583-bbca-4f5d-b358-3a9b2339d0d6/elements [39m[32m200[39m [90m95 ms - 12[39m
[35m[HTTP][39m [90m[39m
[35m[HTTP][39m [37m-->[39m [37mPOST[39m [37m/wd/hub/session/001f3583-bbca-4f5d-b358-3a9b2339d0d6/elements[39m
[35m[HTTP][39m [90m{"using":"accessibility id","value":"Hey QE1 Test"}[39m
[35m[HTTP][39m [37m<-- POST /wd/hub/session/001f3583-bbca-4f5d-b358-3a9b2339d0d6/elements [39m[32m200[39m [90m103 ms - 12[39m
[35m[HTTP][39m [90m[39m
[35m[HTTP][39m [37m-->[39m [37mPOST[39m [37m/wd/hub/session/001f3583-bbca-4f5d-b358-3a9b2339d0d6/elements[39m
[35m[HTTP][39m [90m{"using":"accessibility id","value":"Hey QE1 Test"}[39m
[35m[HTTP][39m [37m<-- POST /wd/hub/session/001f3583-bbca-4f5d-b358-3a9b2339d0d6/elements [39m[32m200[39m [90m570 ms - 12[39m
[35m[HTTP][39m [90m[39m
[35m[HTTP][39m [37m-->[39m [37mPOST[39m [37m/wd/hub/session/001f3583-bbca-4f5d-b358-3a9b2339d0d6/elements[39m
[35m[HTTP][39m [90m{"using":"accessibility id","value":"Hey QE1 Test"}[39m
[35m[HTTP][39m [37m<-- POST /wd/hub/session/001f3583-bbca-4f5d-b358-3a9b2339d0d6/elements [39m[32m200[39m [90m94 ms - 12[39m
[35m[HTTP][39m [90m[39m
[35m[HTTP][39m [37m-->[39m [37mPOST[39m [37m/wd/hub/session/001f3583-bbca-4f5d-b358-3a9b2339d0d6/elements[39m
[35m[HTTP][39m [90m{"using":"accessibility id","value":"Hey QE1 Test"}[39m
[35m[HTTP][39m [37m<-- POST /wd/hub/session/001f3583-bbca-4f5d-b358-3a9b2339d0d6/elements [39m[32m200[39m [90m91 ms - 12[39m
[35m[HTTP][39m [90m[39m
[35m[HTTP][39m [37m-->[39m [37mPOST[39m [37m/wd/hub/session/001f3583-bbca-4f5d-b358-3a9b2339d0d6/elements[39m
[35m[HTTP][39m [90m{"using":"accessibility id","value":"Hey QE1 Test"}[39m
[35m[HTTP][39m [37m<-- POST /wd/hub/session/001f3583-bbca-4f5d-b358-3a9b2339d0d6/elements [39m[32m200[39m [90m99 ms - 12[39m
[35m[HTTP][39m [90m[39m
[35m[HTTP][39m [37m-->[39m [37mPOST[39m [37m/wd/hub/session/001f3583-bbca-4f5d-b358-3a9b2339d0d6/elements[39m
[35m[HTTP][39m [90m{"using":"accessibility id","value":"Hey QE1 Test"}[39m
[35m[HTTP][39m [37m<-- POST /wd/hub/session/001f3583-bbca-4f5d-b358-3a9b2339d0d6/elements [39m[32m200[39m [90m95 ms - 12[39m
[35m[HTTP][39m [90m[39m
[35m[HTTP][39m [37m-->[39m [37mPOST[39m [37m/wd/hub/session/001f3583-bbca-4f5d-b358-3a9b2339d0d6/elements[39m
[35m[HTTP][39m [90m{"using":"accessibility id","value":"Hey QE1 Test"}[39m
[35m[HTTP][39m [37m<-- POST /wd/hub/session/001f3583-bbca-4f5d-b358-3a9b2339d0d6/elements [39m[32m200[39m [90m537 ms - 12[39m
[35m[HTTP][39m [90m[39m
[35m[HTTP][39m [37m-->[39m [37mPOST[39m [37m/wd/hub/session/001f3583-bbca-4f5d-b358-3a9b2339d0d6/elements[39m
[35m[HTTP][39m [90m{"using":"accessibility id","value":"Hey QE1 Test"}[39m
[35m[HTTP][39m [37m<-- POST /wd/hub/session/001f3583-bbca-4f5d-b358-3a9b2339d0d6/elements [39m[32m200[39m [90m94 ms - 12[39m
[35m[HTTP][39m [90m[39m
[35m[HTTP][39m [37m-->[39m [37mPOST[39m [37m/wd/hub/session/001f3583-bbca-4f5d-b358-3a9b2339d0d6/elements[39m
[35m[HTTP][39m [90m{"using":"accessibility id","value":"Hey QE1 Test"}[39m
[35m[HTTP][39m [37m<-- POST /wd/hub/session/001f3583-bbca-4f5d-b358-3a9b2339d0d6/elements [39m[32m200[39m [90m90 ms - 12[39m
[35m[HTTP][39m [90m[39m
[35m[HTTP][39m [37m-->[39m [37mPOST[39m [37m/wd/hub/session/001f3583-bbca-4f5d-b358-3a9b2339d0d6/elements[39m
[35m[HTTP][39m [90m{"using":"accessibility id","value":"Hey QE1 Test"}[39m
[35m[HTTP][39m [37m<-- POST /wd/hub/session/001f3583-bbca-4f5d-b358-3a9b2339d0d6/elements [39m[32m200[39m [90m88 ms - 12[39m
[35m[HTTP][39m [90m[39m
[35m[HTTP][39m [37m-->[39m [37mPOST[39m [37m/wd/hub/session/001f3583-bbca-4f5d-b358-3a9b2339d0d6/elements[39m
[35m[HTTP][39m [90m{"using":"accessibility id","value":"Hey QE1 Test"}[39m
[35m[HTTP][39m [37m<-- POST /wd/hub/session/001f3583-bbca-4f5d-b358-3a9b2339d0d6/elements [39m[32m200[39m [90m96 ms - 12[39m
[35m[HTTP][39m [90m[39m
[35m[HTTP][39m [37m-->[39m [37mPOST[39m [37m/wd/hub/session/001f3583-bbca-4f5d-b358-3a9b2339d0d6/elements[39m
[35m[HTTP][39m [90m{"using":"accessibility id","value":"Hey QE1 Test"}[39m
[35m[HTTP][39m [37m<-- POST /wd/hub/session/001f3583-bbca-4f5d-b358-3a9b2339d0d6/elements [39m[32m200[39m [90m573 ms - 12[39m
[35m[HTTP][39m [90m[39m
[35m[HTTP][39m [37m-->[39m [37mPOST[39m [37m/wd/hub/session/001f3583-bbca-4f5d-b358-3a9b2339d0d6/elements[39m
[35m[HTTP][39m [90m{"using":"accessibility id","value":"Hey QE1 Test"}[39m
[35m[HTTP][39m [37m<-- POST /wd/hub/session/001f3583-bbca-4f5d-b358-3a9b2339d0d6/elements [39m[32m200[39m [90m93 ms - 12[39m
[35m[HTTP][39m [90m[39m
[35m[HTTP][39m [37m-->[39m [37mPOST[39m [37m/wd/hub/session/001f3583-bbca-4f5d-b358-3a9b2339d0d6/elements[39m
[35m[HTTP][39m [90m{"using":"accessibility id","value":"Hey QE1 Test"}[39m
[35m[HTTP][39m [37m<-- POST /wd/hub/session/001f3583-bbca-4f5d-b358-3a9b2339d0d6/elements [39m[32m200[39m [90m93 ms - 12[39m
[35m[HTTP][39m [90m[39m
[35m[HTTP][39m [37m-->[39m [37mPOST[39m [37m/wd/hub/session/001f3583-bbca-4f5d-b358-3a9b2339d0d6/elements[39m
[35m[HTTP][39m [90m{"using":"accessibility id","value":"Hey QE1 Test"}[39m
[35m[HTTP][39m [37m<-- POST /wd/hub/session/001f3583-bbca-4f5d-b358-3a9b2339d0d6/elements [39m[32m200[39m [90m103 ms - 12[39m
[35m[HTTP][39m [90m[39m
[35m[HTTP][39m [37m-->[39m [37mPOST[39m [37m/wd/hub/session/001f3583-bbca-4f5d-b358-3a9b2339d0d6/elements[39m
[35m[HTTP][39m [90m{"using":"accessibility id","value":"Hey QE1 Test"}[39m
[35m[HTTP][39m [37m<-- POST /wd/hub/session/001f3583-bbca-4f5d-b358-3a9b2339d0d6/elements [39m[32m200[39m [90m98 ms - 12[39m
[35m[HTTP][39m [90m[39m
[35m[HTTP][39m [37m-->[39m [37mPOST[39m [37m/wd/hub/session/001f3583-bbca-4f5d-b358-3a9b2339d0d6/elements[39m
[35m[HTTP][39m [90m{"using":"accessibility id","value":"Hey QE1 Test"}[39m
[35m[HTTP][39m [37m<-- POST /wd/hub/session/001f3583-bbca-4f5d-b358-3a9b2339d0d6/elements [39m[32m200[39m [90m563 ms - 12[39m
[35m[HTTP][39m [90m[39m
[35m[HTTP][39m [37m-->[39m [37mPOST[39m [37m/wd/hub/session/001f3583-bbca-4f5d-b358-3a9b2339d0d6/elements[39m
[35m[HTTP][39m [90m{"using":"accessibility id","value":"Hey QE1 Test"}[39m
[35m[HTTP][39m [37m<-- POST /wd/hub/session/001f3583-bbca-4f5d-b358-3a9b2339d0d6/elements [39m[32m200[39m [90m93 ms - 12[39m
[35m[HTTP][39m [90m[39m
[35m[HTTP][39m [37m-->[39m [37mPOST[39m [37m/wd/hub/session/001f3583-bbca-4f5d-b358-3a9b2339d0d6/elements[39m
[35m[HTTP][39m [90m{"using":"accessibility id","value":"Hey QE1 Test"}[39m
[35m[HTTP][39m [37m<-- POST /wd/hub/session/001f3583-bbca-4f5d-b358-3a9b2339d0d6/elements [39m[32m200[39m [90m83 ms - 12[39m
[35m[HTTP][39m [90m[39m
[35m[HTTP][39m [37m-->[39m [37mPOST[39m [37m/wd/hub/session/001f3583-bbca-4f5d-b358-3a9b2339d0d6/elements[39m
[35m[HTTP][39m [90m{"using":"accessibility id","value":"Hey QE1 Test"}[39m
[35m[HTTP][39m [37m<-- POST /wd/hub/session/001f3583-bbca-4f5d-b358-3a9b2339d0d6/elements [39m[32m200[39m [90m93 ms - 12[39m
[35m[HTTP][39m [90m[39m
[35m[HTTP][39m [37m-->[39m [37mPOST[39m [37m/wd/hub/session/001f3583-bbca-4f5d-b358-3a9b2339d0d6/elements[39m
[35m[HTTP][39m [90m{"using":"accessibility id","value":"Hey QE1 Test"}[39m
[35m[HTTP][39m [37m<-- POST /wd/hub/session/001f3583-bbca-4f5d-b358-3a9b2339d0d6/elements [39m[32m200[39m [90m91 ms - 12[39m
[35m[HTTP][39m [90m[39m
[35m[HTTP][39m [37m-->[39m [37mPOST[39m [37m/wd/hub/session/001f3583-bbca-4f5d-b358-3a9b2339d0d6/elements[39m
[35m[HTTP][39m [90m{"using":"accessibility id","value":"Hey QE1 Test"}[39m
[35m[HTTP][39m [37m<-- POST /wd/hub/session/001f3583-bbca-4f5d-b358-3a9b2339d0d6/elements [39m[32m200[39m [90m561 ms - 12[39m
[35m[HTTP][39m [90m[39m
[35m[HTTP][39m [37m-->[39m [37mPOST[39m [37m/wd/hub/session/001f3583-bbca-4f5d-b358-3a9b2339d0d6/elements[39m
[35m[HTTP][39m [90m{"using":"accessibility id","value":"Hey QE1 Test"}[39m
[35m[HTTP][39m [37m<-- POST /wd/hub/session/001f3583-bbca-4f5d-b358-3a9b2339d0d6/elements [39m[32m200[39m [90m95 ms - 12[39m
[35m[HTTP][39m [90m[39m
[35m[HTTP][39m [37m-->[39m [37mPOST[39m [37m/wd/hub/session/001f3583-bbca-4f5d-b358-3a9b2339d0d6/elements[39m
[35m[HTTP][39m [90m{"using":"accessibility id","value":"Hey QE1 Test"}[39m
[35m[HTTP][39m [37m<-- POST /wd/hub/session/001f3583-bbca-4f5d-b358-3a9b2339d0d6/elements [39m[32m200[39m [90m88 ms - 12[39m
[35m[HTTP][39m [90m[39m
[35m[HTTP][39m [37m-->[39m [37mPOST[39m [37m/wd/hub/session/001f3583-bbca-4f5d-b358-3a9b2339d0d6/elements[39m
[35m[HTTP][39m [90m{"using":"accessibility id","value":"Hey QE1 Test"}[39m
[35m[HTTP][39m [37m<-- POST /wd/hub/session/001f3583-bbca-4f5d-b358-3a9b2339d0d6/elements [39m[32m200[39m [90m99 ms - 12[39m
[35m[HTTP][39m [90m[39m
[35m[HTTP][39m [37m-->[39m [37mPOST[39m [37m/wd/hub/session/001f3583-bbca-4f5d-b358-3a9b2339d0d6/elements[39m
[35m[HTTP][39m [90m{"using":"accessibility id","value":"Hey QE1 Test"}[39m
[35m[HTTP][39m [37m<-- POST /wd/hub/session/001f3583-bbca-4f5d-b358-3a9b2339d0d6/elements [39m[32m200[39m [90m104 ms - 12[39m
[35m[HTTP][39m [90m[39m
[35m[HTTP][39m [37m-->[39m [37mPOST[39m [37m/wd/hub/session/001f3583-bbca-4f5d-b358-3a9b2339d0d6/elements[39m
[35m[HTTP][39m [90m{"using":"accessibility id","value":"Hey QE1 Test"}[39m
[35m[HTTP][39m [37m<-- POST /wd/hub/session/001f3583-bbca-4f5d-b358-3a9b2339d0d6/elements [39m[32m200[39m [90m560 ms - 12[39m
[35m[HTTP][39m [90m[39m
[35m[HTTP][39m [37m-->[39m [37mPOST[39m [37m/wd/hub/session/001f3583-bbca-4f5d-b358-3a9b2339d0d6/elements[39m
[35m[HTTP][39m [90m{"using":"accessibility id","value":"Hey QE1 Test"}[39m
[35m[HTTP][39m [37m<-- POST /wd/hub/session/001f3583-bbca-4f5d-b358-3a9b2339d0d6/elements [39m[32m200[39m [90m98 ms - 12[39m
[35m[HTTP][39m [90m[39m
[35m[HTTP][39m [37m-->[39m [37mPOST[39m [37m/wd/hub/session/001f3583-bbca-4f5d-b358-3a9b2339d0d6/elements[39m
[35m[HTTP][39m [90m{"using":"accessibility id","value":"Hey QE1 Test"}[39m
[35m[HTTP][39m [37m<-- POST /wd/hub/session/001f3583-bbca-4f5d-b358-3a9b2339d0d6/elements [39m[32m200[39m [90m101 ms - 12[39m
[35m[HTTP][39m [90m[39m
[35m[HTTP][39m [37m-->[39m [37mPOST[39m [37m/wd/hub/session/001f3583-bbca-4f5d-b358-3a9b2339d0d6/elements[39m
[35m[HTTP][39m [90m{"using":"accessibility id","value":"Hey QE1 Test"}[39m
[35m[HTTP][39m [37m<-- POST /wd/hub/session/001f3583-bbca-4f5d-b358-3a9b2339d0d6/elements [39m[32m200[39m [90m93 ms - 12[39m
[35m[HTTP][39m [90m[39m
[35m[HTTP][39m [37m-->[39m [37mPOST[39m [37m/wd/hub/session/001f3583-bbca-4f5d-b358-3a9b2339d0d6/elements[39m
[35m[HTTP][39m [90m{"using":"accessibility id","value":"Hey QE1 Test"}[39m
[35m[HTTP][39m [37m<-- POST /wd/hub/session/001f3583-bbca-4f5d-b358-3a9b2339d0d6/elements [39m[32m200[39m [90m84 ms - 12[39m
[35m[HTTP][39m [90m[39m
[35m[HTTP][39m [37m-->[39m [37mPOST[39m [37m/wd/hub/session/001f3583-bbca-4f5d-b358-3a9b2339d0d6/elements[39m
[35m[HTTP][39m [90m{"using":"accessibility id","value":"Hey QE1 Test"}[39m
[35m[HTTP][39m [37m<-- POST /wd/hub/session/001f3583-bbca-4f5d-b358-3a9b2339d0d6/elements [39m[32m200[39m [90m570 ms - 12[39m
[35m[HTTP][39m [90m[39m
[35m[HTTP][39m [37m-->[39m [37mPOST[39m [37m/wd/hub/session/001f3583-bbca-4f5d-b358-3a9b2339d0d6/elements[39m
[35m[HTTP][39m [90m{"using":"accessibility id","value":"Hey QE1 Test"}[39m
[35m[HTTP][39m [37m<-- POST /wd/hub/session/001f3583-bbca-4f5d-b358-3a9b2339d0d6/elements [39m[32m200[39m [90m91 ms - 12[39m
[35m[HTTP][39m [90m[39m
[35m[HTTP][39m [37m-->[39m [37mPOST[39m [37m/wd/hub/session/001f3583-bbca-4f5d-b358-3a9b2339d0d6/elements[39m
[35m[HTTP][39m [90m{"using":"accessibility id","value":"Hey QE1 Test"}[39m
[35m[HTTP][39m [37m<-- POST /wd/hub/session/001f3583-bbca-4f5d-b358-3a9b2339d0d6/elements [39m[32m200[39m [90m99 ms - 12[39m
[35m[HTTP][39m [90m[39m
[35m[HTTP][39m [37m-->[39m [37mPOST[39m [37m/wd/hub/session/001f3583-bbca-4f5d-b358-3a9b2339d0d6/elements[39m
[35m[HTTP][39m [90m{"using":"accessibility id","value":"Hey QE1 Test"}[39m
[35m[HTTP][39m [37m<-- POST /wd/hub/session/001f3583-bbca-4f5d-b358-3a9b2339d0d6/elements [39m[32m200[39m [90m99 ms - 12[39m
[35m[HTTP][39m [90m[39m
[35m[HTTP][39m [37m-->[39m [37mPOST[39m [37m/wd/hub/session/001f3583-bbca-4f5d-b358-3a9b2339d0d6/elements[39m
[35m[HTTP][39m [90m{"using":"accessibility id","value":"Hey QE1 Test"}[39m
[35m[HTTP][39m [37m<-- POST /wd/hub/session/001f3583-bbca-4f5d-b358-3a9b2339d0d6/elements [39m[32m200[39m [90m95 ms - 12[39m
[35m[HTTP][39m [90m[39m
[35m[HTTP][39m [37m-->[39m [37mPOST[39m [37m/wd/hub/session/001f3583-bbca-4f5d-b358-3a9b2339d0d6/elements[39m
[35m[HTTP][39m [90m{"using":"accessibility id","value":"Hey QE1 Test"}[39m
[35m[HTTP][39m [37m<-- POST /wd/hub/session/001f3583-bbca-4f5d-b358-3a9b2339d0d6/elements [39m[32m200[39m [90m574 ms - 12[39m
[35m[HTTP][39m [90m[39m
[35m[HTTP][39m [37m-->[39m [37mPOST[39m [37m/wd/hub/session/001f3583-bbca-4f5d-b358-3a9b2339d0d6/elements[39m
[35m[HTTP][39m [90m{"using":"accessibility id","value":"Hey QE1 Test"}[39m
[35m[HTTP][39m [37m<-- POST /wd/hub/session/001f3583-bbca-4f5d-b358-3a9b2339d0d6/elements [39m[32m200[39m [90m94 ms - 12[39m
[35m[HTTP][39m [90m[39m
[35m[HTTP][39m [37m-->[39m [37mPOST[39m [37m/wd/hub/session/001f3583-bbca-4f5d-b358-3a9b2339d0d6/elements[39m
[35m[HTTP][39m [90m{"using":"accessibility id","value":"Hey QE1 Test"}[39m
[35m[HTTP][39m [37m<-- POST /wd/hub/session/001f3583-bbca-4f5d-b358-3a9b2339d0d6/elements [39m[32m200[39m [90m97 ms - 12[39m
[35m[HTTP][39m [90m[39m
[35m[HTTP][39m [37m-->[39m [37mPOST[39m [37m/wd/hub/session/001f3583-bbca-4f5d-b358-3a9b2339d0d6/elements[39m
[35m[HTTP][39m [90m{"using":"accessibility id","value":"Hey QE1 Test"}[39m
[35m[HTTP][39m [37m<-- POST /wd/hub/session/001f3583-bbca-4f5d-b358-3a9b2339d0d6/elements [39m[32m200[39m [90m86 ms - 12[39m
[35m[HTTP][39m [90m[39m
[35m[HTTP][39m [37m-->[39m [37mPOST[39m [37m/wd/hub/session/001f3583-bbca-4f5d-b358-3a9b2339d0d6/elements[39m
[35m[HTTP][39m [90m{"using":"accessibility id","value":"Hey QE1 Test"}[39m
[35m[HTTP][39m [37m<-- POST /wd/hub/session/001f3583-bbca-4f5d-b358-3a9b2339d0d6/elements [39m[32m200[39m [90m87 ms - 12[39m
[35m[HTTP][39m [90m[39m
[35m[HTTP][39m [37m-->[39m [37mPOST[39m [37m/wd/hub/session/001f3583-bbca-4f5d-b358-3a9b2339d0d6/elements[39m
[35m[HTTP][39m [90m{"using":"accessibility id","value":"Hey QE1 Test"}[39m
[35m[HTTP][39m [37m<-- POST /wd/hub/session/001f3583-bbca-4f5d-b358-3a9b2339d0d6/elements [39m[32m200[39m [90m575 ms - 12[39m
[35m[HTTP][39m [90m[39m
[35m[HTTP][39m [37m-->[39m [37mPOST[39m [37m/wd/hub/session/001f3583-bbca-4f5d-b358-3a9b2339d0d6/elements[39m
[35m[HTTP][39m [90m{"using":"accessibility id","value":"Hey QE1 Test"}[39m
[35m[HTTP][39m [37m<-- POST /wd/hub/session/001f3583-bbca-4f5d-b358-3a9b2339d0d6/elements [39m[32m200[39m [90m100 ms - 12[39m
[35m[HTTP][39m [90m[39m
[35m[HTTP][39m [37m-->[39m [37mPOST[39m [37m/wd/hub/session/001f3583-bbca-4f5d-b358-3a9b2339d0d6/elements[39m
[35m[HTTP][39m [90m{"using":"accessibility id","value":"Hey QE1 Test"}[39m
[35m[HTTP][39m [37m<-- POST /wd/hub/session/001f3583-bbca-4f5d-b358-3a9b2339d0d6/elements [39m[32m200[39m [90m94 ms - 12[39m
[35m[HTTP][39m [90m[39m
[35m[HTTP][39m [37m-->[39m [37mPOST[39m [37m/wd/hub/session/001f3583-bbca-4f5d-b358-3a9b2339d0d6/elements[39m
[35m[HTTP][39m [90m{"using":"accessibility id","value":"Hey QE1 Test"}[39m
[35m[HTTP][39m [37m<-- POST /wd/hub/session/001f3583-bbca-4f5d-b358-3a9b2339d0d6/elements [39m[32m200[39m [90m97 ms - 12[39m
[35m[HTTP][39m [90m[39m
[35m[HTTP][39m [37m-->[39m [37mPOST[39m [37m/wd/hub/session/001f3583-bbca-4f5d-b358-3a9b2339d0d6/elements[39m
[35m[HTTP][39m [90m{"using":"accessibility id","value":"Hey QE1 Test"}[39m
[35m[HTTP][39m [37m<-- POST /wd/hub/session/001f3583-bbca-4f5d-b358-3a9b2339d0d6/elements [39m[32m200[39m [90m103 ms - 12[39m
[35m[HTTP][39m [90m[39m
[35m[HTTP][39m [37m-->[39m [37mPOST[39m [37m/wd/hub/session/001f3583-bbca-4f5d-b358-3a9b2339d0d6/elements[39m
[35m[HTTP][39m [90m{"using":"accessibility id","value":"Hey QE1 Test"}[39m
[35m[HTTP][39m [37m<-- POST /wd/hub/session/001f3583-bbca-4f5d-b358-3a9b2339d0d6/elements [39m[32m200[39m [90m553 ms - 12[39m
[35m[HTTP][39m [90m[39m
[35m[HTTP][39m [37m-->[39m [37mPOST[39m [37m/wd/hub/session/001f3583-bbca-4f5d-b358-3a9b2339d0d6/elements[39m
[35m[HTTP][39m [90m{"using":"accessibility id","value":"Hey QE1 Test"}[39m
[35m[HTTP][39m [37m<-- POST /wd/hub/session/001f3583-bbca-4f5d-b358-3a9b2339d0d6/elements [39m[32m200[39m [90m101 ms - 12[39m
[35m[HTTP][39m [90m[39m
[35m[HTTP][39m [37m-->[39m [37mPOST[39m [37m/wd/hub/session/001f3583-bbca-4f5d-b358-3a9b2339d0d6/elements[39m
[35m[HTTP][39m [90m{"using":"accessibility id","value":"Hey QE1 Test"}[39m
[35m[HTTP][39m [37m<-- POST /wd/hub/session/001f3583-bbca-4f5d-b358-3a9b2339d0d6/elements [39m[32m200[39m [90m77 ms - 12[39m
[35m[HTTP][39m [90m[39m
[35m[HTTP][39m [37m-->[39m [37mPOST[39m [37m/wd/hub/session/001f3583-bbca-4f5d-b358-3a9b2339d0d6/elements[39m
[35m[HTTP][39m [90m{"using":"accessibility id","value":"Hey QE1 Test"}[39m
[35m[HTTP][39m [37m<-- POST /wd/hub/session/001f3583-bbca-4f5d-b358-3a9b2339d0d6/elements [39m[32m200[39m [90m94 ms - 12[39m
[35m[HTTP][39m [90m[39m
[35m[HTTP][39m [37m-->[39m [37mPOST[39m [37m/wd/hub/session/001f3583-bbca-4f5d-b358-3a9b2339d0d6/elements[39m
[35m[HTTP][39m [90m{"using":"accessibility id","value":"Hey QE1 Test"}[39m
[35m[HTTP][39m [37m<-- POST /wd/hub/session/001f3583-bbca-4f5d-b358-3a9b2339d0d6/elements [39m[32m200[39m [90m97 ms - 12[39m
[35m[HTTP][39m [90m[39m
[35m[HTTP][39m [37m-->[39m [37mPOST[39m [37m/wd/hub/session/001f3583-bbca-4f5d-b358-3a9b2339d0d6/elements[39m
[35m[HTTP][39m [90m{"using":"accessibility id","value":"Hey QE1 Test"}[39m
[35m[HTTP][39m [37m<-- POST /wd/hub/session/001f3583-bbca-4f5d-b358-3a9b2339d0d6/elements [39m[32m200[39m [90m587 ms - 12[39m
[35m[HTTP][39m [90m[39m
[35m[HTTP][39m [37m-->[39m [37mPOST[39m [37m/wd/hub/session/001f3583-bbca-4f5d-b358-3a9b2339d0d6/elements[39m
[35m[HTTP][39m [90m{"using":"accessibility id","value":"Hey QE1 Test"}[39m
[35m[HTTP][39m [37m<-- POST /wd/hub/session/001f3583-bbca-4f5d-b358-3a9b2339d0d6/elements [39m[32m200[39m [90m95 ms - 12[39m
[35m[HTTP][39m [90m[39m
[35m[HTTP][39m [37m-->[39m [37mPOST[39m [37m/wd/hub/session/001f3583-bbca-4f5d-b358-3a9b2339d0d6/elements[39m
[35m[HTTP][39m [90m{"using":"accessibility id","value":"Hey QE1 Test"}[39m
[35m[HTTP][39m [37m<-- POST /wd/hub/session/001f3583-bbca-4f5d-b358-3a9b2339d0d6/elements [39m[32m200[39m [90m101 ms - 12[39m
[35m[HTTP][39m [90m[39m
[35m[HTTP][39m [37m-->[39m [37mPOST[39m [37m/wd/hub/session/001f3583-bbca-4f5d-b358-3a9b2339d0d6/elements[39m
[35m[HTTP][39m [90m{"using":"accessibility id","value":"Hey QE1 Test"}[39m
[35m[HTTP][39m [37m<-- POST /wd/hub/session/001f3583-bbca-4f5d-b358-3a9b2339d0d6/elements [39m[32m200[39m [90m85 ms - 12[39m
[35m[HTTP][39m [90m[39m
[35m[HTTP][39m [37m-->[39m [37mPOST[39m [37m/wd/hub/session/001f3583-bbca-4f5d-b358-3a9b2339d0d6/elements[39m
[35m[HTTP][39m [90m{"using":"accessibility id","value":"Hey QE1 Test"}[39m
[35m[HTTP][39m [37m<-- POST /wd/hub/session/001f3583-bbca-4f5d-b358-3a9b2339d0d6/elements [39m[32m200[39m [90m102 ms - 12[39m
[35m[HTTP][39m [90m[39m
[35m[HTTP][39m [37m-->[39m [37mPOST[39m [37m/wd/hub/session/001f3583-bbca-4f5d-b358-3a9b2339d0d6/elements[39m
[35m[HTTP][39m [90m{"using":"accessibility id","value":"Hey QE1 Test"}[39m
[35m[HTTP][39m [37m<-- POST /wd/hub/session/001f3583-bbca-4f5d-b358-3a9b2339d0d6/elements [39m[32m200[39m [90m568 ms - 12[39m
[35m[HTTP][39m [90m[39m
[35m[HTTP][39m [37m-->[39m [37mPOST[39m [37m/wd/hub/session/001f3583-bbca-4f5d-b358-3a9b2339d0d6/elements[39m
[35m[HTTP][39m [90m{"using":"accessibility id","value":"Hey QE1 Test"}[39m
[35m[HTTP][39m [37m<-- POST /wd/hub/session/001f3583-bbca-4f5d-b358-3a9b2339d0d6/elements [39m[32m200[39m [90m95 ms - 12[39m
[35m[HTTP][39m [90m[39m
[35m[HTTP][39m [37m-->[39m [37mPOST[39m [37m/wd/hub/session/001f3583-bbca-4f5d-b358-3a9b2339d0d6/elements[39m
[35m[HTTP][39m [90m{"using":"accessibility id","value":"Hey QE1 Test"}[39m
[35m[HTTP][39m [37m<-- POST /wd/hub/session/001f3583-bbca-4f5d-b358-3a9b2339d0d6/elements [39m[32m200[39m [90m98 ms - 12[39m
[35m[HTTP][39m [90m[39m
[35m[HTTP][39m [37m-->[39m [37mPOST[39m [37m/wd/hub/session/001f3583-bbca-4f5d-b358-3a9b2339d0d6/elements[39m
[35m[HTTP][39m [90m{"using":"accessibility id","value":"Hey QE1 Test"}[39m
[35m[HTTP][39m [37m<-- POST /wd/hub/session/001f3583-bbca-4f5d-b358-3a9b2339d0d6/elements [39m[32m200[39m [90m81 ms - 12[39m
[35m[HTTP][39m [90m[39m
[35m[HTTP][39m [37m-->[39m [37mPOST[39m [37m/wd/hub/session/001f3583-bbca-4f5d-b358-3a9b2339d0d6/elements[39m
[35m[HTTP][39m [90m{"using":"accessibility id","value":"Hey QE1 Test"}[39m
[35m[HTTP][39m [37m<-- POST /wd/hub/session/001f3583-bbca-4f5d-b358-3a9b2339d0d6/elements [39m[32m200[39m [90m80 ms - 12[39m
[35m[HTTP][39m [90m[39m
[35m[HTTP][39m [37m-->[39m [37mPOST[39m [37m/wd/hub/session/001f3583-bbca-4f5d-b358-3a9b2339d0d6/elements[39m
[35m[HTTP][39m [90m{"using":"accessibility id","value":"Hey QE1 Test"}[39m
[35m[HTTP][39m [37m<-- POST /wd/hub/session/001f3583-bbca-4f5d-b358-3a9b2339d0d6/elements [39m[32m200[39m [90m85 ms - 12[39m
[35m[HTTP][39m [90m[39m
[35m[HTTP][39m [37m-->[39m [37mPOST[39m [37m/wd/hub/session/001f3583-bbca-4f5d-b358-3a9b2339d0d6/elements[39m
[35m[HTTP][39m [90m{"using":"accessibility id","value":"Hey QE1 Test"}[39m
[35m[HTTP][39m [37m<-- POST /wd/hub/session/001f3583-bbca-4f5d-b358-3a9b2339d0d6/elements [39m[32m200[39m [90m516 ms - 12[39m
[35m[HTTP][39m [90m[39m
[35m[HTTP][39m [37m-->[39m [37mPOST[39m [37m/wd/hub/session/001f3583-bbca-4f5d-b358-3a9b2339d0d6/elements[39m
[35m[HTTP][39m [90m{"using":"accessibility id","value":"Hey QE1 Test"}[39m
[35m[HTTP][39m [37m<-- POST /wd/hub/session/001f3583-bbca-4f5d-b358-3a9b2339d0d6/elements [39m[32m200[39m [90m97 ms - 12[39m
[35m[HTTP][39m [90m[39m
[35m[HTTP][39m [37m-->[39m [37mPOST[39m [37m/wd/hub/session/001f3583-bbca-4f5d-b358-3a9b2339d0d6/elements[39m
[35m[HTTP][39m [90m{"using":"accessibility id","value":"Hey QE1 Test"}[39m
[35m[HTTP][39m [37m<-- POST /wd/hub/session/001f3583-bbca-4f5d-b358-3a9b2339d0d6/elements [39m[32m200[39m [90m89 ms - 12[39m
[35m[HTTP][39m [90m[39m
[35m[HTTP][39m [37m-->[39m [37mPOST[39m [37m/wd/hub/session/001f3583-bbca-4f5d-b358-3a9b2339d0d6/elements[39m
[35m[HTTP][39m [90m{"using":"accessibility id","value":"Hey QE1 Test"}[39m
[35m[HTTP][39m [37m<-- POST /wd/hub/session/001f3583-bbca-4f5d-b358-3a9b2339d0d6/elements [39m[32m200[39m [90m96 ms - 12[39m
[35m[HTTP][39m [90m[39m
[35m[HTTP][39m [37m-->[39m [37mPOST[39m [37m/wd/hub/session/001f3583-bbca-4f5d-b358-3a9b2339d0d6/elements[39m
[35m[HTTP][39m [90m{"using":"accessibility id","value":"Hey QE1 Test"}[39m
[35m[HTTP][39m [37m<-- POST /wd/hub/session/001f3583-bbca-4f5d-b358-3a9b2339d0d6/elements [39m[32m200[39m [90m103 ms - 12[39m
[35m[HTTP][39m [90m[39m
[35m[HTTP][39m [37m-->[39m [37mPOST[39m [37m/wd/hub/session/001f3583-bbca-4f5d-b358-3a9b2339d0d6/elements[39m
[35m[HTTP][39m [90m{"using":"accessibility id","value":"Hey QE1 Test"}[39m
[35m[HTTP][39m [37m<-- POST /wd/hub/session/001f3583-bbca-4f5d-b358-3a9b2339d0d6/elements [39m[32m200[39m [90m573 ms - 12[39m
[35m[HTTP][39m [90m[39m
[35m[HTTP][39m [37m-->[39m [37mPOST[39m [37m/wd/hub/session/001f3583-bbca-4f5d-b358-3a9b2339d0d6/elements[39m
[35m[HTTP][39m [90m{"using":"accessibility id","value":"Hey QE1 Test"}[39m
[35m[HTTP][39m [37m<-- POST /wd/hub/session/001f3583-bbca-4f5d-b358-3a9b2339d0d6/elements [39m[32m200[39m [90m82 ms - 12[39m
[35m[HTTP][39m [90m[39m
[35m[HTTP][39m [37m-->[39m [37mPOST[39m [37m/wd/hub/session/001f3583-bbca-4f5d-b358-3a9b2339d0d6/timeouts[39m
[35m[HTTP][39m [90m{"implicit":30000}[39m
[35m[HTTP][39m [37m<-- POST /wd/hub/session/001f3583-bbca-4f5d-b358-3a9b2339d0d6/timeouts [39m[32m200[39m [90m1 ms - 14[39m
[35m[HTTP][39m [90m[39m
[35m[HTTP][39m [37m-->[39m [37mGET[39m [37m/wd/hub/session/001f3583-bbca-4f5d-b358-3a9b2339d0d6/context[39m
[35m[HTTP][39m [90m{}[39m
[35m[HTTP][39m [37m<-- GET /wd/hub/session/001f3583-bbca-4f5d-b358-3a9b2339d0d6/context [39m[32m200[39m [90m1 ms - 22[39m
[35m[HTTP][39m [90m[39m
[35m[HTTP][39m [37m-->[39m [37mGET[39m [37m/wd/hub/session/001f3583-bbca-4f5d-b358-3a9b2339d0d6/contexts[39m
[35m[HTTP][39m [90m{}[39m
[35m[HTTP][39m [37m<-- GET /wd/hub/session/001f3583-bbca-4f5d-b358-3a9b2339d0d6/contexts [39m[32m200[39m [90m90 ms - 24[39m
[35m[HTTP][39m [90m[39m
[35m[HTTP][39m [37m-->[39m [37mPOST[39m [37m/wd/hub/session/001f3583-bbca-4f5d-b358-3a9b2339d0d6/context[39m
[35m[HTTP][39m [90m{"name":"NATIVE_APP"}[39m
[35m[HTTP][39m [37m<-- POST /wd/hub/session/001f3583-bbca-4f5d-b358-3a9b2339d0d6/context [39m[32m200[39m [90m1 ms - 14[39m
[35m[HTTP][39m [90m[39m
[35m[HTTP][39m [37m-->[39m [37mGET[39m [37m/wd/hub/session/001f3583-bbca-4f5d-b358-3a9b2339d0d6/screenshot[39m
[35m[HTTP][39m [90m{}[39m
[35m[HTTP][39m [37m<-- GET /wd/hub/session/001f3583-bbca-4f5d-b358-3a9b2339d0d6/screenshot [39m[32m200[39m [90m583 ms - 474726[39m
[35m[HTTP][39m [90m[39m
[35m[HTTP][39m [37m-->[39m [37mPOST[39m [37m/wd/hub/session/001f3583-bbca-4f5d-b358-3a9b2339d0d6/context[39m
[35m[HTTP][39m [90m{"name":"NATIVE_APP"}[39m
[35m[HTTP][39m [37m<-- POST /wd/hub/session/001f3583-bbca-4f5d-b358-3a9b2339d0d6/context [39m[32m200[39m [90m1 ms - 14[39m
[35m[HTTP][39m [90m[39m
[35m[HTTP][39m [37m-->[39m [37mDELETE[39m [37m/wd/hub/session/001f3583-bbca-4f5d-b358-3a9b2339d0d6[39m
[35m[HTTP][39m [90m{}[39m
[35m[Appium][39m Removing session 001f3583-bbca-4f5d-b358-3a9b2339d0d6 from our master session list
[35m[ADB][39m com.example.flutter_capstone_6 was successfully uninstalled
[35m[UiAutomator2][39m Restoring hidden api policy to the device default configuration
[35m[HTTP][39m [37m<-- DELETE /wd/hub/session/001f3583-bbca-4f5d-b358-3a9b2339d0d6 [39m[32m200[39m [90m1438 ms - 14[39m
[35m[HTTP][39m [90m[39m
